2017-07-27 15:03:07.777 INFO  [restartedMain] c.s.s.SpringBootSkeletonApplication [StartupInfoLogger.java : 48] - Starting SpringBootSkeletonApplication on LAPTOP-0E5JL9PN with PID 8924 (D:\idea\SpringBootSkeleton\skeleton\target\classes started by songx in D:\idea\SpringBootSkeleton)
2017-07-27 15:03:07.779 INFO  [restartedMain] c.s.s.SpringBootSkeletonApplication [SpringApplication.java : 597] - The following profiles are active: dev
2017-07-27 15:03:31.595 INFO  [restartedMain] c.s.s.SpringBootSkeletonApplication [StartupInfoLogger.java : 57] - Started SpringBootSkeletonApplication in 25.05 seconds (JVM running for 26.666)
2017-07-27 15:09:23.453 INFO  [restartedMain] c.s.s.SpringBootSkeletonApplication [StartupInfoLogger.java : 48] - Starting SpringBootSkeletonApplication on LAPTOP-0E5JL9PN with PID 8424 (D:\idea\SpringBootSkeleton\skeleton\target\classes started by songx in D:\idea\SpringBootSkeleton)
2017-07-27 15:09:23.455 INFO  [restartedMain] c.s.s.SpringBootSkeletonApplication [SpringApplication.java : 597] - The following profiles are active: dev
2017-07-27 15:09:44.657 INFO  [restartedMain] c.s.s.SpringBootSkeletonApplication [StartupInfoLogger.java : 57] - Started SpringBootSkeletonApplication in 22.314 seconds (JVM running for 23.481)
2017-07-27 15:10:51.695 INFO  [http-nio-8080-exec-1] c.s.s.s.f.JWTAuthenticationTokenFilter [JWTAuthenticationTokenFilter.java : 36] - 经过JWTAuthenticationTokenFilter
2017-07-27 15:10:51.703 INFO  [http-nio-8080-exec-1] c.s.s.s.f.JWTAuthenticationTokenFilter [JWTAuthenticationTokenFilter.java : 42] - Token无效
2017-07-27 15:10:51.711 INFO  [http-nio-8080-exec-1] c.s.s.s.f.JWTAuthenticationTokenFilter [JWTAuthenticationTokenFilter.java : 36] - 经过JWTAuthenticationTokenFilter
2017-07-27 15:10:51.711 INFO  [http-nio-8080-exec-1] c.s.s.s.f.JWTAuthenticationTokenFilter [JWTAuthenticationTokenFilter.java : 42] - Token无效
2017-07-27 15:10:51.903 INFO  [http-nio-8080-exec-2] c.s.s.s.f.JWTAuthenticationTokenFilter [JWTAuthenticationTokenFilter.java : 36] - 经过JWTAuthenticationTokenFilter
2017-07-27 15:10:51.904 INFO  [http-nio-8080-exec-2] c.s.s.s.f.JWTAuthenticationTokenFilter [JWTAuthenticationTokenFilter.java : 42] - Token无效
2017-07-27 15:10:51.904 INFO  [http-nio-8080-exec-2] c.s.s.s.f.JWTAuthenticationTokenFilter [JWTAuthenticationTokenFilter.java : 36] - 经过JWTAuthenticationTokenFilter
2017-07-27 15:10:51.905 INFO  [http-nio-8080-exec-2] c.s.s.s.f.JWTAuthenticationTokenFilter [JWTAuthenticationTokenFilter.java : 42] - Token无效
2017-07-27 15:10:58.437 INFO  [http-nio-8080-exec-3] c.s.s.s.f.JWTAuthenticationTokenFilter [JWTAuthenticationTokenFilter.java : 36] - 经过JWTAuthenticationTokenFilter
2017-07-27 15:10:58.438 INFO  [http-nio-8080-exec-3] c.s.s.s.f.JWTAuthenticationTokenFilter [JWTAuthenticationTokenFilter.java : 42] - Token无效
2017-07-27 15:10:58.443 INFO  [http-nio-8080-exec-3] c.s.s.s.e.JWTAuthenticationEntryPoint [JWTAuthenticationEntryPoint.java : 29] - 到达JWTAuthenticationEntryPoint
2017-07-27 15:11:08.759 INFO  [http-nio-8080-exec-7] c.s.s.s.f.JWTAuthenticationTokenFilter [JWTAuthenticationTokenFilter.java : 36] - 经过JWTAuthenticationTokenFilter
2017-07-27 15:11:08.760 INFO  [http-nio-8080-exec-7] c.s.s.s.f.JWTAuthenticationTokenFilter [JWTAuthenticationTokenFilter.java : 42] - Token无效
2017-07-27 15:11:08.761 INFO  [http-nio-8080-exec-7] c.s.s.s.f.JWTAuthenticationTokenFilter [JWTAuthenticationTokenFilter.java : 36] - 经过JWTAuthenticationTokenFilter
2017-07-27 15:11:08.761 INFO  [http-nio-8080-exec-7] c.s.s.s.f.JWTAuthenticationTokenFilter [JWTAuthenticationTokenFilter.java : 42] - Token无效
2017-07-27 15:11:08.789 INFO  [http-nio-8080-exec-7] c.s.skeleton.aop.LoggingAspect [LoggingAspect.java : 22] - The method [ ModelAndView org.springframework.boot.autoconfigure.web.BasicErrorController.errorHtml(HttpServletRequest,HttpServletResponse) ] begins with Parameters: [org.apache.catalina.core.ApplicationHttpRequest@1d1819f3, org.apache.catalina.connector.ResponseFacade@5e7ccdf2]
2017-07-27 15:11:08.796 INFO  [http-nio-8080-exec-7] c.s.skeleton.aop.LoggingAspect [LoggingAspect.java : 27] - The method [ ModelAndView org.springframework.boot.autoconfigure.web.BasicErrorController.errorHtml(HttpServletRequest,HttpServletResponse) ] ends with Result: ModelAndView: reference to view with name 'error'; model is {timestamp=Thu Jul 27 15:11:08 CST 2017, status=404, error=Not Found, message=No message available, path=/ws.html}
2017-07-27 15:11:27.160 INFO  [http-nio-8080-exec-10] c.s.s.s.f.JWTAuthenticationTokenFilter [JWTAuthenticationTokenFilter.java : 36] - 经过JWTAuthenticationTokenFilter
2017-07-27 15:11:27.161 INFO  [http-nio-8080-exec-10] c.s.s.s.f.JWTAuthenticationTokenFilter [JWTAuthenticationTokenFilter.java : 42] - Token无效
2017-07-27 15:11:27.161 INFO  [http-nio-8080-exec-10] c.s.s.s.f.JWTAuthenticationTokenFilter [JWTAuthenticationTokenFilter.java : 36] - 经过JWTAuthenticationTokenFilter
2017-07-27 15:11:27.162 INFO  [http-nio-8080-exec-10] c.s.s.s.f.JWTAuthenticationTokenFilter [JWTAuthenticationTokenFilter.java : 42] - Token无效
2017-07-27 15:11:27.166 INFO  [http-nio-8080-exec-10] c.s.skeleton.aop.LoggingAspect [LoggingAspect.java : 22] - The method [ ModelAndView org.springframework.boot.autoconfigure.web.BasicErrorController.errorHtml(HttpServletRequest,HttpServletResponse) ] begins with Parameters: [org.apache.catalina.core.ApplicationHttpRequest@123b72cd, org.apache.catalina.connector.ResponseFacade@5e7ccdf2]
2017-07-27 15:11:27.173 INFO  [http-nio-8080-exec-10] c.s.skeleton.aop.LoggingAspect [LoggingAspect.java : 27] - The method [ ModelAndView org.springframework.boot.autoconfigure.web.BasicErrorController.errorHtml(HttpServletRequest,HttpServletResponse) ] ends with Result: ModelAndView: reference to view with name 'error'; model is {timestamp=Thu Jul 27 15:11:27 CST 2017, status=404, error=Not Found, message=No message available, path=/activation.html}
2017-07-27 15:11:36.129 INFO  [http-nio-8080-exec-12] c.s.s.s.f.JWTAuthenticationTokenFilter [JWTAuthenticationTokenFilter.java : 36] - 经过JWTAuthenticationTokenFilter
2017-07-27 15:11:36.130 INFO  [http-nio-8080-exec-12] c.s.s.s.f.JWTAuthenticationTokenFilter [JWTAuthenticationTokenFilter.java : 42] - Token无效
2017-07-27 15:11:36.130 INFO  [http-nio-8080-exec-12] c.s.s.s.f.JWTAuthenticationTokenFilter [JWTAuthenticationTokenFilter.java : 36] - 经过JWTAuthenticationTokenFilter
2017-07-27 15:11:36.132 INFO  [http-nio-8080-exec-12] c.s.s.s.f.JWTAuthenticationTokenFilter [JWTAuthenticationTokenFilter.java : 42] - Token无效
2017-07-27 15:11:36.136 INFO  [http-nio-8080-exec-12] c.s.skeleton.aop.LoggingAspect [LoggingAspect.java : 22] - The method [ ModelAndView org.springframework.boot.autoconfigure.web.BasicErrorController.errorHtml(HttpServletRequest,HttpServletResponse) ] begins with Parameters: [org.apache.catalina.core.ApplicationHttpRequest@4e357ea0, org.apache.catalina.connector.ResponseFacade@5e7ccdf2]
2017-07-27 15:11:36.143 INFO  [http-nio-8080-exec-12] c.s.skeleton.aop.LoggingAspect [LoggingAspect.java : 27] - The method [ ModelAndView org.springframework.boot.autoconfigure.web.BasicErrorController.errorHtml(HttpServletRequest,HttpServletResponse) ] ends with Result: ModelAndView: reference to view with name 'error'; model is {timestamp=Thu Jul 27 15:11:36 CST 2017, status=404, error=Not Found, message=No message available, path=/activation.html}
2017-07-27 15:11:51.186 INFO  [restartedMain] c.s.s.SpringBootSkeletonApplication [StartupInfoLogger.java : 48] - Starting SpringBootSkeletonApplication on LAPTOP-0E5JL9PN with PID 8424 (D:\idea\SpringBootSkeleton\skeleton\target\classes started by songx in D:\idea\SpringBootSkeleton)
2017-07-27 15:11:51.187 INFO  [restartedMain] c.s.s.SpringBootSkeletonApplication [SpringApplication.java : 597] - The following profiles are active: dev
2017-07-27 15:12:05.983 INFO  [restartedMain] c.s.s.SpringBootSkeletonApplication [StartupInfoLogger.java : 57] - Started SpringBootSkeletonApplication in 14.926 seconds (JVM running for 164.807)
2017-07-27 15:12:29.704 INFO  [http-nio-8080-exec-1] c.s.s.s.f.JWTAuthenticationTokenFilter [JWTAuthenticationTokenFilter.java : 36] - 经过JWTAuthenticationTokenFilter
2017-07-27 15:12:29.710 INFO  [http-nio-8080-exec-1] c.s.s.s.f.JWTAuthenticationTokenFilter [JWTAuthenticationTokenFilter.java : 42] - Token无效
2017-07-27 15:12:29.711 INFO  [http-nio-8080-exec-1] c.s.s.s.e.JWTAuthenticationEntryPoint [JWTAuthenticationEntryPoint.java : 29] - 到达JWTAuthenticationEntryPoint
2017-07-27 15:13:36.067 INFO  [http-nio-8080-exec-3] c.s.s.s.f.JWTAuthenticationTokenFilter [JWTAuthenticationTokenFilter.java : 36] - 经过JWTAuthenticationTokenFilter
2017-07-27 15:13:36.068 INFO  [http-nio-8080-exec-3] c.s.s.s.f.JWTAuthenticationTokenFilter [JWTAuthenticationTokenFilter.java : 42] - Token无效
2017-07-27 15:13:36.069 INFO  [http-nio-8080-exec-3] c.s.s.s.f.JWTAuthenticationTokenFilter [JWTAuthenticationTokenFilter.java : 36] - 经过JWTAuthenticationTokenFilter
2017-07-27 15:13:36.070 INFO  [http-nio-8080-exec-3] c.s.s.s.f.JWTAuthenticationTokenFilter [JWTAuthenticationTokenFilter.java : 42] - Token无效
2017-07-27 15:13:43.235 INFO  [http-nio-8080-exec-4] c.s.s.s.f.JWTAuthenticationTokenFilter [JWTAuthenticationTokenFilter.java : 36] - 经过JWTAuthenticationTokenFilter
2017-07-27 15:13:43.236 INFO  [http-nio-8080-exec-4] c.s.s.s.f.JWTAuthenticationTokenFilter [JWTAuthenticationTokenFilter.java : 42] - Token无效
2017-07-27 15:13:43.237 INFO  [http-nio-8080-exec-4] c.s.s.s.f.JWTAuthenticationTokenFilter [JWTAuthenticationTokenFilter.java : 36] - 经过JWTAuthenticationTokenFilter
2017-07-27 15:13:43.238 INFO  [http-nio-8080-exec-4] c.s.s.s.f.JWTAuthenticationTokenFilter [JWTAuthenticationTokenFilter.java : 42] - Token无效
2017-07-27 15:13:43.243 INFO  [http-nio-8080-exec-4] c.s.skeleton.aop.LoggingAspect [LoggingAspect.java : 22] - The method [ ModelAndView org.springframework.boot.autoconfigure.web.BasicErrorController.errorHtml(HttpServletRequest,HttpServletResponse) ] begins with Parameters: [org.apache.catalina.core.ApplicationHttpRequest@300dd527, org.apache.catalina.connector.ResponseFacade@3eca2d56]
2017-07-27 15:13:43.251 INFO  [http-nio-8080-exec-4] c.s.skeleton.aop.LoggingAspect [LoggingAspect.java : 27] - The method [ ModelAndView org.springframework.boot.autoconfigure.web.BasicErrorController.errorHtml(HttpServletRequest,HttpServletResponse) ] ends with Result: ModelAndView: reference to view with name 'error'; model is {timestamp=Thu Jul 27 15:13:43 CST 2017, status=404, error=Not Found, message=No message available, path=/templates/ws.html}
2017-07-27 15:13:47.587 INFO  [http-nio-8080-exec-5] c.s.s.s.f.JWTAuthenticationTokenFilter [JWTAuthenticationTokenFilter.java : 36] - 经过JWTAuthenticationTokenFilter
2017-07-27 15:13:47.588 INFO  [http-nio-8080-exec-5] c.s.s.s.f.JWTAuthenticationTokenFilter [JWTAuthenticationTokenFilter.java : 42] - Token无效
2017-07-27 15:13:47.589 INFO  [http-nio-8080-exec-5] c.s.s.s.f.JWTAuthenticationTokenFilter [JWTAuthenticationTokenFilter.java : 36] - 经过JWTAuthenticationTokenFilter
2017-07-27 15:13:47.590 INFO  [http-nio-8080-exec-5] c.s.s.s.f.JWTAuthenticationTokenFilter [JWTAuthenticationTokenFilter.java : 42] - Token无效
2017-07-27 15:13:47.594 INFO  [http-nio-8080-exec-5] c.s.skeleton.aop.LoggingAspect [LoggingAspect.java : 22] - The method [ ModelAndView org.springframework.boot.autoconfigure.web.BasicErrorController.errorHtml(HttpServletRequest,HttpServletResponse) ] begins with Parameters: [org.apache.catalina.core.ApplicationHttpRequest@58c5cc02, org.apache.catalina.connector.ResponseFacade@3eca2d56]
2017-07-27 15:13:47.601 INFO  [http-nio-8080-exec-5] c.s.skeleton.aop.LoggingAspect [LoggingAspect.java : 27] - The method [ ModelAndView org.springframework.boot.autoconfigure.web.BasicErrorController.errorHtml(HttpServletRequest,HttpServletResponse) ] ends with Result: ModelAndView: reference to view with name 'error'; model is {timestamp=Thu Jul 27 15:13:47 CST 2017, status=404, error=Not Found, message=No message available, path=/ws.html}
2017-07-27 15:13:53.682 INFO  [http-nio-8080-exec-6] c.s.s.s.f.JWTAuthenticationTokenFilter [JWTAuthenticationTokenFilter.java : 36] - 经过JWTAuthenticationTokenFilter
2017-07-27 15:13:53.682 INFO  [http-nio-8080-exec-6] c.s.s.s.f.JWTAuthenticationTokenFilter [JWTAuthenticationTokenFilter.java : 42] - Token无效
2017-07-27 15:13:53.683 INFO  [http-nio-8080-exec-6] c.s.s.s.f.JWTAuthenticationTokenFilter [JWTAuthenticationTokenFilter.java : 36] - 经过JWTAuthenticationTokenFilter
2017-07-27 15:13:53.684 INFO  [http-nio-8080-exec-6] c.s.s.s.f.JWTAuthenticationTokenFilter [JWTAuthenticationTokenFilter.java : 42] - Token无效
2017-07-27 15:13:53.688 INFO  [http-nio-8080-exec-6] c.s.skeleton.aop.LoggingAspect [LoggingAspect.java : 22] - The method [ ModelAndView org.springframework.boot.autoconfigure.web.BasicErrorController.errorHtml(HttpServletRequest,HttpServletResponse) ] begins with Parameters: [org.apache.catalina.core.ApplicationHttpRequest@21df64ec, org.apache.catalina.connector.ResponseFacade@3eca2d56]
2017-07-27 15:13:53.694 INFO  [http-nio-8080-exec-6] c.s.skeleton.aop.LoggingAspect [LoggingAspect.java : 27] - The method [ ModelAndView org.springframework.boot.autoconfigure.web.BasicErrorController.errorHtml(HttpServletRequest,HttpServletResponse) ] ends with Result: ModelAndView: reference to view with name 'error'; model is {timestamp=Thu Jul 27 15:13:53 CST 2017, status=404, error=Not Found, message=No message available, path=/index.html}
2017-07-27 15:14:07.217 INFO  [http-nio-8080-exec-7] c.s.s.s.f.JWTAuthenticationTokenFilter [JWTAuthenticationTokenFilter.java : 36] - 经过JWTAuthenticationTokenFilter
2017-07-27 15:14:07.218 INFO  [http-nio-8080-exec-7] c.s.s.s.f.JWTAuthenticationTokenFilter [JWTAuthenticationTokenFilter.java : 42] - Token无效
2017-07-27 15:14:07.218 INFO  [http-nio-8080-exec-7] c.s.s.s.f.JWTAuthenticationTokenFilter [JWTAuthenticationTokenFilter.java : 36] - 经过JWTAuthenticationTokenFilter
2017-07-27 15:14:07.219 INFO  [http-nio-8080-exec-7] c.s.s.s.f.JWTAuthenticationTokenFilter [JWTAuthenticationTokenFilter.java : 42] - Token无效
2017-07-27 15:14:23.501 INFO  [restartedMain] c.s.s.SpringBootSkeletonApplication [StartupInfoLogger.java : 48] - Starting SpringBootSkeletonApplication on LAPTOP-0E5JL9PN with PID 8424 (D:\idea\SpringBootSkeleton\skeleton\target\classes started by songx in D:\idea\SpringBootSkeleton)
2017-07-27 15:14:23.501 INFO  [restartedMain] c.s.s.SpringBootSkeletonApplication [SpringApplication.java : 597] - The following profiles are active: dev
2017-07-27 15:14:46.399 INFO  [restartedMain] c.s.s.SpringBootSkeletonApplication [StartupInfoLogger.java : 57] - Started SpringBootSkeletonApplication in 23.01 seconds (JVM running for 325.222)
2017-07-27 15:15:04.740 INFO  [restartedMain] c.s.s.SpringBootSkeletonApplication [StartupInfoLogger.java : 48] - Starting SpringBootSkeletonApplication on LAPTOP-0E5JL9PN with PID 8424 (D:\idea\SpringBootSkeleton\skeleton\target\classes started by songx in D:\idea\SpringBootSkeleton)
2017-07-27 15:15:04.740 INFO  [restartedMain] c.s.s.SpringBootSkeletonApplication [SpringApplication.java : 597] - The following profiles are active: dev
2017-07-27 15:15:18.691 INFO  [restartedMain] c.s.s.SpringBootSkeletonApplication [StartupInfoLogger.java : 57] - Started SpringBootSkeletonApplication in 14.067 seconds (JVM running for 357.515)
2017-07-27 15:16:24.379 INFO  [http-nio-8080-exec-1] c.s.s.s.f.JWTAuthenticationTokenFilter [JWTAuthenticationTokenFilter.java : 36] - 经过JWTAuthenticationTokenFilter
2017-07-27 15:16:24.385 INFO  [http-nio-8080-exec-1] c.s.s.s.f.JWTAuthenticationTokenFilter [JWTAuthenticationTokenFilter.java : 42] - Token无效
2017-07-27 15:16:24.386 INFO  [http-nio-8080-exec-1] c.s.s.s.f.JWTAuthenticationTokenFilter [JWTAuthenticationTokenFilter.java : 36] - 经过JWTAuthenticationTokenFilter
2017-07-27 15:16:24.386 INFO  [http-nio-8080-exec-1] c.s.s.s.f.JWTAuthenticationTokenFilter [JWTAuthenticationTokenFilter.java : 42] - Token无效
2017-07-27 15:16:24.391 INFO  [http-nio-8080-exec-1] c.s.skeleton.aop.LoggingAspect [LoggingAspect.java : 22] - The method [ ModelAndView org.springframework.boot.autoconfigure.web.BasicErrorController.errorHtml(HttpServletRequest,HttpServletResponse) ] begins with Parameters: [org.apache.catalina.core.ApplicationHttpRequest@2ae6cb95, org.apache.catalina.connector.ResponseFacade@6d3422e6]
2017-07-27 15:16:24.398 INFO  [http-nio-8080-exec-1] c.s.skeleton.aop.LoggingAspect [LoggingAspect.java : 27] - The method [ ModelAndView org.springframework.boot.autoconfigure.web.BasicErrorController.errorHtml(HttpServletRequest,HttpServletResponse) ] ends with Result: ModelAndView: reference to view with name 'error'; model is {timestamp=Thu Jul 27 15:16:24 CST 2017, status=404, error=Not Found, message=No message available, path=/ws.html}
2017-07-27 15:17:36.958 INFO  [restartedMain] c.s.s.SpringBootSkeletonApplication [StartupInfoLogger.java : 48] - Starting SpringBootSkeletonApplication on LAPTOP-0E5JL9PN with PID 11704 (D:\idea\SpringBootSkeleton\skeleton\target\classes started by songx in D:\idea\SpringBootSkeleton)
2017-07-27 15:17:36.960 INFO  [restartedMain] c.s.s.SpringBootSkeletonApplication [SpringApplication.java : 597] - The following profiles are active: dev
2017-07-27 15:17:57.058 INFO  [restartedMain] c.s.s.SpringBootSkeletonApplication [StartupInfoLogger.java : 57] - Started SpringBootSkeletonApplication in 21.174 seconds (JVM running for 22.266)
2017-07-27 15:18:01.433 INFO  [http-nio-8080-exec-1] c.s.s.s.f.JWTAuthenticationTokenFilter [JWTAuthenticationTokenFilter.java : 36] - 经过JWTAuthenticationTokenFilter
2017-07-27 15:18:01.439 INFO  [http-nio-8080-exec-1] c.s.s.s.f.JWTAuthenticationTokenFilter [JWTAuthenticationTokenFilter.java : 42] - Token无效
2017-07-27 15:18:01.446 INFO  [http-nio-8080-exec-1] c.s.s.s.e.JWTAuthenticationEntryPoint [JWTAuthenticationEntryPoint.java : 29] - 到达JWTAuthenticationEntryPoint
2017-07-27 15:18:05.993 INFO  [http-nio-8080-exec-2] c.s.s.s.f.JWTAuthenticationTokenFilter [JWTAuthenticationTokenFilter.java : 36] - 经过JWTAuthenticationTokenFilter
2017-07-27 15:18:05.994 INFO  [http-nio-8080-exec-2] c.s.s.s.f.JWTAuthenticationTokenFilter [JWTAuthenticationTokenFilter.java : 42] - Token无效
2017-07-27 15:18:05.999 INFO  [http-nio-8080-exec-2] c.s.s.s.f.JWTAuthenticationTokenFilter [JWTAuthenticationTokenFilter.java : 36] - 经过JWTAuthenticationTokenFilter
2017-07-27 15:18:05.999 INFO  [http-nio-8080-exec-2] c.s.s.s.f.JWTAuthenticationTokenFilter [JWTAuthenticationTokenFilter.java : 42] - Token无效
2017-07-27 15:18:06.037 INFO  [http-nio-8080-exec-2] c.s.skeleton.aop.LoggingAspect [LoggingAspect.java : 22] - The method [ ModelAndView org.springframework.boot.autoconfigure.web.BasicErrorController.errorHtml(HttpServletRequest,HttpServletResponse) ] begins with Parameters: [org.apache.catalina.core.ApplicationHttpRequest@69afb600, org.apache.catalina.connector.ResponseFacade@44a71204]
2017-07-27 15:18:06.045 INFO  [http-nio-8080-exec-2] c.s.skeleton.aop.LoggingAspect [LoggingAspect.java : 27] - The method [ ModelAndView org.springframework.boot.autoconfigure.web.BasicErrorController.errorHtml(HttpServletRequest,HttpServletResponse) ] ends with Result: ModelAndView: reference to view with name 'error'; model is {timestamp=Thu Jul 27 15:18:06 CST 2017, status=404, error=Not Found, message=No message available, path=/activation.html}
2017-07-27 15:18:35.750 INFO  [http-nio-8080-exec-5] c.s.s.s.f.JWTAuthenticationTokenFilter [JWTAuthenticationTokenFilter.java : 36] - 经过JWTAuthenticationTokenFilter
2017-07-27 15:18:35.753 INFO  [http-nio-8080-exec-5] c.s.s.s.f.JWTAuthenticationTokenFilter [JWTAuthenticationTokenFilter.java : 42] - Token无效
2017-07-27 15:18:35.754 INFO  [http-nio-8080-exec-5] c.s.s.s.f.JWTAuthenticationTokenFilter [JWTAuthenticationTokenFilter.java : 36] - 经过JWTAuthenticationTokenFilter
2017-07-27 15:18:35.755 INFO  [http-nio-8080-exec-5] c.s.s.s.f.JWTAuthenticationTokenFilter [JWTAuthenticationTokenFilter.java : 42] - Token无效
2017-07-27 15:18:35.761 INFO  [http-nio-8080-exec-5] c.s.skeleton.aop.LoggingAspect [LoggingAspect.java : 22] - The method [ ModelAndView org.springframework.boot.autoconfigure.web.BasicErrorController.errorHtml(HttpServletRequest,HttpServletResponse) ] begins with Parameters: [org.apache.catalina.core.ApplicationHttpRequest@1d6293f7, org.apache.catalina.connector.ResponseFacade@44a71204]
2017-07-27 15:18:35.768 INFO  [http-nio-8080-exec-5] c.s.skeleton.aop.LoggingAspect [LoggingAspect.java : 27] - The method [ ModelAndView org.springframework.boot.autoconfigure.web.BasicErrorController.errorHtml(HttpServletRequest,HttpServletResponse) ] ends with Result: ModelAndView: reference to view with name 'error'; model is {timestamp=Thu Jul 27 15:18:35 CST 2017, status=404, error=Not Found, message=No message available, path=/activation.html}
2017-07-27 15:20:51.181 INFO  [restartedMain] c.s.s.SpringBootSkeletonApplication [StartupInfoLogger.java : 48] - Starting SpringBootSkeletonApplication on LAPTOP-0E5JL9PN with PID 5100 (D:\idea\SpringBootSkeleton\skeleton\target\classes started by songx in D:\idea\SpringBootSkeleton)
2017-07-27 15:20:51.183 INFO  [restartedMain] c.s.s.SpringBootSkeletonApplication [SpringApplication.java : 597] - The following profiles are active: dev
2017-07-27 15:21:11.872 INFO  [restartedMain] c.s.s.SpringBootSkeletonApplication [StartupInfoLogger.java : 57] - Started SpringBootSkeletonApplication in 21.334 seconds (JVM running for 22.51)
2017-07-27 15:21:53.910 INFO  [http-nio-8080-exec-2] c.s.s.s.f.JWTAuthenticationTokenFilter [JWTAuthenticationTokenFilter.java : 36] - 经过JWTAuthenticationTokenFilter
2017-07-27 15:21:53.915 INFO  [http-nio-8080-exec-2] c.s.s.s.f.JWTAuthenticationTokenFilter [JWTAuthenticationTokenFilter.java : 42] - Token无效
2017-07-27 15:21:53.923 INFO  [http-nio-8080-exec-2] c.s.s.s.f.JWTAuthenticationTokenFilter [JWTAuthenticationTokenFilter.java : 36] - 经过JWTAuthenticationTokenFilter
2017-07-27 15:21:53.924 INFO  [http-nio-8080-exec-2] c.s.s.s.f.JWTAuthenticationTokenFilter [JWTAuthenticationTokenFilter.java : 42] - Token无效
2017-07-27 15:21:59.917 INFO  [http-nio-8080-exec-3] c.s.s.s.f.JWTAuthenticationTokenFilter [JWTAuthenticationTokenFilter.java : 36] - 经过JWTAuthenticationTokenFilter
2017-07-27 15:21:59.918 INFO  [http-nio-8080-exec-3] c.s.s.s.f.JWTAuthenticationTokenFilter [JWTAuthenticationTokenFilter.java : 42] - Token无效
2017-07-27 15:21:59.919 INFO  [http-nio-8080-exec-3] c.s.s.s.f.JWTAuthenticationTokenFilter [JWTAuthenticationTokenFilter.java : 36] - 经过JWTAuthenticationTokenFilter
2017-07-27 15:21:59.920 INFO  [http-nio-8080-exec-3] c.s.s.s.f.JWTAuthenticationTokenFilter [JWTAuthenticationTokenFilter.java : 42] - Token无效
2017-07-27 15:22:44.576 INFO  [http-nio-8080-exec-4] c.s.s.s.f.JWTAuthenticationTokenFilter [JWTAuthenticationTokenFilter.java : 36] - 经过JWTAuthenticationTokenFilter
2017-07-27 15:22:44.577 INFO  [http-nio-8080-exec-4] c.s.s.s.f.JWTAuthenticationTokenFilter [JWTAuthenticationTokenFilter.java : 42] - Token无效
2017-07-27 15:22:44.577 INFO  [http-nio-8080-exec-4] c.s.s.s.f.JWTAuthenticationTokenFilter [JWTAuthenticationTokenFilter.java : 36] - 经过JWTAuthenticationTokenFilter
2017-07-27 15:22:44.578 INFO  [http-nio-8080-exec-4] c.s.s.s.f.JWTAuthenticationTokenFilter [JWTAuthenticationTokenFilter.java : 42] - Token无效
2017-07-27 15:22:48.929 INFO  [http-nio-8080-exec-6] c.s.s.s.f.JWTAuthenticationTokenFilter [JWTAuthenticationTokenFilter.java : 36] - 经过JWTAuthenticationTokenFilter
2017-07-27 15:22:48.931 INFO  [http-nio-8080-exec-6] c.s.s.s.f.JWTAuthenticationTokenFilter [JWTAuthenticationTokenFilter.java : 42] - Token无效
2017-07-27 15:22:48.934 INFO  [http-nio-8080-exec-6] c.s.s.s.f.JWTAuthenticationTokenFilter [JWTAuthenticationTokenFilter.java : 36] - 经过JWTAuthenticationTokenFilter
2017-07-27 15:22:48.936 INFO  [http-nio-8080-exec-6] c.s.s.s.f.JWTAuthenticationTokenFilter [JWTAuthenticationTokenFilter.java : 42] - Token无效
2017-07-27 15:23:58.523 INFO  [http-nio-8080-exec-8] c.s.s.s.f.JWTAuthenticationTokenFilter [JWTAuthenticationTokenFilter.java : 36] - 经过JWTAuthenticationTokenFilter
2017-07-27 15:23:58.526 INFO  [http-nio-8080-exec-8] c.s.s.s.f.JWTAuthenticationTokenFilter [JWTAuthenticationTokenFilter.java : 42] - Token无效
2017-07-27 15:23:58.528 INFO  [http-nio-8080-exec-8] c.s.s.s.f.JWTAuthenticationTokenFilter [JWTAuthenticationTokenFilter.java : 36] - 经过JWTAuthenticationTokenFilter
2017-07-27 15:23:58.530 INFO  [http-nio-8080-exec-8] c.s.s.s.f.JWTAuthenticationTokenFilter [JWTAuthenticationTokenFilter.java : 42] - Token无效
2017-07-27 15:24:07.020 INFO  [http-nio-8080-exec-9] c.s.s.s.f.JWTAuthenticationTokenFilter [JWTAuthenticationTokenFilter.java : 36] - 经过JWTAuthenticationTokenFilter
2017-07-27 15:24:07.023 INFO  [http-nio-8080-exec-9] c.s.s.s.f.JWTAuthenticationTokenFilter [JWTAuthenticationTokenFilter.java : 42] - Token无效
2017-07-27 15:24:07.025 INFO  [http-nio-8080-exec-9] c.s.s.s.f.JWTAuthenticationTokenFilter [JWTAuthenticationTokenFilter.java : 36] - 经过JWTAuthenticationTokenFilter
2017-07-27 15:24:07.027 INFO  [http-nio-8080-exec-9] c.s.s.s.f.JWTAuthenticationTokenFilter [JWTAuthenticationTokenFilter.java : 42] - Token无效
2017-07-27 15:24:07.855 INFO  [http-nio-8080-exec-11] c.s.s.s.f.JWTAuthenticationTokenFilter [JWTAuthenticationTokenFilter.java : 36] - 经过JWTAuthenticationTokenFilter
2017-07-27 15:24:07.856 INFO  [http-nio-8080-exec-11] c.s.s.s.f.JWTAuthenticationTokenFilter [JWTAuthenticationTokenFilter.java : 42] - Token无效
2017-07-27 15:24:07.858 INFO  [http-nio-8080-exec-11] c.s.s.s.f.JWTAuthenticationTokenFilter [JWTAuthenticationTokenFilter.java : 36] - 经过JWTAuthenticationTokenFilter
2017-07-27 15:24:07.860 INFO  [http-nio-8080-exec-11] c.s.s.s.f.JWTAuthenticationTokenFilter [JWTAuthenticationTokenFilter.java : 42] - Token无效
2017-07-27 15:24:08.331 INFO  [http-nio-8080-exec-12] c.s.s.s.f.JWTAuthenticationTokenFilter [JWTAuthenticationTokenFilter.java : 36] - 经过JWTAuthenticationTokenFilter
2017-07-27 15:24:08.333 INFO  [http-nio-8080-exec-12] c.s.s.s.f.JWTAuthenticationTokenFilter [JWTAuthenticationTokenFilter.java : 42] - Token无效
2017-07-27 15:24:08.335 INFO  [http-nio-8080-exec-12] c.s.s.s.f.JWTAuthenticationTokenFilter [JWTAuthenticationTokenFilter.java : 36] - 经过JWTAuthenticationTokenFilter
2017-07-27 15:24:08.337 INFO  [http-nio-8080-exec-12] c.s.s.s.f.JWTAuthenticationTokenFilter [JWTAuthenticationTokenFilter.java : 42] - Token无效
2017-07-27 15:24:08.779 INFO  [http-nio-8080-exec-10] c.s.s.s.f.JWTAuthenticationTokenFilter [JWTAuthenticationTokenFilter.java : 36] - 经过JWTAuthenticationTokenFilter
2017-07-27 15:24:08.781 INFO  [http-nio-8080-exec-10] c.s.s.s.f.JWTAuthenticationTokenFilter [JWTAuthenticationTokenFilter.java : 42] - Token无效
2017-07-27 15:24:08.784 INFO  [http-nio-8080-exec-10] c.s.s.s.f.JWTAuthenticationTokenFilter [JWTAuthenticationTokenFilter.java : 36] - 经过JWTAuthenticationTokenFilter
2017-07-27 15:24:08.786 INFO  [http-nio-8080-exec-10] c.s.s.s.f.JWTAuthenticationTokenFilter [JWTAuthenticationTokenFilter.java : 42] - Token无效
2017-07-27 15:24:59.997 INFO  [restartedMain] c.s.s.SpringBootSkeletonApplication [StartupInfoLogger.java : 48] - Starting SpringBootSkeletonApplication on LAPTOP-0E5JL9PN with PID 11948 (D:\idea\SpringBootSkeleton\skeleton\target\classes started by songx in D:\idea\SpringBootSkeleton)
2017-07-27 15:24:59.999 INFO  [restartedMain] c.s.s.SpringBootSkeletonApplication [SpringApplication.java : 597] - The following profiles are active: dev
2017-07-27 15:25:21.717 INFO  [restartedMain] c.s.s.SpringBootSkeletonApplication [StartupInfoLogger.java : 57] - Started SpringBootSkeletonApplication in 22.777 seconds (JVM running for 23.936)
2017-07-27 15:26:57.229 INFO  [http-nio-8080-exec-1] c.s.s.s.f.JWTAuthenticationTokenFilter [JWTAuthenticationTokenFilter.java : 36] - 经过JWTAuthenticationTokenFilter
2017-07-27 15:26:57.235 INFO  [http-nio-8080-exec-1] c.s.s.s.f.JWTAuthenticationTokenFilter [JWTAuthenticationTokenFilter.java : 42] - Token无效
2017-07-27 15:26:57.242 INFO  [http-nio-8080-exec-1] c.s.s.s.f.JWTAuthenticationTokenFilter [JWTAuthenticationTokenFilter.java : 36] - 经过JWTAuthenticationTokenFilter
2017-07-27 15:26:57.243 INFO  [http-nio-8080-exec-1] c.s.s.s.f.JWTAuthenticationTokenFilter [JWTAuthenticationTokenFilter.java : 42] - Token无效
2017-07-27 15:27:52.707 INFO  [restartedMain] c.s.s.SpringBootSkeletonApplication [StartupInfoLogger.java : 48] - Starting SpringBootSkeletonApplication on LAPTOP-0E5JL9PN with PID 11948 (D:\idea\SpringBootSkeleton\skeleton\target\classes started by songx in D:\idea\SpringBootSkeleton)
2017-07-27 15:27:52.708 INFO  [restartedMain] c.s.s.SpringBootSkeletonApplication [SpringApplication.java : 597] - The following profiles are active: dev
2017-07-27 15:28:11.702 INFO  [restartedMain] c.s.s.SpringBootSkeletonApplication [StartupInfoLogger.java : 57] - Started SpringBootSkeletonApplication in 19.151 seconds (JVM running for 193.921)
2017-07-27 15:30:12.254 INFO  [restartedMain] c.s.s.SpringBootSkeletonApplication [StartupInfoLogger.java : 48] - Starting SpringBootSkeletonApplication on LAPTOP-0E5JL9PN with PID 8436 (D:\idea\SpringBootSkeleton\skeleton\target\classes started by songx in D:\idea\SpringBootSkeleton)
2017-07-27 15:30:12.256 INFO  [restartedMain] c.s.s.SpringBootSkeletonApplication [SpringApplication.java : 597] - The following profiles are active: dev
2017-07-27 15:30:31.961 INFO  [restartedMain] c.s.s.SpringBootSkeletonApplication [StartupInfoLogger.java : 57] - Started SpringBootSkeletonApplication in 20.862 seconds (JVM running for 22.201)
2017-07-27 15:30:59.618 INFO  [http-nio-8080-exec-2] c.s.s.s.f.JWTAuthenticationTokenFilter [JWTAuthenticationTokenFilter.java : 36] - 经过JWTAuthenticationTokenFilter
2017-07-27 15:30:59.624 INFO  [http-nio-8080-exec-2] c.s.s.s.f.JWTAuthenticationTokenFilter [JWTAuthenticationTokenFilter.java : 42] - Token无效
2017-07-27 15:30:59.632 INFO  [http-nio-8080-exec-2] c.s.s.s.f.JWTAuthenticationTokenFilter [JWTAuthenticationTokenFilter.java : 36] - 经过JWTAuthenticationTokenFilter
2017-07-27 15:30:59.633 INFO  [http-nio-8080-exec-2] c.s.s.s.f.JWTAuthenticationTokenFilter [JWTAuthenticationTokenFilter.java : 42] - Token无效
2017-07-27 15:30:59.666 INFO  [http-nio-8080-exec-2] c.s.skeleton.aop.LoggingAspect [LoggingAspect.java : 22] - The method [ ModelAndView org.springframework.boot.autoconfigure.web.BasicErrorController.errorHtml(HttpServletRequest,HttpServletResponse) ] begins with Parameters: [org.apache.catalina.core.ApplicationHttpRequest@7afc79, org.apache.catalina.connector.ResponseFacade@38814581]
2017-07-27 15:30:59.673 INFO  [http-nio-8080-exec-2] c.s.skeleton.aop.LoggingAspect [LoggingAspect.java : 27] - The method [ ModelAndView org.springframework.boot.autoconfigure.web.BasicErrorController.errorHtml(HttpServletRequest,HttpServletResponse) ] ends with Result: ModelAndView: reference to view with name 'error'; model is {timestamp=Thu Jul 27 15:30:59 CST 2017, status=404, error=Not Found, message=No message available, path=/ws.html}
2017-07-27 15:31:04.992 INFO  [http-nio-8080-exec-1] c.s.s.s.f.JWTAuthenticationTokenFilter [JWTAuthenticationTokenFilter.java : 36] - 经过JWTAuthenticationTokenFilter
2017-07-27 15:31:04.995 INFO  [http-nio-8080-exec-1] c.s.s.s.f.JWTAuthenticationTokenFilter [JWTAuthenticationTokenFilter.java : 42] - Token无效
2017-07-27 15:31:04.997 INFO  [http-nio-8080-exec-1] c.s.s.s.f.JWTAuthenticationTokenFilter [JWTAuthenticationTokenFilter.java : 36] - 经过JWTAuthenticationTokenFilter
2017-07-27 15:31:05.000 INFO  [http-nio-8080-exec-1] c.s.s.s.f.JWTAuthenticationTokenFilter [JWTAuthenticationTokenFilter.java : 42] - Token无效
2017-07-27 15:31:05.009 INFO  [http-nio-8080-exec-1] c.s.skeleton.aop.LoggingAspect [LoggingAspect.java : 22] - The method [ ModelAndView org.springframework.boot.autoconfigure.web.BasicErrorController.errorHtml(HttpServletRequest,HttpServletResponse) ] begins with Parameters: [org.apache.catalina.core.ApplicationHttpRequest@22f428de, org.apache.catalina.connector.ResponseFacade@38814581]
2017-07-27 15:31:05.021 INFO  [http-nio-8080-exec-1] c.s.skeleton.aop.LoggingAspect [LoggingAspect.java : 27] - The method [ ModelAndView org.springframework.boot.autoconfigure.web.BasicErrorController.errorHtml(HttpServletRequest,HttpServletResponse) ] ends with Result: ModelAndView: reference to view with name 'error'; model is {timestamp=Thu Jul 27 15:31:05 CST 2017, status=404, error=Not Found, message=No message available, path=/ws.html}
2017-07-27 15:31:23.316 INFO  [http-nio-8080-exec-3] c.s.s.s.f.JWTAuthenticationTokenFilter [JWTAuthenticationTokenFilter.java : 36] - 经过JWTAuthenticationTokenFilter
2017-07-27 15:31:23.318 INFO  [http-nio-8080-exec-3] c.s.s.s.f.JWTAuthenticationTokenFilter [JWTAuthenticationTokenFilter.java : 42] - Token无效
2017-07-27 15:31:23.321 INFO  [http-nio-8080-exec-3] c.s.s.s.e.JWTAuthenticationEntryPoint [JWTAuthenticationEntryPoint.java : 29] - 到达JWTAuthenticationEntryPoint
2017-07-27 15:32:07.618 INFO  [restartedMain] c.s.s.SpringBootSkeletonApplication [StartupInfoLogger.java : 48] - Starting SpringBootSkeletonApplication on LAPTOP-0E5JL9PN with PID 8436 (D:\idea\SpringBootSkeleton\skeleton\target\classes started by songx in D:\idea\SpringBootSkeleton)
2017-07-27 15:32:07.618 INFO  [restartedMain] c.s.s.SpringBootSkeletonApplication [SpringApplication.java : 597] - The following profiles are active: dev
2017-07-27 15:32:35.231 INFO  [restartedMain] c.s.s.SpringBootSkeletonApplication [StartupInfoLogger.java : 48] - Starting SpringBootSkeletonApplication on LAPTOP-0E5JL9PN with PID 9112 (D:\idea\SpringBootSkeleton\skeleton\target\classes started by songx in D:\idea\SpringBootSkeleton)
2017-07-27 15:32:35.233 INFO  [restartedMain] c.s.s.SpringBootSkeletonApplication [SpringApplication.java : 597] - The following profiles are active: dev
2017-07-27 15:32:55.856 INFO  [restartedMain] c.s.s.SpringBootSkeletonApplication [StartupInfoLogger.java : 57] - Started SpringBootSkeletonApplication in 21.311 seconds (JVM running for 22.38)
2017-07-27 15:33:14.099 INFO  [http-nio-8080-exec-1] c.s.s.s.f.JWTAuthenticationTokenFilter [JWTAuthenticationTokenFilter.java : 36] - 经过JWTAuthenticationTokenFilter
2017-07-27 15:33:14.105 INFO  [http-nio-8080-exec-1] c.s.s.s.f.JWTAuthenticationTokenFilter [JWTAuthenticationTokenFilter.java : 42] - Token无效
2017-07-27 15:33:14.112 INFO  [http-nio-8080-exec-1] c.s.s.s.f.JWTAuthenticationTokenFilter [JWTAuthenticationTokenFilter.java : 36] - 经过JWTAuthenticationTokenFilter
2017-07-27 15:33:14.113 INFO  [http-nio-8080-exec-1] c.s.s.s.f.JWTAuthenticationTokenFilter [JWTAuthenticationTokenFilter.java : 42] - Token无效
2017-07-27 15:33:14.360 INFO  [http-nio-8080-exec-3] c.s.s.s.f.JWTAuthenticationTokenFilter [JWTAuthenticationTokenFilter.java : 36] - 经过JWTAuthenticationTokenFilter
2017-07-27 15:33:14.362 INFO  [http-nio-8080-exec-3] c.s.s.s.f.JWTAuthenticationTokenFilter [JWTAuthenticationTokenFilter.java : 42] - Token无效
2017-07-27 15:33:14.362 INFO  [http-nio-8080-exec-2] c.s.s.s.f.JWTAuthenticationTokenFilter [JWTAuthenticationTokenFilter.java : 36] - 经过JWTAuthenticationTokenFilter
2017-07-27 15:33:14.365 INFO  [http-nio-8080-exec-2] c.s.s.s.f.JWTAuthenticationTokenFilter [JWTAuthenticationTokenFilter.java : 42] - Token无效
2017-07-27 15:33:14.364 INFO  [http-nio-8080-exec-3] c.s.s.s.f.JWTAuthenticationTokenFilter [JWTAuthenticationTokenFilter.java : 36] - 经过JWTAuthenticationTokenFilter
2017-07-27 15:33:14.366 INFO  [http-nio-8080-exec-2] c.s.s.s.f.JWTAuthenticationTokenFilter [JWTAuthenticationTokenFilter.java : 36] - 经过JWTAuthenticationTokenFilter
2017-07-27 15:33:14.367 INFO  [http-nio-8080-exec-4] c.s.s.s.f.JWTAuthenticationTokenFilter [JWTAuthenticationTokenFilter.java : 36] - 经过JWTAuthenticationTokenFilter
2017-07-27 15:33:14.366 INFO  [http-nio-8080-exec-3] c.s.s.s.f.JWTAuthenticationTokenFilter [JWTAuthenticationTokenFilter.java : 42] - Token无效
2017-07-27 15:33:14.367 INFO  [http-nio-8080-exec-2] c.s.s.s.f.JWTAuthenticationTokenFilter [JWTAuthenticationTokenFilter.java : 42] - Token无效
2017-07-27 15:33:14.367 INFO  [http-nio-8080-exec-4] c.s.s.s.f.JWTAuthenticationTokenFilter [JWTAuthenticationTokenFilter.java : 42] - Token无效
2017-07-27 15:33:14.369 INFO  [http-nio-8080-exec-4] c.s.s.s.f.JWTAuthenticationTokenFilter [JWTAuthenticationTokenFilter.java : 36] - 经过JWTAuthenticationTokenFilter
2017-07-27 15:33:14.370 INFO  [http-nio-8080-exec-4] c.s.s.s.f.JWTAuthenticationTokenFilter [JWTAuthenticationTokenFilter.java : 42] - Token无效
2017-07-27 15:33:14.401 INFO  [http-nio-8080-exec-4] c.s.skeleton.aop.LoggingAspect [LoggingAspect.java : 22] - The method [ ResponseEntity org.springframework.boot.autoconfigure.web.BasicErrorController.error(HttpServletRequest) ] begins with Parameters: [org.apache.catalina.core.ApplicationHttpRequest@f0018dd]
2017-07-27 15:33:14.401 INFO  [http-nio-8080-exec-2] c.s.skeleton.aop.LoggingAspect [LoggingAspect.java : 22] - The method [ ResponseEntity org.springframework.boot.autoconfigure.web.BasicErrorController.error(HttpServletRequest) ] begins with Parameters: [org.apache.catalina.core.ApplicationHttpRequest@5531d8bd]
2017-07-27 15:33:14.401 INFO  [http-nio-8080-exec-3] c.s.skeleton.aop.LoggingAspect [LoggingAspect.java : 22] - The method [ ResponseEntity org.springframework.boot.autoconfigure.web.BasicErrorController.error(HttpServletRequest) ] begins with Parameters: [org.apache.catalina.core.ApplicationHttpRequest@4958bb6c]
2017-07-27 15:33:14.403 INFO  [http-nio-8080-exec-2] c.s.skeleton.aop.LoggingAspect [LoggingAspect.java : 27] - The method [ ResponseEntity org.springframework.boot.autoconfigure.web.BasicErrorController.error(HttpServletRequest) ] ends with Result: <404 Not Found,{timestamp=Thu Jul 27 15:33:14 CST 2017, status=404, error=Not Found, message=No message available, path=/static/js/sockjs.min.js},{}>
2017-07-27 15:33:14.403 INFO  [http-nio-8080-exec-3] c.s.skeleton.aop.LoggingAspect [LoggingAspect.java : 27] - The method [ ResponseEntity org.springframework.boot.autoconfigure.web.BasicErrorController.error(HttpServletRequest) ] ends with Result: <404 Not Found,{timestamp=Thu Jul 27 15:33:14 CST 2017, status=404, error=Not Found, message=No message available, path=/static/js/stomp.js},{}>
2017-07-27 15:33:14.403 INFO  [http-nio-8080-exec-4] c.s.skeleton.aop.LoggingAspect [LoggingAspect.java : 27] - The method [ ResponseEntity org.springframework.boot.autoconfigure.web.BasicErrorController.error(HttpServletRequest) ] ends with Result: <404 Not Found,{timestamp=Thu Jul 27 15:33:14 CST 2017, status=404, error=Not Found, message=No message available, path=/static/js/jquery-3.1.1.js},{}>
2017-07-27 15:33:14.442 INFO  [http-nio-8080-exec-5] c.s.s.s.f.JWTAuthenticationTokenFilter [JWTAuthenticationTokenFilter.java : 36] - 经过JWTAuthenticationTokenFilter
2017-07-27 15:33:14.443 INFO  [http-nio-8080-exec-5] c.s.s.s.f.JWTAuthenticationTokenFilter [JWTAuthenticationTokenFilter.java : 42] - Token无效
2017-07-27 15:33:14.445 INFO  [http-nio-8080-exec-5] c.s.s.s.f.JWTAuthenticationTokenFilter [JWTAuthenticationTokenFilter.java : 36] - 经过JWTAuthenticationTokenFilter
2017-07-27 15:33:14.445 INFO  [http-nio-8080-exec-5] c.s.s.s.f.JWTAuthenticationTokenFilter [JWTAuthenticationTokenFilter.java : 42] - Token无效
2017-07-27 15:33:14.450 INFO  [http-nio-8080-exec-5] c.s.skeleton.aop.LoggingAspect [LoggingAspect.java : 22] - The method [ ResponseEntity org.springframework.boot.autoconfigure.web.BasicErrorController.error(HttpServletRequest) ] begins with Parameters: [org.apache.catalina.core.ApplicationHttpRequest@224714e1]
2017-07-27 15:33:14.451 INFO  [http-nio-8080-exec-5] c.s.skeleton.aop.LoggingAspect [LoggingAspect.java : 27] - The method [ ResponseEntity org.springframework.boot.autoconfigure.web.BasicErrorController.error(HttpServletRequest) ] ends with Result: <404 Not Found,{timestamp=Thu Jul 27 15:33:14 CST 2017, status=404, error=Not Found, message=No message available, path=/static/js/stomp.js},{}>
2017-07-27 15:33:14.458 INFO  [http-nio-8080-exec-6] c.s.s.s.f.JWTAuthenticationTokenFilter [JWTAuthenticationTokenFilter.java : 36] - 经过JWTAuthenticationTokenFilter
2017-07-27 15:33:14.458 INFO  [http-nio-8080-exec-6] c.s.s.s.f.JWTAuthenticationTokenFilter [JWTAuthenticationTokenFilter.java : 42] - Token无效
2017-07-27 15:33:14.459 INFO  [http-nio-8080-exec-6] c.s.s.s.f.JWTAuthenticationTokenFilter [JWTAuthenticationTokenFilter.java : 36] - 经过JWTAuthenticationTokenFilter
2017-07-27 15:33:14.460 INFO  [http-nio-8080-exec-6] c.s.s.s.f.JWTAuthenticationTokenFilter [JWTAuthenticationTokenFilter.java : 42] - Token无效
2017-07-27 15:33:14.464 INFO  [http-nio-8080-exec-6] c.s.skeleton.aop.LoggingAspect [LoggingAspect.java : 22] - The method [ ResponseEntity org.springframework.boot.autoconfigure.web.BasicErrorController.error(HttpServletRequest) ] begins with Parameters: [org.apache.catalina.core.ApplicationHttpRequest@6de94b6e]
2017-07-27 15:33:14.465 INFO  [http-nio-8080-exec-6] c.s.skeleton.aop.LoggingAspect [LoggingAspect.java : 27] - The method [ ResponseEntity org.springframework.boot.autoconfigure.web.BasicErrorController.error(HttpServletRequest) ] ends with Result: <404 Not Found,{timestamp=Thu Jul 27 15:33:14 CST 2017, status=404, error=Not Found, message=No message available, path=/static/js/jquery-3.1.1.js},{}>
2017-07-27 15:34:09.975 INFO  [restartedMain] c.s.s.SpringBootSkeletonApplication [StartupInfoLogger.java : 48] - Starting SpringBootSkeletonApplication on LAPTOP-0E5JL9PN with PID 10208 (D:\idea\SpringBootSkeleton\skeleton\target\classes started by songx in D:\idea\SpringBootSkeleton)
2017-07-27 15:34:09.977 INFO  [restartedMain] c.s.s.SpringBootSkeletonApplication [SpringApplication.java : 597] - The following profiles are active: dev
2017-07-27 15:34:29.915 INFO  [restartedMain] c.s.s.SpringBootSkeletonApplication [StartupInfoLogger.java : 57] - Started SpringBootSkeletonApplication in 20.951 seconds (JVM running for 21.966)
2017-07-27 15:34:34.548 INFO  [http-nio-8080-exec-1] c.s.s.s.f.JWTAuthenticationTokenFilter [JWTAuthenticationTokenFilter.java : 36] - 经过JWTAuthenticationTokenFilter
2017-07-27 15:34:34.553 INFO  [http-nio-8080-exec-1] c.s.s.s.f.JWTAuthenticationTokenFilter [JWTAuthenticationTokenFilter.java : 42] - Token无效
2017-07-27 15:34:34.561 INFO  [http-nio-8080-exec-1] c.s.s.s.f.JWTAuthenticationTokenFilter [JWTAuthenticationTokenFilter.java : 36] - 经过JWTAuthenticationTokenFilter
2017-07-27 15:34:34.561 INFO  [http-nio-8080-exec-1] c.s.s.s.f.JWTAuthenticationTokenFilter [JWTAuthenticationTokenFilter.java : 42] - Token无效
2017-07-27 15:34:34.793 INFO  [http-nio-8080-exec-1] c.s.s.s.f.JWTAuthenticationTokenFilter [JWTAuthenticationTokenFilter.java : 36] - 经过JWTAuthenticationTokenFilter
2017-07-27 15:34:34.793 INFO  [http-nio-8080-exec-5] c.s.s.s.f.JWTAuthenticationTokenFilter [JWTAuthenticationTokenFilter.java : 36] - 经过JWTAuthenticationTokenFilter
2017-07-27 15:34:34.794 INFO  [http-nio-8080-exec-2] c.s.s.s.f.JWTAuthenticationTokenFilter [JWTAuthenticationTokenFilter.java : 36] - 经过JWTAuthenticationTokenFilter
2017-07-27 15:34:34.794 INFO  [http-nio-8080-exec-1] c.s.s.s.f.JWTAuthenticationTokenFilter [JWTAuthenticationTokenFilter.java : 42] - Token无效
2017-07-27 15:34:34.794 INFO  [http-nio-8080-exec-5] c.s.s.s.f.JWTAuthenticationTokenFilter [JWTAuthenticationTokenFilter.java : 42] - Token无效
2017-07-27 15:34:34.795 INFO  [http-nio-8080-exec-2] c.s.s.s.f.JWTAuthenticationTokenFilter [JWTAuthenticationTokenFilter.java : 42] - Token无效
2017-07-27 15:34:34.795 INFO  [http-nio-8080-exec-1] c.s.s.s.f.JWTAuthenticationTokenFilter [JWTAuthenticationTokenFilter.java : 36] - 经过JWTAuthenticationTokenFilter
2017-07-27 15:34:34.796 INFO  [http-nio-8080-exec-5] c.s.s.s.f.JWTAuthenticationTokenFilter [JWTAuthenticationTokenFilter.java : 36] - 经过JWTAuthenticationTokenFilter
2017-07-27 15:34:34.796 INFO  [http-nio-8080-exec-2] c.s.s.s.f.JWTAuthenticationTokenFilter [JWTAuthenticationTokenFilter.java : 36] - 经过JWTAuthenticationTokenFilter
2017-07-27 15:34:34.796 INFO  [http-nio-8080-exec-1] c.s.s.s.f.JWTAuthenticationTokenFilter [JWTAuthenticationTokenFilter.java : 42] - Token无效
2017-07-27 15:34:34.796 INFO  [http-nio-8080-exec-5] c.s.s.s.f.JWTAuthenticationTokenFilter [JWTAuthenticationTokenFilter.java : 42] - Token无效
2017-07-27 15:34:34.797 INFO  [http-nio-8080-exec-2] c.s.s.s.f.JWTAuthenticationTokenFilter [JWTAuthenticationTokenFilter.java : 42] - Token无效
2017-07-27 15:34:34.838 INFO  [http-nio-8080-exec-5] c.s.skeleton.aop.LoggingAspect [LoggingAspect.java : 22] - The method [ ResponseEntity org.springframework.boot.autoconfigure.web.BasicErrorController.error(HttpServletRequest) ] begins with Parameters: [org.apache.catalina.core.ApplicationHttpRequest@8ee85bb]
2017-07-27 15:34:34.838 INFO  [http-nio-8080-exec-1] c.s.skeleton.aop.LoggingAspect [LoggingAspect.java : 22] - The method [ ResponseEntity org.springframework.boot.autoconfigure.web.BasicErrorController.error(HttpServletRequest) ] begins with Parameters: [org.apache.catalina.core.ApplicationHttpRequest@6e9905db]
2017-07-27 15:34:34.838 INFO  [http-nio-8080-exec-2] c.s.skeleton.aop.LoggingAspect [LoggingAspect.java : 22] - The method [ ResponseEntity org.springframework.boot.autoconfigure.web.BasicErrorController.error(HttpServletRequest) ] begins with Parameters: [org.apache.catalina.core.ApplicationHttpRequest@5530b5e8]
2017-07-27 15:34:34.840 INFO  [http-nio-8080-exec-1] c.s.skeleton.aop.LoggingAspect [LoggingAspect.java : 27] - The method [ ResponseEntity org.springframework.boot.autoconfigure.web.BasicErrorController.error(HttpServletRequest) ] ends with Result: <404 Not Found,{timestamp=Thu Jul 27 15:34:34 CST 2017, status=404, error=Not Found, message=No message available, path=/static/js/stomp.js},{}>
2017-07-27 15:34:34.841 INFO  [http-nio-8080-exec-5] c.s.skeleton.aop.LoggingAspect [LoggingAspect.java : 27] - The method [ ResponseEntity org.springframework.boot.autoconfigure.web.BasicErrorController.error(HttpServletRequest) ] ends with Result: <404 Not Found,{timestamp=Thu Jul 27 15:34:34 CST 2017, status=404, error=Not Found, message=No message available, path=/static/js/jquery-3.1.1.js},{}>
2017-07-27 15:34:34.843 INFO  [http-nio-8080-exec-2] c.s.skeleton.aop.LoggingAspect [LoggingAspect.java : 27] - The method [ ResponseEntity org.springframework.boot.autoconfigure.web.BasicErrorController.error(HttpServletRequest) ] ends with Result: <404 Not Found,{timestamp=Thu Jul 27 15:34:34 CST 2017, status=404, error=Not Found, message=No message available, path=/static/js/sockjs.min.js},{}>
2017-07-27 15:35:28.748 INFO  [restartedMain] c.s.s.SpringBootSkeletonApplication [StartupInfoLogger.java : 48] - Starting SpringBootSkeletonApplication on LAPTOP-0E5JL9PN with PID 3024 (D:\idea\SpringBootSkeleton\skeleton\target\classes started by songx in D:\idea\SpringBootSkeleton)
2017-07-27 15:35:28.749 INFO  [restartedMain] c.s.s.SpringBootSkeletonApplication [SpringApplication.java : 597] - The following profiles are active: dev
2017-07-27 15:35:48.342 INFO  [restartedMain] c.s.s.SpringBootSkeletonApplication [StartupInfoLogger.java : 57] - Started SpringBootSkeletonApplication in 20.674 seconds (JVM running for 21.689)
2017-07-27 15:35:58.659 INFO  [http-nio-8080-exec-1] c.s.s.s.f.JWTAuthenticationTokenFilter [JWTAuthenticationTokenFilter.java : 36] - 经过JWTAuthenticationTokenFilter
2017-07-27 15:35:58.664 INFO  [http-nio-8080-exec-1] c.s.s.s.f.JWTAuthenticationTokenFilter [JWTAuthenticationTokenFilter.java : 42] - Token无效
2017-07-27 15:35:58.671 INFO  [http-nio-8080-exec-1] c.s.s.s.f.JWTAuthenticationTokenFilter [JWTAuthenticationTokenFilter.java : 36] - 经过JWTAuthenticationTokenFilter
2017-07-27 15:35:58.672 INFO  [http-nio-8080-exec-1] c.s.s.s.f.JWTAuthenticationTokenFilter [JWTAuthenticationTokenFilter.java : 42] - Token无效
2017-07-27 15:35:58.906 INFO  [http-nio-8080-exec-2] c.s.s.s.f.JWTAuthenticationTokenFilter [JWTAuthenticationTokenFilter.java : 36] - 经过JWTAuthenticationTokenFilter
2017-07-27 15:35:58.908 INFO  [http-nio-8080-exec-2] c.s.s.s.f.JWTAuthenticationTokenFilter [JWTAuthenticationTokenFilter.java : 42] - Token无效
2017-07-27 15:35:58.909 INFO  [http-nio-8080-exec-2] c.s.s.s.f.JWTAuthenticationTokenFilter [JWTAuthenticationTokenFilter.java : 36] - 经过JWTAuthenticationTokenFilter
2017-07-27 15:35:58.910 INFO  [http-nio-8080-exec-3] c.s.s.s.f.JWTAuthenticationTokenFilter [JWTAuthenticationTokenFilter.java : 36] - 经过JWTAuthenticationTokenFilter
2017-07-27 15:35:58.910 INFO  [http-nio-8080-exec-2] c.s.s.s.f.JWTAuthenticationTokenFilter [JWTAuthenticationTokenFilter.java : 42] - Token无效
2017-07-27 15:35:58.910 INFO  [http-nio-8080-exec-3] c.s.s.s.f.JWTAuthenticationTokenFilter [JWTAuthenticationTokenFilter.java : 42] - Token无效
2017-07-27 15:35:58.911 INFO  [http-nio-8080-exec-3] c.s.s.s.f.JWTAuthenticationTokenFilter [JWTAuthenticationTokenFilter.java : 36] - 经过JWTAuthenticationTokenFilter
2017-07-27 15:35:58.911 INFO  [http-nio-8080-exec-3] c.s.s.s.f.JWTAuthenticationTokenFilter [JWTAuthenticationTokenFilter.java : 42] - Token无效
2017-07-27 15:35:58.910 INFO  [http-nio-8080-exec-4] c.s.s.s.f.JWTAuthenticationTokenFilter [JWTAuthenticationTokenFilter.java : 36] - 经过JWTAuthenticationTokenFilter
2017-07-27 15:35:58.914 INFO  [http-nio-8080-exec-4] c.s.s.s.f.JWTAuthenticationTokenFilter [JWTAuthenticationTokenFilter.java : 42] - Token无效
2017-07-27 15:35:58.915 INFO  [http-nio-8080-exec-4] c.s.s.s.f.JWTAuthenticationTokenFilter [JWTAuthenticationTokenFilter.java : 36] - 经过JWTAuthenticationTokenFilter
2017-07-27 15:35:58.916 INFO  [http-nio-8080-exec-4] c.s.s.s.f.JWTAuthenticationTokenFilter [JWTAuthenticationTokenFilter.java : 42] - Token无效
2017-07-27 15:36:08.012 INFO  [http-nio-8080-exec-6] c.s.s.s.f.JWTAuthenticationTokenFilter [JWTAuthenticationTokenFilter.java : 36] - 经过JWTAuthenticationTokenFilter
2017-07-27 15:36:08.013 INFO  [http-nio-8080-exec-6] c.s.s.s.f.JWTAuthenticationTokenFilter [JWTAuthenticationTokenFilter.java : 42] - Token无效
2017-07-27 15:36:08.015 INFO  [http-nio-8080-exec-6] c.s.s.s.e.JWTAuthenticationEntryPoint [JWTAuthenticationEntryPoint.java : 29] - 到达JWTAuthenticationEntryPoint
2017-07-27 15:36:26.940 INFO  [http-nio-8080-exec-8] c.s.s.s.f.JWTAuthenticationTokenFilter [JWTAuthenticationTokenFilter.java : 36] - 经过JWTAuthenticationTokenFilter
2017-07-27 15:36:26.940 INFO  [http-nio-8080-exec-8] c.s.s.s.f.JWTAuthenticationTokenFilter [JWTAuthenticationTokenFilter.java : 42] - Token无效
2017-07-27 15:36:26.941 INFO  [http-nio-8080-exec-8] c.s.s.s.e.JWTAuthenticationEntryPoint [JWTAuthenticationEntryPoint.java : 29] - 到达JWTAuthenticationEntryPoint
2017-07-27 15:37:13.785 INFO  [restartedMain] c.s.s.SpringBootSkeletonApplication [StartupInfoLogger.java : 48] - Starting SpringBootSkeletonApplication on LAPTOP-0E5JL9PN with PID 3024 (D:\idea\SpringBootSkeleton\skeleton\target\classes started by songx in D:\idea\SpringBootSkeleton)
2017-07-27 15:37:13.785 INFO  [restartedMain] c.s.s.SpringBootSkeletonApplication [SpringApplication.java : 597] - The following profiles are active: dev
2017-07-27 15:37:33.981 INFO  [restartedMain] c.s.s.SpringBootSkeletonApplication [StartupInfoLogger.java : 48] - Starting SpringBootSkeletonApplication on LAPTOP-0E5JL9PN with PID 9588 (D:\idea\SpringBootSkeleton\skeleton\target\classes started by songx in D:\idea\SpringBootSkeleton)
2017-07-27 15:37:33.984 INFO  [restartedMain] c.s.s.SpringBootSkeletonApplication [SpringApplication.java : 597] - The following profiles are active: dev
2017-07-27 15:37:55.166 INFO  [restartedMain] c.s.s.SpringBootSkeletonApplication [StartupInfoLogger.java : 57] - Started SpringBootSkeletonApplication in 22.266 seconds (JVM running for 23.329)
2017-07-27 15:37:59.634 INFO  [http-nio-8080-exec-2] c.s.s.s.f.JWTAuthenticationTokenFilter [JWTAuthenticationTokenFilter.java : 36] - 经过JWTAuthenticationTokenFilter
2017-07-27 15:37:59.639 INFO  [http-nio-8080-exec-2] c.s.s.s.f.JWTAuthenticationTokenFilter [JWTAuthenticationTokenFilter.java : 42] - Token无效
2017-07-27 15:37:59.647 INFO  [http-nio-8080-exec-2] c.s.s.s.f.JWTAuthenticationTokenFilter [JWTAuthenticationTokenFilter.java : 36] - 经过JWTAuthenticationTokenFilter
2017-07-27 15:37:59.647 INFO  [http-nio-8080-exec-2] c.s.s.s.f.JWTAuthenticationTokenFilter [JWTAuthenticationTokenFilter.java : 42] - Token无效
2017-07-27 15:37:59.881 INFO  [http-nio-8080-exec-4] c.s.s.s.f.JWTAuthenticationTokenFilter [JWTAuthenticationTokenFilter.java : 36] - 经过JWTAuthenticationTokenFilter
2017-07-27 15:37:59.881 INFO  [http-nio-8080-exec-3] c.s.s.s.f.JWTAuthenticationTokenFilter [JWTAuthenticationTokenFilter.java : 36] - 经过JWTAuthenticationTokenFilter
2017-07-27 15:37:59.882 INFO  [http-nio-8080-exec-4] c.s.s.s.f.JWTAuthenticationTokenFilter [JWTAuthenticationTokenFilter.java : 42] - Token无效
2017-07-27 15:37:59.882 INFO  [http-nio-8080-exec-1] c.s.s.s.f.JWTAuthenticationTokenFilter [JWTAuthenticationTokenFilter.java : 36] - 经过JWTAuthenticationTokenFilter
2017-07-27 15:37:59.882 INFO  [http-nio-8080-exec-3] c.s.s.s.f.JWTAuthenticationTokenFilter [JWTAuthenticationTokenFilter.java : 42] - Token无效
2017-07-27 15:37:59.883 INFO  [http-nio-8080-exec-4] c.s.s.s.f.JWTAuthenticationTokenFilter [JWTAuthenticationTokenFilter.java : 36] - 经过JWTAuthenticationTokenFilter
2017-07-27 15:37:59.883 INFO  [http-nio-8080-exec-1] c.s.s.s.f.JWTAuthenticationTokenFilter [JWTAuthenticationTokenFilter.java : 42] - Token无效
2017-07-27 15:37:59.884 INFO  [http-nio-8080-exec-3] c.s.s.s.f.JWTAuthenticationTokenFilter [JWTAuthenticationTokenFilter.java : 36] - 经过JWTAuthenticationTokenFilter
2017-07-27 15:37:59.884 INFO  [http-nio-8080-exec-4] c.s.s.s.f.JWTAuthenticationTokenFilter [JWTAuthenticationTokenFilter.java : 42] - Token无效
2017-07-27 15:37:59.884 INFO  [http-nio-8080-exec-3] c.s.s.s.f.JWTAuthenticationTokenFilter [JWTAuthenticationTokenFilter.java : 42] - Token无效
2017-07-27 15:37:59.884 INFO  [http-nio-8080-exec-1] c.s.s.s.f.JWTAuthenticationTokenFilter [JWTAuthenticationTokenFilter.java : 36] - 经过JWTAuthenticationTokenFilter
2017-07-27 15:37:59.886 INFO  [http-nio-8080-exec-1] c.s.s.s.f.JWTAuthenticationTokenFilter [JWTAuthenticationTokenFilter.java : 42] - Token无效
2017-07-27 15:38:01.515 INFO  [http-nio-8080-exec-5] c.s.s.s.f.JWTAuthenticationTokenFilter [JWTAuthenticationTokenFilter.java : 36] - 经过JWTAuthenticationTokenFilter
2017-07-27 15:38:01.515 INFO  [http-nio-8080-exec-5] c.s.s.s.f.JWTAuthenticationTokenFilter [JWTAuthenticationTokenFilter.java : 42] - Token无效
2017-07-27 15:38:01.517 INFO  [http-nio-8080-exec-5] c.s.s.s.f.JWTAuthenticationTokenFilter [JWTAuthenticationTokenFilter.java : 36] - 经过JWTAuthenticationTokenFilter
2017-07-27 15:38:01.517 INFO  [http-nio-8080-exec-5] c.s.s.s.f.JWTAuthenticationTokenFilter [JWTAuthenticationTokenFilter.java : 42] - Token无效
2017-07-27 15:38:01.530 INFO  [http-nio-8080-exec-6] c.s.s.s.f.JWTAuthenticationTokenFilter [JWTAuthenticationTokenFilter.java : 36] - 经过JWTAuthenticationTokenFilter
2017-07-27 15:38:01.531 INFO  [http-nio-8080-exec-6] c.s.s.s.f.JWTAuthenticationTokenFilter [JWTAuthenticationTokenFilter.java : 42] - Token无效
2017-07-27 15:38:01.532 INFO  [http-nio-8080-exec-6] c.s.s.s.f.JWTAuthenticationTokenFilter [JWTAuthenticationTokenFilter.java : 36] - 经过JWTAuthenticationTokenFilter
2017-07-27 15:38:01.532 INFO  [http-nio-8080-exec-6] c.s.s.s.f.JWTAuthenticationTokenFilter [JWTAuthenticationTokenFilter.java : 42] - Token无效
2017-07-27 15:38:36.087 INFO  [http-nio-8080-exec-8] c.s.s.s.f.JWTAuthenticationTokenFilter [JWTAuthenticationTokenFilter.java : 36] - 经过JWTAuthenticationTokenFilter
2017-07-27 15:38:36.088 INFO  [http-nio-8080-exec-8] c.s.s.s.f.JWTAuthenticationTokenFilter [JWTAuthenticationTokenFilter.java : 42] - Token无效
2017-07-27 15:38:36.089 INFO  [http-nio-8080-exec-8] c.s.s.s.f.JWTAuthenticationTokenFilter [JWTAuthenticationTokenFilter.java : 36] - 经过JWTAuthenticationTokenFilter
2017-07-27 15:38:36.089 INFO  [http-nio-8080-exec-8] c.s.s.s.f.JWTAuthenticationTokenFilter [JWTAuthenticationTokenFilter.java : 42] - Token无效
2017-07-27 15:38:36.107 INFO  [http-nio-8080-exec-11] c.s.s.s.f.JWTAuthenticationTokenFilter [JWTAuthenticationTokenFilter.java : 36] - 经过JWTAuthenticationTokenFilter
2017-07-27 15:38:36.107 INFO  [http-nio-8080-exec-11] c.s.s.s.f.JWTAuthenticationTokenFilter [JWTAuthenticationTokenFilter.java : 42] - Token无效
2017-07-27 15:38:36.108 INFO  [http-nio-8080-exec-12] c.s.s.s.f.JWTAuthenticationTokenFilter [JWTAuthenticationTokenFilter.java : 36] - 经过JWTAuthenticationTokenFilter
2017-07-27 15:38:36.108 INFO  [http-nio-8080-exec-11] c.s.s.s.f.JWTAuthenticationTokenFilter [JWTAuthenticationTokenFilter.java : 36] - 经过JWTAuthenticationTokenFilter
2017-07-27 15:38:36.108 INFO  [http-nio-8080-exec-11] c.s.s.s.f.JWTAuthenticationTokenFilter [JWTAuthenticationTokenFilter.java : 42] - Token无效
2017-07-27 15:38:36.108 INFO  [http-nio-8080-exec-12] c.s.s.s.f.JWTAuthenticationTokenFilter [JWTAuthenticationTokenFilter.java : 42] - Token无效
2017-07-27 15:38:36.109 INFO  [http-nio-8080-exec-13] c.s.s.s.f.JWTAuthenticationTokenFilter [JWTAuthenticationTokenFilter.java : 36] - 经过JWTAuthenticationTokenFilter
2017-07-27 15:38:36.109 INFO  [http-nio-8080-exec-12] c.s.s.s.f.JWTAuthenticationTokenFilter [JWTAuthenticationTokenFilter.java : 36] - 经过JWTAuthenticationTokenFilter
2017-07-27 15:38:36.109 INFO  [http-nio-8080-exec-13] c.s.s.s.f.JWTAuthenticationTokenFilter [JWTAuthenticationTokenFilter.java : 42] - Token无效
2017-07-27 15:38:36.110 INFO  [http-nio-8080-exec-12] c.s.s.s.f.JWTAuthenticationTokenFilter [JWTAuthenticationTokenFilter.java : 42] - Token无效
2017-07-27 15:38:36.110 INFO  [http-nio-8080-exec-13] c.s.s.s.f.JWTAuthenticationTokenFilter [JWTAuthenticationTokenFilter.java : 36] - 经过JWTAuthenticationTokenFilter
2017-07-27 15:38:36.110 INFO  [http-nio-8080-exec-13] c.s.s.s.f.JWTAuthenticationTokenFilter [JWTAuthenticationTokenFilter.java : 42] - Token无效
2017-07-27 15:38:37.693 INFO  [http-nio-8080-exec-14] c.s.s.s.f.JWTAuthenticationTokenFilter [JWTAuthenticationTokenFilter.java : 36] - 经过JWTAuthenticationTokenFilter
2017-07-27 15:38:37.693 INFO  [http-nio-8080-exec-14] c.s.s.s.f.JWTAuthenticationTokenFilter [JWTAuthenticationTokenFilter.java : 42] - Token无效
2017-07-27 15:38:37.694 INFO  [http-nio-8080-exec-14] c.s.s.s.f.JWTAuthenticationTokenFilter [JWTAuthenticationTokenFilter.java : 36] - 经过JWTAuthenticationTokenFilter
2017-07-27 15:38:37.694 INFO  [http-nio-8080-exec-14] c.s.s.s.f.JWTAuthenticationTokenFilter [JWTAuthenticationTokenFilter.java : 42] - Token无效
2017-07-27 15:38:37.702 INFO  [http-nio-8080-exec-16] c.s.s.s.f.JWTAuthenticationTokenFilter [JWTAuthenticationTokenFilter.java : 36] - 经过JWTAuthenticationTokenFilter
2017-07-27 15:38:37.703 INFO  [http-nio-8080-exec-16] c.s.s.s.f.JWTAuthenticationTokenFilter [JWTAuthenticationTokenFilter.java : 42] - Token无效
2017-07-27 15:38:37.703 INFO  [http-nio-8080-exec-16] c.s.s.s.f.JWTAuthenticationTokenFilter [JWTAuthenticationTokenFilter.java : 36] - 经过JWTAuthenticationTokenFilter
2017-07-27 15:38:37.704 INFO  [http-nio-8080-exec-16] c.s.s.s.f.JWTAuthenticationTokenFilter [JWTAuthenticationTokenFilter.java : 42] - Token无效
2017-07-27 15:39:12.291 INFO  [restartedMain] c.s.s.SpringBootSkeletonApplication [StartupInfoLogger.java : 48] - Starting SpringBootSkeletonApplication on LAPTOP-0E5JL9PN with PID 9588 (D:\idea\SpringBootSkeleton\skeleton\target\classes started by songx in D:\idea\SpringBootSkeleton)
2017-07-27 15:39:12.292 INFO  [restartedMain] c.s.s.SpringBootSkeletonApplication [SpringApplication.java : 597] - The following profiles are active: dev
