2017-07-11 16:19:47.899 INFO  [restartedMain] c.s.s.SpringBootSkeletonApplication [StartupInfoLogger.java : 48] - Starting SpringBootSkeletonApplication on LAPTOP-0E5JL9PN with PID 2156 (D:\idea\SpringBootSkeleton\skeleton\target\classes started by songx in D:\idea\SpringBootSkeleton)
2017-07-11 16:19:47.901 INFO  [restartedMain] c.s.s.SpringBootSkeletonApplication [SpringApplication.java : 597] - The following profiles are active: dev
2017-07-11 16:20:02.085 INFO  [restartedMain] c.s.s.SpringBootSkeletonApplication [StartupInfoLogger.java : 57] - Started SpringBootSkeletonApplication in 15.334 seconds (JVM running for 16.369)
2017-07-11 16:20:08.101 INFO  [http-nio-80-exec-1] c.s.s.s.f.JWTAuthenticationTokenFilter [JWTAuthenticationTokenFilter.java : 36] - 经过JWTAuthenticationTokenFilter
2017-07-11 16:20:08.108 INFO  [http-nio-80-exec-1] c.s.s.s.f.JWTAuthenticationTokenFilter [JWTAuthenticationTokenFilter.java : 42] - Token无效
2017-07-11 16:20:08.117 INFO  [http-nio-80-exec-1] c.s.s.s.e.JWTAuthenticationEntryPoint [JWTAuthenticationEntryPoint.java : 29] - 到达JWTAuthenticationEntryPoint
2017-07-11 16:22:07.377 INFO  [restartedMain] c.s.s.SpringBootSkeletonApplication [StartupInfoLogger.java : 48] - Starting SpringBootSkeletonApplication on LAPTOP-0E5JL9PN with PID 11036 (D:\idea\SpringBootSkeleton\skeleton\target\classes started by songx in D:\idea\SpringBootSkeleton)
2017-07-11 16:22:07.378 INFO  [restartedMain] c.s.s.SpringBootSkeletonApplication [SpringApplication.java : 597] - The following profiles are active: dev
2017-07-11 16:22:21.715 INFO  [restartedMain] c.s.s.SpringBootSkeletonApplication [StartupInfoLogger.java : 57] - Started SpringBootSkeletonApplication in 15.875 seconds (JVM running for 16.897)
2017-07-11 16:24:10.051 INFO  [http-nio-80-exec-1] c.s.s.s.f.JWTAuthenticationTokenFilter [JWTAuthenticationTokenFilter.java : 36] - 经过JWTAuthenticationTokenFilter
2017-07-11 16:24:10.063 INFO  [http-nio-80-exec-1] c.s.s.s.f.JWTAuthenticationTokenFilter [JWTAuthenticationTokenFilter.java : 42] - Token无效
2017-07-11 16:24:10.078 INFO  [http-nio-80-exec-1] c.s.s.s.e.JWTAuthenticationEntryPoint [JWTAuthenticationEntryPoint.java : 29] - 到达JWTAuthenticationEntryPoint
2017-07-11 17:05:12.160 INFO  [restartedMain] c.s.s.SpringBootSkeletonApplication [StartupInfoLogger.java : 48] - Starting SpringBootSkeletonApplication on LAPTOP-0E5JL9PN with PID 11248 (D:\idea\SpringBootSkeleton\skeleton\target\classes started by songx in D:\idea\SpringBootSkeleton)
2017-07-11 17:05:12.161 INFO  [restartedMain] c.s.s.SpringBootSkeletonApplication [SpringApplication.java : 597] - The following profiles are active: dev
2017-07-11 17:05:30.543 INFO  [restartedMain] c.s.s.SpringBootSkeletonApplication [StartupInfoLogger.java : 48] - Starting SpringBootSkeletonApplication on LAPTOP-0E5JL9PN with PID 11068 (D:\idea\SpringBootSkeleton\skeleton\target\classes started by songx in D:\idea\SpringBootSkeleton)
2017-07-11 17:05:30.545 INFO  [restartedMain] c.s.s.SpringBootSkeletonApplication [SpringApplication.java : 597] - The following profiles are active: dev
2017-07-11 17:05:43.331 INFO  [restartedMain] c.s.s.SpringBootSkeletonApplication [StartupInfoLogger.java : 57] - Started SpringBootSkeletonApplication in 13.764 seconds (JVM running for 14.536)
2017-07-11 17:05:53.643 INFO  [http-nio-80-exec-1] c.s.s.s.f.JWTAuthenticationTokenFilter [JWTAuthenticationTokenFilter.java : 36] - 经过JWTAuthenticationTokenFilter
2017-07-11 17:05:53.650 INFO  [http-nio-80-exec-1] c.s.s.s.f.JWTAuthenticationTokenFilter [JWTAuthenticationTokenFilter.java : 42] - Token无效
2017-07-11 17:05:53.658 INFO  [http-nio-80-exec-1] c.s.s.s.e.JWTAuthenticationEntryPoint [JWTAuthenticationEntryPoint.java : 29] - 到达JWTAuthenticationEntryPoint
2017-07-11 17:06:18.861 INFO  [http-nio-80-exec-2] c.s.s.s.f.JWTAuthenticationTokenFilter [JWTAuthenticationTokenFilter.java : 36] - 经过JWTAuthenticationTokenFilter
2017-07-11 17:06:18.862 INFO  [http-nio-80-exec-2] c.s.s.s.f.JWTAuthenticationTokenFilter [JWTAuthenticationTokenFilter.java : 42] - Token无效
2017-07-11 17:06:18.863 INFO  [http-nio-80-exec-2] c.s.s.s.e.JWTAuthenticationEntryPoint [JWTAuthenticationEntryPoint.java : 29] - 到达JWTAuthenticationEntryPoint
2017-07-11 17:07:42.855 INFO  [restartedMain] c.s.s.SpringBootSkeletonApplication [StartupInfoLogger.java : 48] - Starting SpringBootSkeletonApplication on LAPTOP-0E5JL9PN with PID 6592 (D:\idea\SpringBootSkeleton\skeleton\target\classes started by songx in D:\idea\SpringBootSkeleton)
2017-07-11 17:07:42.856 INFO  [restartedMain] c.s.s.SpringBootSkeletonApplication [SpringApplication.java : 597] - The following profiles are active: dev
2017-07-11 17:07:55.447 INFO  [restartedMain] c.s.s.SpringBootSkeletonApplication [StartupInfoLogger.java : 57] - Started SpringBootSkeletonApplication in 13.587 seconds (JVM running for 14.358)
2017-07-11 17:08:04.257 INFO  [http-nio-80-exec-1] c.s.s.s.f.JWTAuthenticationTokenFilter [JWTAuthenticationTokenFilter.java : 36] - 经过JWTAuthenticationTokenFilter
2017-07-11 17:08:04.264 INFO  [http-nio-80-exec-1] c.s.s.s.f.JWTAuthenticationTokenFilter [JWTAuthenticationTokenFilter.java : 42] - Token无效
2017-07-11 17:08:04.273 INFO  [http-nio-80-exec-1] c.s.s.s.e.JWTAuthenticationEntryPoint [JWTAuthenticationEntryPoint.java : 29] - 到达JWTAuthenticationEntryPoint
2017-07-11 17:10:47.064 INFO  [restartedMain] c.s.s.SpringBootSkeletonApplication [StartupInfoLogger.java : 48] - Starting SpringBootSkeletonApplication on LAPTOP-0E5JL9PN with PID 9784 (D:\idea\SpringBootSkeleton\skeleton\target\classes started by songx in D:\idea\SpringBootSkeleton)
2017-07-11 17:10:47.117 INFO  [restartedMain] c.s.s.SpringBootSkeletonApplication [SpringApplication.java : 597] - The following profiles are active: dev
2017-07-11 17:11:00.147 INFO  [restartedMain] c.s.s.SpringBootSkeletonApplication [StartupInfoLogger.java : 57] - Started SpringBootSkeletonApplication in 14.333 seconds (JVM running for 15.221)
2017-07-11 17:11:28.171 INFO  [http-nio-80-exec-1] c.s.s.s.f.JWTAuthenticationTokenFilter [JWTAuthenticationTokenFilter.java : 36] - 经过JWTAuthenticationTokenFilter
2017-07-11 17:11:28.179 INFO  [http-nio-80-exec-1] c.s.s.s.f.JWTAuthenticationTokenFilter [JWTAuthenticationTokenFilter.java : 42] - Token无效
2017-07-11 17:11:28.187 INFO  [http-nio-80-exec-1] c.s.s.s.e.JWTAuthenticationEntryPoint [JWTAuthenticationEntryPoint.java : 29] - 到达JWTAuthenticationEntryPoint
2017-07-11 17:14:57.467 INFO  [restartedMain] c.s.s.SpringBootSkeletonApplication [StartupInfoLogger.java : 48] - Starting SpringBootSkeletonApplication on LAPTOP-0E5JL9PN with PID 8036 (D:\idea\SpringBootSkeleton\skeleton\target\classes started by songx in D:\idea\SpringBootSkeleton)
2017-07-11 17:14:57.471 INFO  [restartedMain] c.s.s.SpringBootSkeletonApplication [SpringApplication.java : 597] - The following profiles are active: dev
2017-07-11 17:15:10.322 INFO  [restartedMain] c.s.s.SpringBootSkeletonApplication [StartupInfoLogger.java : 57] - Started SpringBootSkeletonApplication in 14.082 seconds (JVM running for 15.049)
2017-07-11 17:15:26.641 INFO  [http-nio-80-exec-1] c.s.s.s.f.JWTAuthenticationTokenFilter [JWTAuthenticationTokenFilter.java : 36] - 经过JWTAuthenticationTokenFilter
2017-07-11 17:15:26.650 INFO  [http-nio-80-exec-1] c.s.s.s.f.JWTAuthenticationTokenFilter [JWTAuthenticationTokenFilter.java : 42] - Token无效
2017-07-11 17:15:26.659 INFO  [http-nio-80-exec-1] c.s.s.s.e.JWTAuthenticationEntryPoint [JWTAuthenticationEntryPoint.java : 29] - 到达JWTAuthenticationEntryPoint
2017-07-11 17:15:58.277 INFO  [http-nio-80-exec-2] c.s.s.s.f.JWTAuthenticationTokenFilter [JWTAuthenticationTokenFilter.java : 36] - 经过JWTAuthenticationTokenFilter
2017-07-11 17:15:58.278 INFO  [http-nio-80-exec-2] c.s.s.s.f.JWTAuthenticationTokenFilter [JWTAuthenticationTokenFilter.java : 42] - Token无效
2017-07-11 17:15:58.283 INFO  [http-nio-80-exec-2] c.s.s.s.f.JWTAuthenticationTokenFilter [JWTAuthenticationTokenFilter.java : 36] - 经过JWTAuthenticationTokenFilter
2017-07-11 17:15:58.284 INFO  [http-nio-80-exec-2] c.s.s.s.f.JWTAuthenticationTokenFilter [JWTAuthenticationTokenFilter.java : 42] - Token无效
2017-07-11 17:16:05.007 INFO  [http-nio-80-exec-3] c.s.s.s.f.JWTAuthenticationTokenFilter [JWTAuthenticationTokenFilter.java : 36] - 经过JWTAuthenticationTokenFilter
2017-07-11 17:16:05.008 INFO  [http-nio-80-exec-3] c.s.s.s.f.JWTAuthenticationTokenFilter [JWTAuthenticationTokenFilter.java : 42] - Token无效
2017-07-11 17:16:05.008 INFO  [http-nio-80-exec-3] c.s.s.s.e.JWTAuthenticationEntryPoint [JWTAuthenticationEntryPoint.java : 29] - 到达JWTAuthenticationEntryPoint
2017-07-11 17:16:19.446 INFO  [http-nio-80-exec-4] c.s.s.s.f.JWTAuthenticationTokenFilter [JWTAuthenticationTokenFilter.java : 36] - 经过JWTAuthenticationTokenFilter
2017-07-11 17:16:19.446 INFO  [http-nio-80-exec-4] c.s.s.s.f.JWTAuthenticationTokenFilter [JWTAuthenticationTokenFilter.java : 42] - Token无效
2017-07-11 17:16:19.447 INFO  [http-nio-80-exec-4] c.s.s.s.f.JWTAuthenticationTokenFilter [JWTAuthenticationTokenFilter.java : 36] - 经过JWTAuthenticationTokenFilter
2017-07-11 17:16:19.447 INFO  [http-nio-80-exec-4] c.s.s.s.f.JWTAuthenticationTokenFilter [JWTAuthenticationTokenFilter.java : 42] - Token无效
2017-07-11 17:16:29.527 INFO  [http-nio-80-exec-5] c.s.s.s.f.JWTAuthenticationTokenFilter [JWTAuthenticationTokenFilter.java : 36] - 经过JWTAuthenticationTokenFilter
2017-07-11 17:16:29.528 INFO  [http-nio-80-exec-5] c.s.s.s.f.JWTAuthenticationTokenFilter [JWTAuthenticationTokenFilter.java : 42] - Token无效
2017-07-11 17:16:29.528 INFO  [http-nio-80-exec-5] c.s.s.s.e.JWTAuthenticationEntryPoint [JWTAuthenticationEntryPoint.java : 29] - 到达JWTAuthenticationEntryPoint
2017-07-11 17:16:33.768 INFO  [http-nio-80-exec-6] c.s.s.s.f.JWTAuthenticationTokenFilter [JWTAuthenticationTokenFilter.java : 36] - 经过JWTAuthenticationTokenFilter
2017-07-11 17:16:33.769 INFO  [http-nio-80-exec-6] c.s.s.s.f.JWTAuthenticationTokenFilter [JWTAuthenticationTokenFilter.java : 42] - Token无效
2017-07-11 17:16:33.769 INFO  [http-nio-80-exec-6] c.s.s.s.e.JWTAuthenticationEntryPoint [JWTAuthenticationEntryPoint.java : 29] - 到达JWTAuthenticationEntryPoint
2017-07-11 17:16:37.832 INFO  [http-nio-80-exec-7] c.s.s.s.f.JWTAuthenticationTokenFilter [JWTAuthenticationTokenFilter.java : 36] - 经过JWTAuthenticationTokenFilter
2017-07-11 17:16:37.832 INFO  [http-nio-80-exec-7] c.s.s.s.f.JWTAuthenticationTokenFilter [JWTAuthenticationTokenFilter.java : 42] - Token无效
2017-07-11 17:16:37.833 INFO  [http-nio-80-exec-7] c.s.s.s.e.JWTAuthenticationEntryPoint [JWTAuthenticationEntryPoint.java : 29] - 到达JWTAuthenticationEntryPoint
2017-07-11 17:16:39.905 INFO  [http-nio-80-exec-8] c.s.s.s.f.JWTAuthenticationTokenFilter [JWTAuthenticationTokenFilter.java : 36] - 经过JWTAuthenticationTokenFilter
2017-07-11 17:16:39.906 INFO  [http-nio-80-exec-8] c.s.s.s.f.JWTAuthenticationTokenFilter [JWTAuthenticationTokenFilter.java : 42] - Token无效
2017-07-11 17:16:39.906 INFO  [http-nio-80-exec-8] c.s.s.s.e.JWTAuthenticationEntryPoint [JWTAuthenticationEntryPoint.java : 29] - 到达JWTAuthenticationEntryPoint
2017-07-11 17:17:11.057 INFO  [http-nio-80-exec-9] c.s.s.s.f.JWTAuthenticationTokenFilter [JWTAuthenticationTokenFilter.java : 36] - 经过JWTAuthenticationTokenFilter
2017-07-11 17:17:11.057 INFO  [http-nio-80-exec-9] c.s.s.s.f.JWTAuthenticationTokenFilter [JWTAuthenticationTokenFilter.java : 42] - Token无效
2017-07-11 17:17:11.058 INFO  [http-nio-80-exec-9] c.s.s.s.e.JWTAuthenticationEntryPoint [JWTAuthenticationEntryPoint.java : 29] - 到达JWTAuthenticationEntryPoint
2017-07-11 17:17:11.626 INFO  [http-nio-80-exec-10] c.s.s.s.f.JWTAuthenticationTokenFilter [JWTAuthenticationTokenFilter.java : 36] - 经过JWTAuthenticationTokenFilter
2017-07-11 17:17:11.627 INFO  [http-nio-80-exec-10] c.s.s.s.f.JWTAuthenticationTokenFilter [JWTAuthenticationTokenFilter.java : 42] - Token无效
2017-07-11 17:17:11.628 INFO  [http-nio-80-exec-10] c.s.s.s.e.JWTAuthenticationEntryPoint [JWTAuthenticationEntryPoint.java : 29] - 到达JWTAuthenticationEntryPoint
2017-07-11 17:17:11.774 INFO  [http-nio-80-exec-11] c.s.s.s.f.JWTAuthenticationTokenFilter [JWTAuthenticationTokenFilter.java : 36] - 经过JWTAuthenticationTokenFilter
2017-07-11 17:17:11.775 INFO  [http-nio-80-exec-11] c.s.s.s.f.JWTAuthenticationTokenFilter [JWTAuthenticationTokenFilter.java : 42] - Token无效
2017-07-11 17:17:11.775 INFO  [http-nio-80-exec-11] c.s.s.s.e.JWTAuthenticationEntryPoint [JWTAuthenticationEntryPoint.java : 29] - 到达JWTAuthenticationEntryPoint
2017-07-11 17:17:11.943 INFO  [http-nio-80-exec-12] c.s.s.s.f.JWTAuthenticationTokenFilter [JWTAuthenticationTokenFilter.java : 36] - 经过JWTAuthenticationTokenFilter
2017-07-11 17:17:11.943 INFO  [http-nio-80-exec-12] c.s.s.s.f.JWTAuthenticationTokenFilter [JWTAuthenticationTokenFilter.java : 42] - Token无效
2017-07-11 17:17:11.944 INFO  [http-nio-80-exec-12] c.s.s.s.e.JWTAuthenticationEntryPoint [JWTAuthenticationEntryPoint.java : 29] - 到达JWTAuthenticationEntryPoint
2017-07-11 17:17:12.110 INFO  [http-nio-80-exec-13] c.s.s.s.f.JWTAuthenticationTokenFilter [JWTAuthenticationTokenFilter.java : 36] - 经过JWTAuthenticationTokenFilter
2017-07-11 17:17:12.110 INFO  [http-nio-80-exec-13] c.s.s.s.f.JWTAuthenticationTokenFilter [JWTAuthenticationTokenFilter.java : 42] - Token无效
2017-07-11 17:17:12.110 INFO  [http-nio-80-exec-13] c.s.s.s.e.JWTAuthenticationEntryPoint [JWTAuthenticationEntryPoint.java : 29] - 到达JWTAuthenticationEntryPoint
2017-07-11 17:17:29.322 INFO  [http-nio-80-exec-14] c.s.s.s.f.JWTAuthenticationTokenFilter [JWTAuthenticationTokenFilter.java : 36] - 经过JWTAuthenticationTokenFilter
2017-07-11 17:17:29.323 INFO  [http-nio-80-exec-14] c.s.s.s.f.JWTAuthenticationTokenFilter [JWTAuthenticationTokenFilter.java : 42] - Token无效
2017-07-11 17:17:29.323 INFO  [http-nio-80-exec-14] c.s.s.s.e.JWTAuthenticationEntryPoint [JWTAuthenticationEntryPoint.java : 29] - 到达JWTAuthenticationEntryPoint
2017-07-11 17:17:35.985 INFO  [http-nio-80-exec-15] c.s.s.s.f.JWTAuthenticationTokenFilter [JWTAuthenticationTokenFilter.java : 36] - 经过JWTAuthenticationTokenFilter
2017-07-11 17:17:35.986 INFO  [http-nio-80-exec-15] c.s.s.s.f.JWTAuthenticationTokenFilter [JWTAuthenticationTokenFilter.java : 42] - Token无效
2017-07-11 17:17:35.987 INFO  [http-nio-80-exec-15] c.s.s.s.f.JWTAuthenticationTokenFilter [JWTAuthenticationTokenFilter.java : 36] - 经过JWTAuthenticationTokenFilter
2017-07-11 17:17:35.987 INFO  [http-nio-80-exec-15] c.s.s.s.f.JWTAuthenticationTokenFilter [JWTAuthenticationTokenFilter.java : 42] - Token无效
2017-07-11 17:18:52.997 INFO  [restartedMain] c.s.s.SpringBootSkeletonApplication [StartupInfoLogger.java : 48] - Starting SpringBootSkeletonApplication on LAPTOP-0E5JL9PN with PID 10012 (D:\idea\SpringBootSkeleton\skeleton\target\classes started by songx in D:\idea\SpringBootSkeleton)
2017-07-11 17:18:53.004 INFO  [restartedMain] c.s.s.SpringBootSkeletonApplication [SpringApplication.java : 597] - The following profiles are active: dev
2017-07-11 17:19:07.073 INFO  [restartedMain] c.s.s.SpringBootSkeletonApplication [StartupInfoLogger.java : 57] - Started SpringBootSkeletonApplication in 15.343 seconds (JVM running for 16.242)
2017-07-11 17:19:15.414 INFO  [http-nio-80-exec-1] c.s.s.s.f.JWTAuthenticationTokenFilter [JWTAuthenticationTokenFilter.java : 36] - 经过JWTAuthenticationTokenFilter
2017-07-11 17:19:15.421 INFO  [http-nio-80-exec-1] c.s.s.s.f.JWTAuthenticationTokenFilter [JWTAuthenticationTokenFilter.java : 42] - Token无效
2017-07-11 17:19:15.431 INFO  [http-nio-80-exec-1] c.s.s.s.f.JWTAuthenticationTokenFilter [JWTAuthenticationTokenFilter.java : 36] - 经过JWTAuthenticationTokenFilter
2017-07-11 17:19:15.432 INFO  [http-nio-80-exec-1] c.s.s.s.f.JWTAuthenticationTokenFilter [JWTAuthenticationTokenFilter.java : 42] - Token无效
2017-07-11 17:22:37.094 INFO  [restartedMain] c.s.s.SpringBootSkeletonApplication [StartupInfoLogger.java : 48] - Starting SpringBootSkeletonApplication on LAPTOP-0E5JL9PN with PID 10592 (D:\idea\SpringBootSkeleton\skeleton\target\classes started by songx in D:\idea\SpringBootSkeleton)
2017-07-11 17:22:37.097 INFO  [restartedMain] c.s.s.SpringBootSkeletonApplication [SpringApplication.java : 597] - The following profiles are active: dev
2017-07-11 17:22:49.475 INFO  [restartedMain] c.s.s.SpringBootSkeletonApplication [StartupInfoLogger.java : 57] - Started SpringBootSkeletonApplication in 13.498 seconds (JVM running for 14.338)
2017-07-11 17:23:03.964 INFO  [http-nio-8080-exec-1] c.s.s.s.f.JWTAuthenticationTokenFilter [JWTAuthenticationTokenFilter.java : 36] - 经过JWTAuthenticationTokenFilter
2017-07-11 17:23:03.972 INFO  [http-nio-8080-exec-1] c.s.s.s.f.JWTAuthenticationTokenFilter [JWTAuthenticationTokenFilter.java : 42] - Token无效
2017-07-11 17:23:03.981 INFO  [http-nio-8080-exec-1] c.s.s.s.f.JWTAuthenticationTokenFilter [JWTAuthenticationTokenFilter.java : 36] - 经过JWTAuthenticationTokenFilter
2017-07-11 17:23:03.981 INFO  [http-nio-8080-exec-1] c.s.s.s.f.JWTAuthenticationTokenFilter [JWTAuthenticationTokenFilter.java : 42] - Token无效
2017-07-11 17:23:35.625 INFO  [restartedMain] c.s.s.SpringBootSkeletonApplication [StartupInfoLogger.java : 48] - Starting SpringBootSkeletonApplication on LAPTOP-0E5JL9PN with PID 5684 (D:\idea\SpringBootSkeleton\skeleton\target\classes started by songx in D:\idea\SpringBootSkeleton)
2017-07-11 17:23:35.640 INFO  [restartedMain] c.s.s.SpringBootSkeletonApplication [SpringApplication.java : 597] - The following profiles are active: dev
2017-07-11 17:23:48.491 INFO  [restartedMain] c.s.s.SpringBootSkeletonApplication [StartupInfoLogger.java : 57] - Started SpringBootSkeletonApplication in 14.01 seconds (JVM running for 14.888)
2017-07-11 17:23:52.513 INFO  [http-nio-8080-exec-1] c.s.s.s.f.JWTAuthenticationTokenFilter [JWTAuthenticationTokenFilter.java : 36] - 经过JWTAuthenticationTokenFilter
2017-07-11 17:23:52.540 INFO  [http-nio-8080-exec-1] c.s.s.s.f.JWTAuthenticationTokenFilter [JWTAuthenticationTokenFilter.java : 42] - Token无效
2017-07-11 17:23:52.549 INFO  [http-nio-8080-exec-1] c.s.s.s.f.JWTAuthenticationTokenFilter [JWTAuthenticationTokenFilter.java : 36] - 经过JWTAuthenticationTokenFilter
2017-07-11 17:23:52.549 INFO  [http-nio-8080-exec-1] c.s.s.s.f.JWTAuthenticationTokenFilter [JWTAuthenticationTokenFilter.java : 42] - Token无效
2017-07-11 17:23:52.671 INFO  [http-nio-8080-exec-1] c.s.s.c.user.CaptchaController [CaptchaController.java : 56] - cn.sinjinsong.skeleton.security.verification.impl.VerificationManagerImpl@13431b17
2017-07-11 17:24:41.942 INFO  [restartedMain] c.s.s.SpringBootSkeletonApplication [StartupInfoLogger.java : 48] - Starting SpringBootSkeletonApplication on LAPTOP-0E5JL9PN with PID 11072 (D:\idea\SpringBootSkeleton\skeleton\target\classes started by songx in D:\idea\SpringBootSkeleton)
2017-07-11 17:24:41.943 INFO  [restartedMain] c.s.s.SpringBootSkeletonApplication [SpringApplication.java : 597] - The following profiles are active: dev
2017-07-11 17:24:53.969 INFO  [restartedMain] c.s.s.SpringBootSkeletonApplication [StartupInfoLogger.java : 57] - Started SpringBootSkeletonApplication in 12.939 seconds (JVM running for 13.754)
2017-07-11 17:25:04.806 INFO  [http-nio-8080-exec-1] c.s.s.s.f.JWTAuthenticationTokenFilter [JWTAuthenticationTokenFilter.java : 36] - 经过JWTAuthenticationTokenFilter
2017-07-11 17:25:04.812 INFO  [http-nio-8080-exec-1] c.s.s.s.f.JWTAuthenticationTokenFilter [JWTAuthenticationTokenFilter.java : 42] - Token无效
2017-07-11 17:25:04.821 INFO  [http-nio-8080-exec-1] c.s.s.s.f.JWTAuthenticationTokenFilter [JWTAuthenticationTokenFilter.java : 36] - 经过JWTAuthenticationTokenFilter
2017-07-11 17:25:04.822 INFO  [http-nio-8080-exec-1] c.s.s.s.f.JWTAuthenticationTokenFilter [JWTAuthenticationTokenFilter.java : 42] - Token无效
2017-07-11 17:25:04.939 INFO  [http-nio-8080-exec-1] c.s.s.c.user.CaptchaController [CaptchaController.java : 56] - verificationManager:cn.sinjinsong.skeleton.security.verification.impl.VerificationManagerImpl@643f1a0f
2017-07-11 17:27:20.389 INFO  [restartedMain] c.s.s.SpringBootSkeletonApplication [StartupInfoLogger.java : 48] - Starting SpringBootSkeletonApplication on LAPTOP-0E5JL9PN with PID 5780 (D:\idea\SpringBootSkeleton\skeleton\target\classes started by songx in D:\idea\SpringBootSkeleton)
2017-07-11 17:27:20.391 INFO  [restartedMain] c.s.s.SpringBootSkeletonApplication [SpringApplication.java : 597] - The following profiles are active: dev
2017-07-11 17:27:32.673 INFO  [restartedMain] c.s.s.SpringBootSkeletonApplication [StartupInfoLogger.java : 57] - Started SpringBootSkeletonApplication in 13.25 seconds (JVM running for 14.044)
2017-07-11 17:27:40.262 INFO  [http-nio-8080-exec-1] c.s.s.s.f.JWTAuthenticationTokenFilter [JWTAuthenticationTokenFilter.java : 36] - 经过JWTAuthenticationTokenFilter
2017-07-11 17:27:40.269 INFO  [http-nio-8080-exec-1] c.s.s.s.f.JWTAuthenticationTokenFilter [JWTAuthenticationTokenFilter.java : 42] - Token无效
2017-07-11 17:27:40.278 INFO  [http-nio-8080-exec-1] c.s.s.s.f.JWTAuthenticationTokenFilter [JWTAuthenticationTokenFilter.java : 36] - 经过JWTAuthenticationTokenFilter
2017-07-11 17:27:40.278 INFO  [http-nio-8080-exec-1] c.s.s.s.f.JWTAuthenticationTokenFilter [JWTAuthenticationTokenFilter.java : 42] - Token无效
2017-07-11 17:27:40.401 INFO  [http-nio-8080-exec-1] c.s.s.c.user.CaptchaController [CaptchaController.java : 56] - authenticationProperties.getCaptchaExpireTime:null
2017-07-11 17:30:50.397 INFO  [restartedMain] c.s.s.SpringBootSkeletonApplication [StartupInfoLogger.java : 48] - Starting SpringBootSkeletonApplication on LAPTOP-0E5JL9PN with PID 10732 (D:\idea\SpringBootSkeleton\skeleton\target\classes started by songx in D:\idea\SpringBootSkeleton)
2017-07-11 17:30:50.399 INFO  [restartedMain] c.s.s.SpringBootSkeletonApplication [SpringApplication.java : 597] - The following profiles are active: dev
2017-07-11 17:31:04.635 INFO  [restartedMain] c.s.s.SpringBootSkeletonApplication [StartupInfoLogger.java : 57] - Started SpringBootSkeletonApplication in 15.554 seconds (JVM running for 16.801)
2017-07-11 17:31:07.280 INFO  [http-nio-8080-exec-2] c.s.s.s.f.JWTAuthenticationTokenFilter [JWTAuthenticationTokenFilter.java : 36] - 经过JWTAuthenticationTokenFilter
2017-07-11 17:31:07.289 INFO  [http-nio-8080-exec-2] c.s.s.s.f.JWTAuthenticationTokenFilter [JWTAuthenticationTokenFilter.java : 42] - Token无效
2017-07-11 17:31:07.300 INFO  [http-nio-8080-exec-2] c.s.s.s.f.JWTAuthenticationTokenFilter [JWTAuthenticationTokenFilter.java : 36] - 经过JWTAuthenticationTokenFilter
2017-07-11 17:31:07.300 INFO  [http-nio-8080-exec-2] c.s.s.s.f.JWTAuthenticationTokenFilter [JWTAuthenticationTokenFilter.java : 42] - Token无效
2017-07-11 18:06:28.085 INFO  [restartedMain] c.s.s.SpringBootSkeletonApplication [StartupInfoLogger.java : 48] - Starting SpringBootSkeletonApplication on LAPTOP-0E5JL9PN with PID 10668 (D:\idea\SpringBootSkeleton\skeleton\target\classes started by songx in D:\idea\SpringBootSkeleton)
2017-07-11 18:06:28.087 INFO  [restartedMain] c.s.s.SpringBootSkeletonApplication [SpringApplication.java : 597] - The following profiles are active: dev
2017-07-11 18:06:40.235 INFO  [restartedMain] c.s.s.SpringBootSkeletonApplication [StartupInfoLogger.java : 57] - Started SpringBootSkeletonApplication in 13.059 seconds (JVM running for 13.849)
2017-07-11 18:07:09.910 INFO  [http-nio-8080-exec-1] c.s.s.s.f.JWTAuthenticationTokenFilter [JWTAuthenticationTokenFilter.java : 36] - 经过JWTAuthenticationTokenFilter
2017-07-11 18:07:09.918 INFO  [http-nio-8080-exec-1] c.s.s.s.f.JWTAuthenticationTokenFilter [JWTAuthenticationTokenFilter.java : 42] - Token无效
2017-07-11 18:07:09.929 INFO  [http-nio-8080-exec-1] c.s.s.s.f.JWTAuthenticationTokenFilter [JWTAuthenticationTokenFilter.java : 36] - 经过JWTAuthenticationTokenFilter
2017-07-11 18:07:09.929 INFO  [http-nio-8080-exec-1] c.s.s.s.f.JWTAuthenticationTokenFilter [JWTAuthenticationTokenFilter.java : 42] - Token无效
2017-07-11 18:09:07.947 INFO  [restartedMain] c.s.s.SpringBootSkeletonApplication [StartupInfoLogger.java : 48] - Starting SpringBootSkeletonApplication on LAPTOP-0E5JL9PN with PID 9876 (D:\idea\SpringBootSkeleton\skeleton\target\classes started by songx in D:\idea\SpringBootSkeleton)
2017-07-11 18:09:07.949 INFO  [restartedMain] c.s.s.SpringBootSkeletonApplication [SpringApplication.java : 597] - The following profiles are active: dev
2017-07-11 18:09:20.733 INFO  [restartedMain] c.s.s.SpringBootSkeletonApplication [StartupInfoLogger.java : 57] - Started SpringBootSkeletonApplication in 13.726 seconds (JVM running for 14.53)
2017-07-11 18:09:32.362 INFO  [http-nio-8080-exec-1] c.s.s.s.f.JWTAuthenticationTokenFilter [JWTAuthenticationTokenFilter.java : 36] - 经过JWTAuthenticationTokenFilter
2017-07-11 18:09:32.372 INFO  [http-nio-8080-exec-1] c.s.s.s.f.JWTAuthenticationTokenFilter [JWTAuthenticationTokenFilter.java : 42] - Token无效
2017-07-11 18:09:32.382 INFO  [http-nio-8080-exec-1] c.s.s.s.f.JWTAuthenticationTokenFilter [JWTAuthenticationTokenFilter.java : 36] - 经过JWTAuthenticationTokenFilter
2017-07-11 18:09:32.383 INFO  [http-nio-8080-exec-1] c.s.s.s.f.JWTAuthenticationTokenFilter [JWTAuthenticationTokenFilter.java : 42] - Token无效
2017-07-11 18:10:39.275 INFO  [restartedMain] c.s.s.SpringBootSkeletonApplication [StartupInfoLogger.java : 48] - Starting SpringBootSkeletonApplication on LAPTOP-0E5JL9PN with PID 5508 (D:\idea\SpringBootSkeleton\skeleton\target\classes started by songx in D:\idea\SpringBootSkeleton)
2017-07-11 18:10:39.278 INFO  [restartedMain] c.s.s.SpringBootSkeletonApplication [SpringApplication.java : 597] - The following profiles are active: dev
2017-07-11 18:10:51.733 INFO  [restartedMain] c.s.s.SpringBootSkeletonApplication [StartupInfoLogger.java : 57] - Started SpringBootSkeletonApplication in 13.485 seconds (JVM running for 14.299)
2017-07-11 18:12:00.695 INFO  [http-nio-8080-exec-1] c.s.s.s.f.JWTAuthenticationTokenFilter [JWTAuthenticationTokenFilter.java : 36] - 经过JWTAuthenticationTokenFilter
2017-07-11 18:12:00.702 INFO  [http-nio-8080-exec-1] c.s.s.s.f.JWTAuthenticationTokenFilter [JWTAuthenticationTokenFilter.java : 42] - Token无效
2017-07-11 18:12:00.711 INFO  [http-nio-8080-exec-1] c.s.s.s.f.JWTAuthenticationTokenFilter [JWTAuthenticationTokenFilter.java : 36] - 经过JWTAuthenticationTokenFilter
2017-07-11 18:12:00.712 INFO  [http-nio-8080-exec-1] c.s.s.s.f.JWTAuthenticationTokenFilter [JWTAuthenticationTokenFilter.java : 42] - Token无效
2017-07-11 18:12:43.513 INFO  [restartedMain] c.s.s.SpringBootSkeletonApplication [StartupInfoLogger.java : 48] - Starting SpringBootSkeletonApplication on LAPTOP-0E5JL9PN with PID 2156 (D:\idea\SpringBootSkeleton\skeleton\target\classes started by songx in D:\idea\SpringBootSkeleton)
2017-07-11 18:12:43.516 INFO  [restartedMain] c.s.s.SpringBootSkeletonApplication [SpringApplication.java : 597] - The following profiles are active: dev
2017-07-11 18:12:55.840 INFO  [restartedMain] c.s.s.SpringBootSkeletonApplication [StartupInfoLogger.java : 57] - Started SpringBootSkeletonApplication in 13.282 seconds (JVM running for 14.047)
2017-07-11 18:13:03.775 INFO  [http-nio-8080-exec-1] c.s.s.s.f.JWTAuthenticationTokenFilter [JWTAuthenticationTokenFilter.java : 36] - 经过JWTAuthenticationTokenFilter
2017-07-11 18:13:03.782 INFO  [http-nio-8080-exec-1] c.s.s.s.f.JWTAuthenticationTokenFilter [JWTAuthenticationTokenFilter.java : 42] - Token无效
2017-07-11 18:13:03.791 INFO  [http-nio-8080-exec-1] c.s.s.s.f.JWTAuthenticationTokenFilter [JWTAuthenticationTokenFilter.java : 36] - 经过JWTAuthenticationTokenFilter
2017-07-11 18:13:03.792 INFO  [http-nio-8080-exec-1] c.s.s.s.f.JWTAuthenticationTokenFilter [JWTAuthenticationTokenFilter.java : 42] - Token无效
2017-07-11 18:13:03.918 INFO  [http-nio-8080-exec-1] c.s.s.c.user.CaptchaController [CaptchaController.java : 56] - verificationManager:cn.sinjinsong.skeleton.security.verification.impl.VerificationManagerImpl@5e544e4e
2017-07-11 18:13:38.341 INFO  [restartedMain] c.s.s.SpringBootSkeletonApplication [StartupInfoLogger.java : 48] - Starting SpringBootSkeletonApplication on LAPTOP-0E5JL9PN with PID 7084 (D:\idea\SpringBootSkeleton\skeleton\target\classes started by songx in D:\idea\SpringBootSkeleton)
2017-07-11 18:13:38.343 INFO  [restartedMain] c.s.s.SpringBootSkeletonApplication [SpringApplication.java : 597] - The following profiles are active: dev
2017-07-11 18:13:50.874 INFO  [restartedMain] c.s.s.SpringBootSkeletonApplication [StartupInfoLogger.java : 57] - Started SpringBootSkeletonApplication in 13.548 seconds (JVM running for 14.334)
2017-07-11 18:13:55.620 INFO  [http-nio-8080-exec-1] c.s.s.s.f.JWTAuthenticationTokenFilter [JWTAuthenticationTokenFilter.java : 36] - 经过JWTAuthenticationTokenFilter
2017-07-11 18:13:55.627 INFO  [http-nio-8080-exec-1] c.s.s.s.f.JWTAuthenticationTokenFilter [JWTAuthenticationTokenFilter.java : 42] - Token无效
2017-07-11 18:13:55.636 INFO  [http-nio-8080-exec-1] c.s.s.s.f.JWTAuthenticationTokenFilter [JWTAuthenticationTokenFilter.java : 36] - 经过JWTAuthenticationTokenFilter
2017-07-11 18:13:55.636 INFO  [http-nio-8080-exec-1] c.s.s.s.f.JWTAuthenticationTokenFilter [JWTAuthenticationTokenFilter.java : 42] - Token无效
2017-07-11 18:13:55.755 INFO  [http-nio-8080-exec-1] c.s.s.c.user.CaptchaController [CaptchaController.java : 56] - verificationManager:cn.sinjinsong.skeleton.security.verification.impl.VerificationManagerImpl@6b0f68e7
2017-07-11 18:14:30.632 INFO  [restartedMain] c.s.s.SpringBootSkeletonApplication [StartupInfoLogger.java : 48] - Starting SpringBootSkeletonApplication on LAPTOP-0E5JL9PN with PID 6644 (D:\idea\SpringBootSkeleton\skeleton\target\classes started by songx in D:\idea\SpringBootSkeleton)
2017-07-11 18:14:30.641 INFO  [restartedMain] c.s.s.SpringBootSkeletonApplication [SpringApplication.java : 597] - The following profiles are active: dev
2017-07-11 18:14:43.466 INFO  [restartedMain] c.s.s.SpringBootSkeletonApplication [StartupInfoLogger.java : 57] - Started SpringBootSkeletonApplication in 13.872 seconds (JVM running for 14.678)
2017-07-11 18:14:48.040 INFO  [http-nio-8080-exec-1] c.s.s.s.f.JWTAuthenticationTokenFilter [JWTAuthenticationTokenFilter.java : 36] - 经过JWTAuthenticationTokenFilter
2017-07-11 18:14:48.047 INFO  [http-nio-8080-exec-1] c.s.s.s.f.JWTAuthenticationTokenFilter [JWTAuthenticationTokenFilter.java : 42] - Token无效
2017-07-11 18:14:48.055 INFO  [http-nio-8080-exec-1] c.s.s.s.f.JWTAuthenticationTokenFilter [JWTAuthenticationTokenFilter.java : 36] - 经过JWTAuthenticationTokenFilter
2017-07-11 18:14:48.056 INFO  [http-nio-8080-exec-1] c.s.s.s.f.JWTAuthenticationTokenFilter [JWTAuthenticationTokenFilter.java : 42] - Token无效
2017-07-11 18:14:48.185 INFO  [http-nio-8080-exec-1] c.s.s.c.user.CaptchaController [CaptchaController.java : 56] - verificationManager:cn.sinjinsong.skeleton.security.verification.impl.VerificationManagerImpl@7519d049
2017-07-11 18:14:48.185 INFO  [http-nio-8080-exec-1] c.s.s.c.user.CaptchaController [CaptchaController.java : 57] - authenticationProperties.getCaptchaExpireTime():null
2017-07-11 18:16:22.077 INFO  [restartedMain] c.s.s.SpringBootSkeletonApplication [StartupInfoLogger.java : 48] - Starting SpringBootSkeletonApplication on LAPTOP-0E5JL9PN with PID 4868 (D:\idea\SpringBootSkeleton\skeleton\target\classes started by songx in D:\idea\SpringBootSkeleton)
2017-07-11 18:16:22.078 INFO  [restartedMain] c.s.s.SpringBootSkeletonApplication [SpringApplication.java : 597] - The following profiles are active: dev
2017-07-11 18:16:34.909 INFO  [restartedMain] c.s.s.SpringBootSkeletonApplication [StartupInfoLogger.java : 57] - Started SpringBootSkeletonApplication in 13.8 seconds (JVM running for 14.597)
2017-07-11 18:16:39.989 INFO  [http-nio-8080-exec-1] c.s.s.s.f.JWTAuthenticationTokenFilter [JWTAuthenticationTokenFilter.java : 36] - 经过JWTAuthenticationTokenFilter
2017-07-11 18:16:39.996 INFO  [http-nio-8080-exec-1] c.s.s.s.f.JWTAuthenticationTokenFilter [JWTAuthenticationTokenFilter.java : 42] - Token无效
2017-07-11 18:16:40.006 INFO  [http-nio-8080-exec-1] c.s.s.s.f.JWTAuthenticationTokenFilter [JWTAuthenticationTokenFilter.java : 36] - 经过JWTAuthenticationTokenFilter
2017-07-11 18:16:40.006 INFO  [http-nio-8080-exec-1] c.s.s.s.f.JWTAuthenticationTokenFilter [JWTAuthenticationTokenFilter.java : 42] - Token无效
2017-07-11 18:16:40.128 INFO  [http-nio-8080-exec-1] c.s.s.c.user.CaptchaController [CaptchaController.java : 56] - verificationManager:cn.sinjinsong.skeleton.security.verification.impl.VerificationManagerImpl@6dac84c5
2017-07-11 18:16:40.128 INFO  [http-nio-8080-exec-1] c.s.s.c.user.CaptchaController [CaptchaController.java : 57] - authenticationProperties:cn.sinjinsong.skeleton.properties.AuthenticationProperties@4e0b5d7d
2017-07-11 18:16:40.129 INFO  [http-nio-8080-exec-1] c.s.s.c.user.CaptchaController [CaptchaController.java : 58] - authenticationProperties.getCaptchaExpireTime():null
2017-07-11 18:18:04.453 INFO  [restartedMain] c.s.s.SpringBootSkeletonApplication [StartupInfoLogger.java : 48] - Starting SpringBootSkeletonApplication on LAPTOP-0E5JL9PN with PID 5764 (D:\idea\SpringBootSkeleton\skeleton\target\classes started by songx in D:\idea\SpringBootSkeleton)
2017-07-11 18:18:04.455 INFO  [restartedMain] c.s.s.SpringBootSkeletonApplication [SpringApplication.java : 597] - The following profiles are active: dev
2017-07-11 18:18:11.271 INFO  [restartedMain] c.s.s.c.user.CaptchaController [CaptchaController.java : 38] - captchaExpireTime:null
2017-07-11 18:18:16.922 INFO  [restartedMain] c.s.s.SpringBootSkeletonApplication [StartupInfoLogger.java : 57] - Started SpringBootSkeletonApplication in 13.547 seconds (JVM running for 14.387)
2017-07-11 18:19:05.247 INFO  [http-nio-8080-exec-1] c.s.s.s.f.JWTAuthenticationTokenFilter [JWTAuthenticationTokenFilter.java : 36] - 经过JWTAuthenticationTokenFilter
2017-07-11 18:19:05.254 INFO  [http-nio-8080-exec-1] c.s.s.s.f.JWTAuthenticationTokenFilter [JWTAuthenticationTokenFilter.java : 42] - Token无效
2017-07-11 18:19:05.264 INFO  [http-nio-8080-exec-1] c.s.s.s.f.JWTAuthenticationTokenFilter [JWTAuthenticationTokenFilter.java : 36] - 经过JWTAuthenticationTokenFilter
2017-07-11 18:19:05.265 INFO  [http-nio-8080-exec-1] c.s.s.s.f.JWTAuthenticationTokenFilter [JWTAuthenticationTokenFilter.java : 42] - Token无效
2017-07-11 18:19:05.396 INFO  [http-nio-8080-exec-1] c.s.s.c.user.CaptchaController [CaptchaController.java : 61] - verificationManager:cn.sinjinsong.skeleton.security.verification.impl.VerificationManagerImpl@50c6c9e7
2017-07-11 18:19:05.397 INFO  [http-nio-8080-exec-1] c.s.s.c.user.CaptchaController [CaptchaController.java : 62] - authenticationProperties:cn.sinjinsong.skeleton.properties.AuthenticationProperties@4c8ab745
2017-07-11 18:19:05.397 INFO  [http-nio-8080-exec-1] c.s.s.c.user.CaptchaController [CaptchaController.java : 63] - authenticationProperties.getCaptchaExpireTime():null
2017-07-11 18:20:30.244 INFO  [restartedMain] c.s.s.SpringBootSkeletonApplication [StartupInfoLogger.java : 48] - Starting SpringBootSkeletonApplication on LAPTOP-0E5JL9PN with PID 5048 (D:\idea\SpringBootSkeleton\skeleton\target\classes started by songx in D:\idea\SpringBootSkeleton)
2017-07-11 18:20:30.246 INFO  [restartedMain] c.s.s.SpringBootSkeletonApplication [SpringApplication.java : 597] - The following profiles are active: dev
2017-07-11 18:20:42.557 INFO  [restartedMain] c.s.s.SpringBootSkeletonApplication [StartupInfoLogger.java : 57] - Started SpringBootSkeletonApplication in 13.495 seconds (JVM running for 14.303)
2017-07-11 18:20:47.872 INFO  [http-nio-8080-exec-1] c.s.s.s.f.JWTAuthenticationTokenFilter [JWTAuthenticationTokenFilter.java : 36] - 经过JWTAuthenticationTokenFilter
2017-07-11 18:20:47.882 INFO  [http-nio-8080-exec-1] c.s.s.s.f.JWTAuthenticationTokenFilter [JWTAuthenticationTokenFilter.java : 42] - Token无效
2017-07-11 18:20:47.898 INFO  [http-nio-8080-exec-1] c.s.s.s.f.JWTAuthenticationTokenFilter [JWTAuthenticationTokenFilter.java : 36] - 经过JWTAuthenticationTokenFilter
2017-07-11 18:20:47.898 INFO  [http-nio-8080-exec-1] c.s.s.s.f.JWTAuthenticationTokenFilter [JWTAuthenticationTokenFilter.java : 42] - Token无效
2017-07-11 18:20:48.040 INFO  [http-nio-8080-exec-1] c.s.s.c.user.CaptchaController [CaptchaController.java : 56] - authenticationProperties.getCaptchaExpireTime():null
2017-07-11 18:20:48.040 INFO  [http-nio-8080-exec-1] c.s.s.c.user.CaptchaController [CaptchaController.java : 57] - null
2017-07-11 18:20:48.041 INFO  [http-nio-8080-exec-1] c.s.s.c.user.CaptchaController [CaptchaController.java : 58] - null
2017-07-11 18:24:49.382 INFO  [restartedMain] c.s.s.SpringBootSkeletonApplication [StartupInfoLogger.java : 48] - Starting SpringBootSkeletonApplication on LAPTOP-0E5JL9PN with PID 9640 (D:\idea\SpringBootSkeleton\skeleton\target\classes started by songx in D:\idea\SpringBootSkeleton)
2017-07-11 18:24:49.383 INFO  [restartedMain] c.s.s.SpringBootSkeletonApplication [SpringApplication.java : 597] - The following profiles are active: dev
2017-07-11 18:25:01.892 INFO  [restartedMain] c.s.s.SpringBootSkeletonApplication [StartupInfoLogger.java : 57] - Started SpringBootSkeletonApplication in 13.612 seconds (JVM running for 14.471)
2017-07-11 18:26:37.874 INFO  [http-nio-8080-exec-1] c.s.s.s.f.JWTAuthenticationTokenFilter [JWTAuthenticationTokenFilter.java : 36] - 经过JWTAuthenticationTokenFilter
2017-07-11 18:26:37.881 INFO  [http-nio-8080-exec-1] c.s.s.s.f.JWTAuthenticationTokenFilter [JWTAuthenticationTokenFilter.java : 42] - Token无效
2017-07-11 18:26:37.890 INFO  [http-nio-8080-exec-1] c.s.s.s.f.JWTAuthenticationTokenFilter [JWTAuthenticationTokenFilter.java : 36] - 经过JWTAuthenticationTokenFilter
2017-07-11 18:26:37.891 INFO  [http-nio-8080-exec-1] c.s.s.s.f.JWTAuthenticationTokenFilter [JWTAuthenticationTokenFilter.java : 42] - Token无效
2017-07-11 18:26:38.011 INFO  [http-nio-8080-exec-1] c.s.s.c.user.CaptchaController [CaptchaController.java : 56] - authenticationProperties.getCaptchaExpireTime():300
2017-07-11 18:26:38.011 INFO  [http-nio-8080-exec-1] c.s.s.c.user.CaptchaController [CaptchaController.java : 57] - 86400
2017-07-11 18:26:38.012 INFO  [http-nio-8080-exec-1] c.s.s.c.user.CaptchaController [CaptchaController.java : 58] - 86400
2017-07-11 18:26:38.012 INFO  [http-nio-8080-exec-1] c.s.s.s.v.i.VerificationManagerImpl [VerificationManagerImpl.java : 20] - creating...
2017-07-11 18:26:38.012 INFO  [http-nio-8080-exec-1] c.s.s.s.v.i.VerificationManagerImpl [VerificationManagerImpl.java : 21] - expireTime:300
2017-07-11 18:26:38.113 INFO  [http-nio-8080-exec-1] c.s.s.c.user.CaptchaController [CaptchaController.java : 60] - uuid:ED7427C6A0C4407484FCFFD2DB522C7A
2017-07-11 18:26:38.115 INFO  [http-nio-8080-exec-1] c.s.s.c.user.CaptchaController [CaptchaController.java : 61] - value:6DWZ
