2017-07-12 15:48:42.947 INFO  [restartedMain] c.s.s.SpringBootSkeletonApplication [StartupInfoLogger.java : 48] - Starting SpringBootSkeletonApplication on LAPTOP-0E5JL9PN with PID 7500 (D:\idea\SpringBootSkeleton\skeleton\target\classes started by songx in D:\idea\SpringBootSkeleton)
2017-07-12 15:48:42.950 INFO  [restartedMain] c.s.s.SpringBootSkeletonApplication [SpringApplication.java : 597] - The following profiles are active: dev
2017-07-12 16:06:44.394 INFO  [restartedMain] c.s.s.SpringBootSkeletonApplication [StartupInfoLogger.java : 48] - Starting SpringBootSkeletonApplication on LAPTOP-0E5JL9PN with PID 7992 (D:\idea\SpringBootSkeleton\skeleton\target\classes started by songx in D:\idea\SpringBootSkeleton)
2017-07-12 16:06:44.396 INFO  [restartedMain] c.s.s.SpringBootSkeletonApplication [SpringApplication.java : 597] - The following profiles are active: dev
2017-07-12 16:07:07.888 INFO  [restartedMain] c.s.s.SpringBootSkeletonApplication [StartupInfoLogger.java : 57] - Started SpringBootSkeletonApplication in 24.462 seconds (JVM running for 25.381)
2017-07-12 16:09:23.328 INFO  [restartedMain] c.s.s.SpringBootSkeletonApplication [StartupInfoLogger.java : 48] - Starting SpringBootSkeletonApplication on LAPTOP-0E5JL9PN with PID 9476 (D:\idea\SpringBootSkeleton\skeleton\target\classes started by songx in D:\idea\SpringBootSkeleton)
2017-07-12 16:09:23.332 INFO  [restartedMain] c.s.s.SpringBootSkeletonApplication [SpringApplication.java : 597] - The following profiles are active: dev
2017-07-12 16:09:46.141 INFO  [restartedMain] c.s.s.SpringBootSkeletonApplication [StartupInfoLogger.java : 57] - Started SpringBootSkeletonApplication in 23.904 seconds (JVM running for 24.821)
2017-07-12 16:10:00.001 INFO  [pool-1-thread-1] c.s.skeleton.scheduler.Scheduler [Scheduler.java : 70] - 清空缓存
2017-07-12 16:11:00.001 INFO  [pool-1-thread-1] c.s.skeleton.scheduler.Scheduler [Scheduler.java : 70] - 清空缓存
2017-07-12 16:12:00.012 INFO  [pool-1-thread-2] c.s.skeleton.scheduler.Scheduler [Scheduler.java : 70] - 清空缓存
2017-07-12 16:13:00.002 INFO  [pool-1-thread-1] c.s.skeleton.scheduler.Scheduler [Scheduler.java : 70] - 清空缓存
2017-07-12 16:14:00.004 INFO  [pool-1-thread-3] c.s.skeleton.scheduler.Scheduler [Scheduler.java : 70] - 清空缓存
2017-07-12 16:15:00.001 INFO  [pool-1-thread-2] c.s.skeleton.scheduler.Scheduler [Scheduler.java : 70] - 清空缓存
2017-07-12 16:16:00.002 INFO  [pool-1-thread-4] c.s.skeleton.scheduler.Scheduler [Scheduler.java : 70] - 清空缓存
2017-07-12 16:17:00.007 INFO  [pool-1-thread-1] c.s.skeleton.scheduler.Scheduler [Scheduler.java : 70] - 清空缓存
2017-07-12 16:23:31.855 INFO  [restartedMain] c.s.s.SpringBootSkeletonApplication [StartupInfoLogger.java : 48] - Starting SpringBootSkeletonApplication on LAPTOP-0E5JL9PN with PID 804 (D:\idea\SpringBootSkeleton\skeleton\target\classes started by songx in D:\idea\SpringBootSkeleton)
2017-07-12 16:23:31.862 INFO  [restartedMain] c.s.s.SpringBootSkeletonApplication [SpringApplication.java : 597] - The following profiles are active: dev
2017-07-12 16:24:09.342 INFO  [restartedMain] c.s.s.SpringBootSkeletonApplication [StartupInfoLogger.java : 48] - Starting SpringBootSkeletonApplication on LAPTOP-0E5JL9PN with PID 9156 (D:\idea\SpringBootSkeleton\skeleton\target\classes started by songx in D:\idea\SpringBootSkeleton)
2017-07-12 16:24:09.344 INFO  [restartedMain] c.s.s.SpringBootSkeletonApplication [SpringApplication.java : 597] - The following profiles are active: dev
2017-07-12 16:24:32.245 INFO  [restartedMain] c.s.s.SpringBootSkeletonApplication [StartupInfoLogger.java : 57] - Started SpringBootSkeletonApplication in 24.08 seconds (JVM running for 25.051)
2017-07-12 16:26:39.682 INFO  [http-nio-8080-exec-2] c.s.s.s.f.JWTAuthenticationTokenFilter [JWTAuthenticationTokenFilter.java : 36] - 经过JWTAuthenticationTokenFilter
2017-07-12 16:26:39.885 INFO  [http-nio-8080-exec-2] c.s.s.s.f.JWTAuthenticationTokenFilter [JWTAuthenticationTokenFilter.java : 42] - Token无效
2017-07-12 16:26:39.895 INFO  [http-nio-8080-exec-2] c.s.s.s.e.JWTAuthenticationEntryPoint [JWTAuthenticationEntryPoint.java : 29] - 到达JWTAuthenticationEntryPoint
2017-07-12 16:26:44.561 INFO  [http-nio-8080-exec-1] c.s.s.s.f.JWTAuthenticationTokenFilter [JWTAuthenticationTokenFilter.java : 36] - 经过JWTAuthenticationTokenFilter
2017-07-12 16:26:44.562 INFO  [http-nio-8080-exec-1] c.s.s.s.f.JWTAuthenticationTokenFilter [JWTAuthenticationTokenFilter.java : 42] - Token无效
2017-07-12 16:26:44.566 INFO  [http-nio-8080-exec-1] c.s.s.s.f.JWTAuthenticationTokenFilter [JWTAuthenticationTokenFilter.java : 36] - 经过JWTAuthenticationTokenFilter
2017-07-12 16:26:44.566 INFO  [http-nio-8080-exec-1] c.s.s.s.f.JWTAuthenticationTokenFilter [JWTAuthenticationTokenFilter.java : 42] - Token无效
2017-07-12 16:26:44.598 INFO  [http-nio-8080-exec-1] c.s.skeleton.aop.LoggingAspect [LoggingAspect.java : 22] - The method [ void cn.sinjinsong.skeleton.controller.user.CaptchaController.getCaptcha(HttpServletResponse) ] begins with Parameters: [com.alibaba.druid.support.http.WebStatFilter$StatHttpServletResponseWrapper@3d2e299d]
2017-07-12 16:26:44.719 INFO  [http-nio-8080-exec-1] c.s.s.c.user.CaptchaController [CaptchaController.java : 56] - authenticationProperties.getCaptchaExpireTime():300
2017-07-12 16:26:44.719 INFO  [http-nio-8080-exec-1] c.s.s.c.user.CaptchaController [CaptchaController.java : 57] - 86400
2017-07-12 16:26:44.720 INFO  [http-nio-8080-exec-1] c.s.s.c.user.CaptchaController [CaptchaController.java : 58] - 86400
2017-07-12 16:26:44.720 INFO  [http-nio-8080-exec-1] c.s.s.s.v.i.VerificationManagerImpl [VerificationManagerImpl.java : 20] - creating...
2017-07-12 16:26:44.720 INFO  [http-nio-8080-exec-1] c.s.s.s.v.i.VerificationManagerImpl [VerificationManagerImpl.java : 21] - expireTime:300
2017-07-12 16:26:44.722 INFO  [http-nio-8080-exec-1] c.s.s.c.user.CaptchaController [CaptchaController.java : 60] - uuid:A5FE5C70D7134EFCAFA9B2B446FC1B83
2017-07-12 16:26:44.723 INFO  [http-nio-8080-exec-1] c.s.s.c.user.CaptchaController [CaptchaController.java : 61] - value:GD2Z
2017-07-12 16:26:44.725 INFO  [http-nio-8080-exec-1] c.s.skeleton.aop.LoggingAspect [LoggingAspect.java : 27] - The method [ void cn.sinjinsong.skeleton.controller.user.CaptchaController.getCaptcha(HttpServletResponse) ] ends with Result: null
2017-07-12 16:26:58.762 INFO  [http-nio-8080-exec-3] c.s.s.s.f.JWTAuthenticationTokenFilter [JWTAuthenticationTokenFilter.java : 36] - 经过JWTAuthenticationTokenFilter
2017-07-12 16:26:58.763 INFO  [http-nio-8080-exec-3] c.s.s.s.f.JWTAuthenticationTokenFilter [JWTAuthenticationTokenFilter.java : 42] - Token无效
2017-07-12 16:26:58.763 INFO  [http-nio-8080-exec-3] c.s.s.s.f.JWTAuthenticationTokenFilter [JWTAuthenticationTokenFilter.java : 36] - 经过JWTAuthenticationTokenFilter
2017-07-12 16:26:58.764 INFO  [http-nio-8080-exec-3] c.s.s.s.f.JWTAuthenticationTokenFilter [JWTAuthenticationTokenFilter.java : 42] - Token无效
2017-07-12 16:26:58.852 INFO  [http-nio-8080-exec-3] c.s.skeleton.aop.LoggingAspect [LoggingAspect.java : 22] - The method [ String cn.sinjinsong.skeleton.controller.user.TokenController.login(LoginDTO,BindingResult) ] begins with Parameters: [LoginDTO(username=user1, phone=null, email=null, password=user1, captchaCode=A5FE5C70D7134EFCAFA9B2B446FC1B83, captchaValue=GD2Z, userMode=USERNAME), org.springframework.validation.BeanPropertyBindingResult: 0 errors]
2017-07-12 16:26:58.885 INFO  [http-nio-8080-exec-3] c.s.skeleton.aop.LoggingAspect [LoggingAspect.java : 22] - The method [ UserDO cn.sinjinsong.skeleton.service.user.impl.UserServiceImpl.findByUsername(String) ] begins with Parameters: [user1]
2017-07-12 16:26:58.917 DEBUG [http-nio-8080-exec-3] d.c.s.s.d.u.U.findByUsername [BaseJdbcLogger.java : 159] - ==>  Preparing: select id, username, password, nickname, real_name, sex, birthday, reg_time, email, phone, user_status,avatar from user where username = ? 
2017-07-12 16:26:59.039 DEBUG [http-nio-8080-exec-3] d.c.s.s.d.u.U.findByUsername [BaseJdbcLogger.java : 159] - ==> Parameters: user1(String)
2017-07-12 16:26:59.064 DEBUG [http-nio-8080-exec-3] d.c.s.s.d.u.R.findByUserId [BaseJdbcLogger.java : 159] - ====>  Preparing: select id, role_name from role where id in (select role from user_role where user = ?) 
2017-07-12 16:26:59.068 DEBUG [http-nio-8080-exec-3] d.c.s.s.d.u.R.findByUserId [BaseJdbcLogger.java : 159] - ====> Parameters: 14(Long)
2017-07-12 16:26:59.071 DEBUG [http-nio-8080-exec-3] d.c.s.s.d.u.R.findByUserId [BaseJdbcLogger.java : 159] - <====      Total: 1
2017-07-12 16:26:59.073 DEBUG [http-nio-8080-exec-3] d.c.s.s.d.u.U.findByUsername [BaseJdbcLogger.java : 159] - <==      Total: 1
2017-07-12 16:26:59.074 INFO  [http-nio-8080-exec-3] c.s.skeleton.aop.LoggingAspect [LoggingAspect.java : 27] - The method [ UserDO cn.sinjinsong.skeleton.service.user.impl.UserServiceImpl.findByUsername(String) ] ends with Result: UserDO(id=14, username=user1, password=$2a$10$xlfkDa.NE3RuPLpPpmi9ledmLZSePnZD4uU4NVzsLNqz.sh9wJ7RG, nickname=user1, realName=user1, sex=M, birthday=null, regTime=2017-05-05T23:47:46, email=songxinjianzx@126.com, phone=123456789, roles=[RoleDO(id=2, roleName=role_user)], userStatus=ACTIVATED, avatar=\WEB-INF\uploads\user\image\2017\7\12\1499836795784_1496205207202.jpeg)
2017-07-12 16:26:59.098 INFO  [http-nio-8080-exec-3] c.s.s.c.user.TokenController [TokenController.java : 90] - UserDO(id=14, username=user1, password=$2a$10$xlfkDa.NE3RuPLpPpmi9ledmLZSePnZD4uU4NVzsLNqz.sh9wJ7RG, nickname=user1, realName=user1, sex=M, birthday=null, regTime=2017-05-05T23:47:46, email=songxinjianzx@126.com, phone=123456789, roles=[RoleDO(id=2, roleName=role_user)], userStatus=ACTIVATED, avatar=\WEB-INF\uploads\user\image\2017\7\12\1499836795784_1496205207202.jpeg)
2017-07-12 16:26:59.098 INFO  [http-nio-8080-exec-3] c.s.skeleton.aop.LoggingAspect [LoggingAspect.java : 22] - The method [ UserDetails cn.sinjinsong.skeleton.service.user.impl.UserDetailsServiceImpl.loadUserByUsername(String) ] begins with Parameters: [user1]
2017-07-12 16:26:59.117 INFO  [http-nio-8080-exec-3] c.s.skeleton.aop.LoggingAspect [LoggingAspect.java : 27] - The method [ UserDetails cn.sinjinsong.skeleton.service.user.impl.UserDetailsServiceImpl.loadUserByUsername(String) ] ends with Result: cn.sinjinsong.skeleton.security.domain.JWTUser@ffcdd9b
2017-07-12 16:26:59.270 INFO  [http-nio-8080-exec-3] c.s.skeleton.aop.LoggingAspect [LoggingAspect.java : 27] - The method [ String cn.sinjinsong.skeleton.controller.user.TokenController.login(LoginDTO,BindingResult) ] ends with Result: eyJ0eXAiOiJKV1QiLCJhbGciOiJIUzI1NiJ9.eyJqdGkiOiJ1c2VyMSIsImlhdCI6MTQ5OTg0ODAxOSwiZXhwIjoxNDk5OTM0NDE5fQ.JffN0M4NT7i1NnqfcjCbJC8bRgmv8uG6khaC0Aa0_sU
2017-07-12 16:27:19.722 INFO  [http-nio-8080-exec-4] c.s.s.s.f.JWTAuthenticationTokenFilter [JWTAuthenticationTokenFilter.java : 36] - 经过JWTAuthenticationTokenFilter
2017-07-12 16:27:19.727 INFO  [http-nio-8080-exec-4] c.s.s.s.f.JWTAuthenticationTokenFilter [JWTAuthenticationTokenFilter.java : 45] - checking authentication TokenCheckResult{isValid=true, username='user1', exception=null}
2017-07-12 16:27:19.728 INFO  [http-nio-8080-exec-4] c.s.skeleton.aop.LoggingAspect [LoggingAspect.java : 22] - The method [ UserDetails cn.sinjinsong.skeleton.service.user.impl.UserDetailsServiceImpl.loadUserByUsername(String) ] begins with Parameters: [user1]
2017-07-12 16:27:19.731 INFO  [http-nio-8080-exec-4] c.s.skeleton.aop.LoggingAspect [LoggingAspect.java : 27] - The method [ UserDetails cn.sinjinsong.skeleton.service.user.impl.UserDetailsServiceImpl.loadUserByUsername(String) ] ends with Result: cn.sinjinsong.skeleton.security.domain.JWTUser@4cbb802b
2017-07-12 16:27:19.731 INFO  [http-nio-8080-exec-4] c.s.s.s.f.JWTAuthenticationTokenFilter [JWTAuthenticationTokenFilter.java : 54] - authenticated user TokenCheckResult{isValid=true, username='user1', exception=null} ,setting security context
2017-07-12 16:27:19.732 INFO  [http-nio-8080-exec-4] c.s.s.s.f.JWTAuthenticationTokenFilter [JWTAuthenticationTokenFilter.java : 36] - 经过JWTAuthenticationTokenFilter
2017-07-12 16:27:19.734 INFO  [http-nio-8080-exec-4] c.s.s.s.f.JWTAuthenticationTokenFilter [JWTAuthenticationTokenFilter.java : 45] - checking authentication TokenCheckResult{isValid=true, username='user1', exception=null}
2017-07-12 16:27:19.735 INFO  [http-nio-8080-exec-4] c.s.skeleton.aop.LoggingAspect [LoggingAspect.java : 22] - The method [ UserDetails cn.sinjinsong.skeleton.service.user.impl.UserDetailsServiceImpl.loadUserByUsername(String) ] begins with Parameters: [user1]
2017-07-12 16:27:19.736 INFO  [http-nio-8080-exec-4] c.s.skeleton.aop.LoggingAspect [LoggingAspect.java : 27] - The method [ UserDetails cn.sinjinsong.skeleton.service.user.impl.UserDetailsServiceImpl.loadUserByUsername(String) ] ends with Result: cn.sinjinsong.skeleton.security.domain.JWTUser@d868a10
2017-07-12 16:27:19.777 INFO  [http-nio-8080-exec-4] c.s.skeleton.aop.LoggingAspect [LoggingAspect.java : 22] - The method [ ResponseEntity org.springframework.boot.autoconfigure.web.BasicErrorController.error(HttpServletRequest) ] begins with Parameters: [org.apache.catalina.core.ApplicationHttpRequest@99244bd]
2017-07-12 16:27:19.783 INFO  [http-nio-8080-exec-4] c.s.skeleton.aop.LoggingAspect [LoggingAspect.java : 27] - The method [ ResponseEntity org.springframework.boot.autoconfigure.web.BasicErrorController.error(HttpServletRequest) ] ends with Result: <400 Bad Request,{timestamp=Wed Jul 12 16:27:19 CST 2017, status=400, error=Bad Request, exception=org.springframework.http.converter.HttpMessageNotReadableException, message=JSON parse error: Unexpected character ('r' (code 114)): was expecting comma to separate Object entries; nested exception is com.fasterxml.jackson.core.JsonParseException: Unexpected character ('r' (code 114)): was expecting comma to separate Object entries
 at [Source: java.io.PushbackInputStream@775b193d; line: 1, column: 17], path=/mails},{}>
2017-07-12 16:27:25.306 INFO  [http-nio-8080-exec-5] c.s.s.s.f.JWTAuthenticationTokenFilter [JWTAuthenticationTokenFilter.java : 36] - 经过JWTAuthenticationTokenFilter
2017-07-12 16:27:25.308 INFO  [http-nio-8080-exec-5] c.s.s.s.f.JWTAuthenticationTokenFilter [JWTAuthenticationTokenFilter.java : 45] - checking authentication TokenCheckResult{isValid=true, username='user1', exception=null}
2017-07-12 16:27:25.308 INFO  [http-nio-8080-exec-5] c.s.skeleton.aop.LoggingAspect [LoggingAspect.java : 22] - The method [ UserDetails cn.sinjinsong.skeleton.service.user.impl.UserDetailsServiceImpl.loadUserByUsername(String) ] begins with Parameters: [user1]
2017-07-12 16:27:25.310 INFO  [http-nio-8080-exec-5] c.s.skeleton.aop.LoggingAspect [LoggingAspect.java : 27] - The method [ UserDetails cn.sinjinsong.skeleton.service.user.impl.UserDetailsServiceImpl.loadUserByUsername(String) ] ends with Result: cn.sinjinsong.skeleton.security.domain.JWTUser@25e36d7
2017-07-12 16:27:25.311 INFO  [http-nio-8080-exec-5] c.s.s.s.f.JWTAuthenticationTokenFilter [JWTAuthenticationTokenFilter.java : 54] - authenticated user TokenCheckResult{isValid=true, username='user1', exception=null} ,setting security context
2017-07-12 16:27:25.311 INFO  [http-nio-8080-exec-5] c.s.s.s.f.JWTAuthenticationTokenFilter [JWTAuthenticationTokenFilter.java : 36] - 经过JWTAuthenticationTokenFilter
2017-07-12 16:27:25.314 INFO  [http-nio-8080-exec-5] c.s.s.s.f.JWTAuthenticationTokenFilter [JWTAuthenticationTokenFilter.java : 45] - checking authentication TokenCheckResult{isValid=true, username='user1', exception=null}
2017-07-12 16:27:25.315 INFO  [http-nio-8080-exec-5] c.s.skeleton.aop.LoggingAspect [LoggingAspect.java : 22] - The method [ UserDetails cn.sinjinsong.skeleton.service.user.impl.UserDetailsServiceImpl.loadUserByUsername(String) ] begins with Parameters: [user1]
2017-07-12 16:27:25.317 INFO  [http-nio-8080-exec-5] c.s.skeleton.aop.LoggingAspect [LoggingAspect.java : 27] - The method [ UserDetails cn.sinjinsong.skeleton.service.user.impl.UserDetailsServiceImpl.loadUserByUsername(String) ] ends with Result: cn.sinjinsong.skeleton.security.domain.JWTUser@43633cec
2017-07-12 16:27:25.331 INFO  [http-nio-8080-exec-5] c.s.skeleton.aop.LoggingAspect [LoggingAspect.java : 22] - The method [ void cn.sinjinsong.skeleton.controller.mail.MailController.sendMails(MailDTO,BindingResult,JWTUser) ] begins with Parameters: [MailDTO(receivers=[2], text=haha, sendMode=BATCH), org.springframework.validation.BeanPropertyBindingResult: 0 errors, cn.sinjinsong.skeleton.security.domain.JWTUser@25e36d7]
2017-07-12 16:27:25.334 INFO  [http-nio-8080-exec-5] c.s.s.controller.mail.MailController [MailController.java : 72] - senderId:14
2017-07-12 16:27:25.335 INFO  [http-nio-8080-exec-5] c.s.skeleton.aop.LoggingAspect [LoggingAspect.java : 22] - The method [ void cn.sinjinsong.skeleton.service.mail.impl.MailServiceImpl.send(Long,List,String) ] begins with Parameters: [14, [2], haha]
2017-07-12 16:27:25.348 DEBUG [http-nio-8080-exec-5] d.c.s.s.d.m.MailTextDOMapper.insert [BaseJdbcLogger.java : 159] - ==>  Preparing: insert into mail_text (id, send_time, mail_text ) values (?, ?, ? ) 
2017-07-12 16:27:25.355 DEBUG [http-nio-8080-exec-5] d.c.s.s.d.m.MailTextDOMapper.insert [BaseJdbcLogger.java : 159] - ==> Parameters: null, 2017-07-12 16:27:25.345(Timestamp), java.io.StringReader@584e9154(StringReader)
2017-07-12 16:27:25.359 DEBUG [http-nio-8080-exec-5] d.c.s.s.d.m.MailTextDOMapper.insert [BaseJdbcLogger.java : 159] - <==    Updates: 1
2017-07-12 16:27:25.391 DEBUG [http-nio-8080-exec-5] d.c.s.s.d.m.MailDOMapper.insertBatch [BaseJdbcLogger.java : 159] - ==>  Preparing: insert into mail (id, sender, receiver,mail_status, text) values (?, ?,?,?,?) 
2017-07-12 16:27:25.394 DEBUG [http-nio-8080-exec-5] d.c.s.s.d.m.MailDOMapper.insertBatch [BaseJdbcLogger.java : 159] - ==> Parameters: null, 14(Long), 2(Long), 0(Integer), 17(Long)
2017-07-12 16:27:25.397 DEBUG [http-nio-8080-exec-5] d.c.s.s.d.m.MailDOMapper.insertBatch [BaseJdbcLogger.java : 159] - <==    Updates: 1
2017-07-12 16:27:25.398 INFO  [http-nio-8080-exec-5] c.s.skeleton.aop.LoggingAspect [LoggingAspect.java : 27] - The method [ void cn.sinjinsong.skeleton.service.mail.impl.MailServiceImpl.send(Long,List,String) ] ends with Result: null
2017-07-12 16:27:25.406 INFO  [http-nio-8080-exec-5] c.s.skeleton.aop.LoggingAspect [LoggingAspect.java : 27] - The method [ void cn.sinjinsong.skeleton.controller.mail.MailController.sendMails(MailDTO,BindingResult,JWTUser) ] ends with Result: null
2017-07-12 16:52:27.513 INFO  [restartedMain] c.s.s.SpringBootSkeletonApplication [StartupInfoLogger.java : 48] - Starting SpringBootSkeletonApplication on LAPTOP-0E5JL9PN with PID 4780 (D:\idea\SpringBootSkeleton\skeleton\target\classes started by songx in D:\idea\SpringBootSkeleton)
2017-07-12 16:52:27.515 INFO  [restartedMain] c.s.s.SpringBootSkeletonApplication [SpringApplication.java : 597] - The following profiles are active: dev
2017-07-12 16:52:51.138 INFO  [restartedMain] c.s.s.SpringBootSkeletonApplication [StartupInfoLogger.java : 57] - Started SpringBootSkeletonApplication in 24.536 seconds (JVM running for 25.484)
2017-07-12 16:53:24.768 INFO  [http-nio-8080-exec-1] c.s.s.s.f.JWTAuthenticationTokenFilter [JWTAuthenticationTokenFilter.java : 36] - 经过JWTAuthenticationTokenFilter
2017-07-12 16:53:24.776 INFO  [http-nio-8080-exec-1] c.s.s.s.f.JWTAuthenticationTokenFilter [JWTAuthenticationTokenFilter.java : 42] - Token无效
2017-07-12 16:53:24.784 INFO  [http-nio-8080-exec-1] c.s.s.s.e.JWTAuthenticationEntryPoint [JWTAuthenticationEntryPoint.java : 29] - 到达JWTAuthenticationEntryPoint
2017-07-12 16:53:32.219 INFO  [http-nio-8080-exec-2] c.s.s.s.f.JWTAuthenticationTokenFilter [JWTAuthenticationTokenFilter.java : 36] - 经过JWTAuthenticationTokenFilter
2017-07-12 16:53:32.220 INFO  [http-nio-8080-exec-2] c.s.s.s.f.JWTAuthenticationTokenFilter [JWTAuthenticationTokenFilter.java : 42] - Token无效
2017-07-12 16:53:32.224 INFO  [http-nio-8080-exec-2] c.s.s.s.f.JWTAuthenticationTokenFilter [JWTAuthenticationTokenFilter.java : 36] - 经过JWTAuthenticationTokenFilter
2017-07-12 16:53:32.224 INFO  [http-nio-8080-exec-2] c.s.s.s.f.JWTAuthenticationTokenFilter [JWTAuthenticationTokenFilter.java : 42] - Token无效
2017-07-12 16:53:32.230 INFO  [http-nio-8080-exec-4] c.s.s.s.f.JWTAuthenticationTokenFilter [JWTAuthenticationTokenFilter.java : 36] - 经过JWTAuthenticationTokenFilter
2017-07-12 16:53:32.231 INFO  [http-nio-8080-exec-4] c.s.s.s.f.JWTAuthenticationTokenFilter [JWTAuthenticationTokenFilter.java : 42] - Token无效
2017-07-12 16:53:32.232 INFO  [http-nio-8080-exec-4] c.s.s.s.f.JWTAuthenticationTokenFilter [JWTAuthenticationTokenFilter.java : 36] - 经过JWTAuthenticationTokenFilter
2017-07-12 16:53:32.233 INFO  [http-nio-8080-exec-4] c.s.s.s.f.JWTAuthenticationTokenFilter [JWTAuthenticationTokenFilter.java : 42] - Token无效
2017-07-12 16:53:32.244 INFO  [http-nio-8080-exec-3] c.s.s.s.f.JWTAuthenticationTokenFilter [JWTAuthenticationTokenFilter.java : 36] - 经过JWTAuthenticationTokenFilter
2017-07-12 16:53:32.246 INFO  [http-nio-8080-exec-5] c.s.s.s.f.JWTAuthenticationTokenFilter [JWTAuthenticationTokenFilter.java : 36] - 经过JWTAuthenticationTokenFilter
2017-07-12 16:53:32.246 INFO  [http-nio-8080-exec-3] c.s.s.s.f.JWTAuthenticationTokenFilter [JWTAuthenticationTokenFilter.java : 42] - Token无效
2017-07-12 16:53:32.247 INFO  [http-nio-8080-exec-5] c.s.s.s.f.JWTAuthenticationTokenFilter [JWTAuthenticationTokenFilter.java : 42] - Token无效
2017-07-12 16:53:32.249 INFO  [http-nio-8080-exec-3] c.s.s.s.f.JWTAuthenticationTokenFilter [JWTAuthenticationTokenFilter.java : 36] - 经过JWTAuthenticationTokenFilter
2017-07-12 16:53:32.249 INFO  [http-nio-8080-exec-5] c.s.s.s.f.JWTAuthenticationTokenFilter [JWTAuthenticationTokenFilter.java : 36] - 经过JWTAuthenticationTokenFilter
2017-07-12 16:53:32.250 INFO  [http-nio-8080-exec-3] c.s.s.s.f.JWTAuthenticationTokenFilter [JWTAuthenticationTokenFilter.java : 42] - Token无效
2017-07-12 16:53:32.250 INFO  [http-nio-8080-exec-5] c.s.s.s.f.JWTAuthenticationTokenFilter [JWTAuthenticationTokenFilter.java : 42] - Token无效
2017-07-12 16:53:53.966 INFO  [http-nio-8080-exec-6] c.s.s.s.f.JWTAuthenticationTokenFilter [JWTAuthenticationTokenFilter.java : 36] - 经过JWTAuthenticationTokenFilter
2017-07-12 16:53:53.967 INFO  [http-nio-8080-exec-6] c.s.s.s.f.JWTAuthenticationTokenFilter [JWTAuthenticationTokenFilter.java : 42] - Token无效
2017-07-12 16:53:53.968 INFO  [http-nio-8080-exec-6] c.s.s.s.e.JWTAuthenticationEntryPoint [JWTAuthenticationEntryPoint.java : 29] - 到达JWTAuthenticationEntryPoint
2017-07-12 16:53:58.419 INFO  [http-nio-8080-exec-7] c.s.s.s.f.JWTAuthenticationTokenFilter [JWTAuthenticationTokenFilter.java : 36] - 经过JWTAuthenticationTokenFilter
2017-07-12 16:53:58.420 INFO  [http-nio-8080-exec-7] c.s.s.s.f.JWTAuthenticationTokenFilter [JWTAuthenticationTokenFilter.java : 42] - Token无效
2017-07-12 16:53:58.421 INFO  [http-nio-8080-exec-7] c.s.s.s.e.JWTAuthenticationEntryPoint [JWTAuthenticationEntryPoint.java : 29] - 到达JWTAuthenticationEntryPoint
2017-07-12 16:54:09.549 INFO  [http-nio-8080-exec-8] c.s.s.s.f.JWTAuthenticationTokenFilter [JWTAuthenticationTokenFilter.java : 36] - 经过JWTAuthenticationTokenFilter
2017-07-12 16:54:09.551 INFO  [http-nio-8080-exec-8] c.s.s.s.f.JWTAuthenticationTokenFilter [JWTAuthenticationTokenFilter.java : 42] - Token无效
2017-07-12 16:54:09.552 INFO  [http-nio-8080-exec-8] c.s.s.s.e.JWTAuthenticationEntryPoint [JWTAuthenticationEntryPoint.java : 29] - 到达JWTAuthenticationEntryPoint
2017-07-12 16:54:09.709 INFO  [http-nio-8080-exec-9] c.s.s.s.f.JWTAuthenticationTokenFilter [JWTAuthenticationTokenFilter.java : 36] - 经过JWTAuthenticationTokenFilter
2017-07-12 16:54:09.710 INFO  [http-nio-8080-exec-9] c.s.s.s.f.JWTAuthenticationTokenFilter [JWTAuthenticationTokenFilter.java : 42] - Token无效
2017-07-12 16:54:09.711 INFO  [http-nio-8080-exec-9] c.s.s.s.e.JWTAuthenticationEntryPoint [JWTAuthenticationEntryPoint.java : 29] - 到达JWTAuthenticationEntryPoint
2017-07-12 16:54:09.879 INFO  [http-nio-8080-exec-10] c.s.s.s.f.JWTAuthenticationTokenFilter [JWTAuthenticationTokenFilter.java : 36] - 经过JWTAuthenticationTokenFilter
2017-07-12 16:54:09.880 INFO  [http-nio-8080-exec-10] c.s.s.s.f.JWTAuthenticationTokenFilter [JWTAuthenticationTokenFilter.java : 42] - Token无效
2017-07-12 16:54:09.881 INFO  [http-nio-8080-exec-10] c.s.s.s.e.JWTAuthenticationEntryPoint [JWTAuthenticationEntryPoint.java : 29] - 到达JWTAuthenticationEntryPoint
2017-07-12 16:54:10.040 INFO  [http-nio-8080-exec-11] c.s.s.s.f.JWTAuthenticationTokenFilter [JWTAuthenticationTokenFilter.java : 36] - 经过JWTAuthenticationTokenFilter
2017-07-12 16:54:10.041 INFO  [http-nio-8080-exec-11] c.s.s.s.f.JWTAuthenticationTokenFilter [JWTAuthenticationTokenFilter.java : 42] - Token无效
2017-07-12 16:54:10.042 INFO  [http-nio-8080-exec-11] c.s.s.s.e.JWTAuthenticationEntryPoint [JWTAuthenticationEntryPoint.java : 29] - 到达JWTAuthenticationEntryPoint
2017-07-12 16:54:17.279 INFO  [http-nio-8080-exec-12] c.s.s.s.f.JWTAuthenticationTokenFilter [JWTAuthenticationTokenFilter.java : 36] - 经过JWTAuthenticationTokenFilter
2017-07-12 16:54:17.279 INFO  [http-nio-8080-exec-12] c.s.s.s.f.JWTAuthenticationTokenFilter [JWTAuthenticationTokenFilter.java : 42] - Token无效
2017-07-12 16:54:17.280 INFO  [http-nio-8080-exec-12] c.s.s.s.e.JWTAuthenticationEntryPoint [JWTAuthenticationEntryPoint.java : 29] - 到达JWTAuthenticationEntryPoint
2017-07-12 16:56:45.206 INFO  [restartedMain] c.s.s.SpringBootSkeletonApplication [StartupInfoLogger.java : 48] - Starting SpringBootSkeletonApplication on LAPTOP-0E5JL9PN with PID 11096 (D:\idea\SpringBootSkeleton\skeleton\target\classes started by songx in D:\idea\SpringBootSkeleton)
2017-07-12 16:56:45.208 INFO  [restartedMain] c.s.s.SpringBootSkeletonApplication [SpringApplication.java : 597] - The following profiles are active: dev
2017-07-12 16:57:08.768 INFO  [restartedMain] c.s.s.SpringBootSkeletonApplication [StartupInfoLogger.java : 57] - Started SpringBootSkeletonApplication in 24.66 seconds (JVM running for 25.573)
2017-07-12 16:57:29.638 INFO  [http-nio-8080-exec-2] c.s.s.s.f.JWTAuthenticationTokenFilter [JWTAuthenticationTokenFilter.java : 36] - 经过JWTAuthenticationTokenFilter
2017-07-12 16:57:29.644 INFO  [http-nio-8080-exec-2] c.s.s.s.f.JWTAuthenticationTokenFilter [JWTAuthenticationTokenFilter.java : 42] - Token无效
2017-07-12 16:57:29.655 INFO  [http-nio-8080-exec-2] c.s.s.s.f.JWTAuthenticationTokenFilter [JWTAuthenticationTokenFilter.java : 36] - 经过JWTAuthenticationTokenFilter
2017-07-12 16:57:29.655 INFO  [http-nio-8080-exec-2] c.s.s.s.f.JWTAuthenticationTokenFilter [JWTAuthenticationTokenFilter.java : 42] - Token无效
2017-07-12 16:57:29.672 INFO  [http-nio-8080-exec-1] c.s.s.s.f.JWTAuthenticationTokenFilter [JWTAuthenticationTokenFilter.java : 36] - 经过JWTAuthenticationTokenFilter
2017-07-12 16:57:29.673 INFO  [http-nio-8080-exec-1] c.s.s.s.f.JWTAuthenticationTokenFilter [JWTAuthenticationTokenFilter.java : 42] - Token无效
2017-07-12 16:57:29.674 INFO  [http-nio-8080-exec-1] c.s.s.s.f.JWTAuthenticationTokenFilter [JWTAuthenticationTokenFilter.java : 36] - 经过JWTAuthenticationTokenFilter
2017-07-12 16:57:29.676 INFO  [http-nio-8080-exec-1] c.s.s.s.f.JWTAuthenticationTokenFilter [JWTAuthenticationTokenFilter.java : 42] - Token无效
2017-07-12 16:57:29.677 INFO  [http-nio-8080-exec-3] c.s.s.s.f.JWTAuthenticationTokenFilter [JWTAuthenticationTokenFilter.java : 36] - 经过JWTAuthenticationTokenFilter
2017-07-12 16:57:29.678 INFO  [http-nio-8080-exec-3] c.s.s.s.f.JWTAuthenticationTokenFilter [JWTAuthenticationTokenFilter.java : 42] - Token无效
2017-07-12 16:57:29.679 INFO  [http-nio-8080-exec-3] c.s.s.s.f.JWTAuthenticationTokenFilter [JWTAuthenticationTokenFilter.java : 36] - 经过JWTAuthenticationTokenFilter
2017-07-12 16:57:29.679 INFO  [http-nio-8080-exec-3] c.s.s.s.f.JWTAuthenticationTokenFilter [JWTAuthenticationTokenFilter.java : 42] - Token无效
2017-07-12 16:57:33.761 INFO  [http-nio-8080-exec-4] c.s.s.s.f.JWTAuthenticationTokenFilter [JWTAuthenticationTokenFilter.java : 36] - 经过JWTAuthenticationTokenFilter
2017-07-12 16:57:33.762 INFO  [http-nio-8080-exec-4] c.s.s.s.f.JWTAuthenticationTokenFilter [JWTAuthenticationTokenFilter.java : 42] - Token无效
2017-07-12 16:57:33.762 INFO  [http-nio-8080-exec-4] c.s.s.s.f.JWTAuthenticationTokenFilter [JWTAuthenticationTokenFilter.java : 36] - 经过JWTAuthenticationTokenFilter
2017-07-12 16:57:33.763 INFO  [http-nio-8080-exec-4] c.s.s.s.f.JWTAuthenticationTokenFilter [JWTAuthenticationTokenFilter.java : 42] - Token无效
2017-07-12 16:57:33.781 INFO  [http-nio-8080-exec-5] c.s.s.s.f.JWTAuthenticationTokenFilter [JWTAuthenticationTokenFilter.java : 36] - 经过JWTAuthenticationTokenFilter
2017-07-12 16:57:33.782 INFO  [http-nio-8080-exec-5] c.s.s.s.f.JWTAuthenticationTokenFilter [JWTAuthenticationTokenFilter.java : 42] - Token无效
2017-07-12 16:57:33.783 INFO  [http-nio-8080-exec-5] c.s.s.s.f.JWTAuthenticationTokenFilter [JWTAuthenticationTokenFilter.java : 36] - 经过JWTAuthenticationTokenFilter
2017-07-12 16:57:33.784 INFO  [http-nio-8080-exec-5] c.s.s.s.f.JWTAuthenticationTokenFilter [JWTAuthenticationTokenFilter.java : 42] - Token无效
2017-07-12 16:57:33.800 INFO  [http-nio-8080-exec-6] c.s.s.s.f.JWTAuthenticationTokenFilter [JWTAuthenticationTokenFilter.java : 36] - 经过JWTAuthenticationTokenFilter
2017-07-12 16:57:33.803 INFO  [http-nio-8080-exec-6] c.s.s.s.f.JWTAuthenticationTokenFilter [JWTAuthenticationTokenFilter.java : 42] - Token无效
2017-07-12 16:57:33.805 INFO  [http-nio-8080-exec-6] c.s.s.s.f.JWTAuthenticationTokenFilter [JWTAuthenticationTokenFilter.java : 36] - 经过JWTAuthenticationTokenFilter
2017-07-12 16:57:33.805 INFO  [http-nio-8080-exec-6] c.s.s.s.f.JWTAuthenticationTokenFilter [JWTAuthenticationTokenFilter.java : 42] - Token无效
2017-07-12 16:57:33.805 INFO  [http-nio-8080-exec-7] c.s.s.s.f.JWTAuthenticationTokenFilter [JWTAuthenticationTokenFilter.java : 36] - 经过JWTAuthenticationTokenFilter
2017-07-12 16:57:33.806 INFO  [http-nio-8080-exec-7] c.s.s.s.f.JWTAuthenticationTokenFilter [JWTAuthenticationTokenFilter.java : 42] - Token无效
2017-07-12 16:57:33.807 INFO  [http-nio-8080-exec-7] c.s.s.s.f.JWTAuthenticationTokenFilter [JWTAuthenticationTokenFilter.java : 36] - 经过JWTAuthenticationTokenFilter
2017-07-12 16:57:33.808 INFO  [http-nio-8080-exec-7] c.s.s.s.f.JWTAuthenticationTokenFilter [JWTAuthenticationTokenFilter.java : 42] - Token无效
2017-07-12 16:57:33.805 INFO  [http-nio-8080-exec-8] c.s.s.s.f.JWTAuthenticationTokenFilter [JWTAuthenticationTokenFilter.java : 36] - 经过JWTAuthenticationTokenFilter
2017-07-12 16:57:33.808 INFO  [http-nio-8080-exec-9] c.s.s.s.f.JWTAuthenticationTokenFilter [JWTAuthenticationTokenFilter.java : 36] - 经过JWTAuthenticationTokenFilter
2017-07-12 16:57:33.808 INFO  [http-nio-8080-exec-10] c.s.s.s.f.JWTAuthenticationTokenFilter [JWTAuthenticationTokenFilter.java : 36] - 经过JWTAuthenticationTokenFilter
2017-07-12 16:57:33.812 INFO  [http-nio-8080-exec-8] c.s.s.s.f.JWTAuthenticationTokenFilter [JWTAuthenticationTokenFilter.java : 42] - Token无效
2017-07-12 16:57:33.813 INFO  [http-nio-8080-exec-9] c.s.s.s.f.JWTAuthenticationTokenFilter [JWTAuthenticationTokenFilter.java : 42] - Token无效
2017-07-12 16:57:33.813 INFO  [http-nio-8080-exec-10] c.s.s.s.f.JWTAuthenticationTokenFilter [JWTAuthenticationTokenFilter.java : 42] - Token无效
2017-07-12 16:57:33.815 INFO  [http-nio-8080-exec-10] c.s.s.s.f.JWTAuthenticationTokenFilter [JWTAuthenticationTokenFilter.java : 36] - 经过JWTAuthenticationTokenFilter
2017-07-12 16:57:33.814 INFO  [http-nio-8080-exec-8] c.s.s.s.f.JWTAuthenticationTokenFilter [JWTAuthenticationTokenFilter.java : 36] - 经过JWTAuthenticationTokenFilter
2017-07-12 16:57:33.814 INFO  [http-nio-8080-exec-9] c.s.s.s.f.JWTAuthenticationTokenFilter [JWTAuthenticationTokenFilter.java : 36] - 经过JWTAuthenticationTokenFilter
2017-07-12 16:57:33.815 INFO  [http-nio-8080-exec-10] c.s.s.s.f.JWTAuthenticationTokenFilter [JWTAuthenticationTokenFilter.java : 42] - Token无效
2017-07-12 16:57:33.816 INFO  [http-nio-8080-exec-8] c.s.s.s.f.JWTAuthenticationTokenFilter [JWTAuthenticationTokenFilter.java : 42] - Token无效
2017-07-12 16:57:33.816 INFO  [http-nio-8080-exec-9] c.s.s.s.f.JWTAuthenticationTokenFilter [JWTAuthenticationTokenFilter.java : 42] - Token无效
2017-07-12 16:57:33.881 INFO  [http-nio-8080-exec-11] c.s.s.s.f.JWTAuthenticationTokenFilter [JWTAuthenticationTokenFilter.java : 36] - 经过JWTAuthenticationTokenFilter
2017-07-12 16:57:33.882 INFO  [http-nio-8080-exec-11] c.s.s.s.f.JWTAuthenticationTokenFilter [JWTAuthenticationTokenFilter.java : 42] - Token无效
2017-07-12 16:57:33.882 INFO  [http-nio-8080-exec-12] c.s.s.s.f.JWTAuthenticationTokenFilter [JWTAuthenticationTokenFilter.java : 36] - 经过JWTAuthenticationTokenFilter
2017-07-12 16:57:33.883 INFO  [http-nio-8080-exec-12] c.s.s.s.f.JWTAuthenticationTokenFilter [JWTAuthenticationTokenFilter.java : 42] - Token无效
2017-07-12 16:57:33.883 INFO  [http-nio-8080-exec-12] c.s.s.s.f.JWTAuthenticationTokenFilter [JWTAuthenticationTokenFilter.java : 36] - 经过JWTAuthenticationTokenFilter
2017-07-12 16:57:33.883 INFO  [http-nio-8080-exec-11] c.s.s.s.f.JWTAuthenticationTokenFilter [JWTAuthenticationTokenFilter.java : 36] - 经过JWTAuthenticationTokenFilter
2017-07-12 16:57:33.885 INFO  [http-nio-8080-exec-11] c.s.s.s.f.JWTAuthenticationTokenFilter [JWTAuthenticationTokenFilter.java : 42] - Token无效
2017-07-12 16:57:33.887 INFO  [http-nio-8080-exec-12] c.s.s.s.f.JWTAuthenticationTokenFilter [JWTAuthenticationTokenFilter.java : 42] - Token无效
2017-07-12 16:57:44.355 INFO  [http-nio-8080-exec-13] c.s.s.s.f.JWTAuthenticationTokenFilter [JWTAuthenticationTokenFilter.java : 36] - 经过JWTAuthenticationTokenFilter
2017-07-12 16:57:44.356 INFO  [http-nio-8080-exec-13] c.s.s.s.f.JWTAuthenticationTokenFilter [JWTAuthenticationTokenFilter.java : 42] - Token无效
2017-07-12 16:57:44.356 INFO  [http-nio-8080-exec-13] c.s.s.s.f.JWTAuthenticationTokenFilter [JWTAuthenticationTokenFilter.java : 36] - 经过JWTAuthenticationTokenFilter
2017-07-12 16:57:44.357 INFO  [http-nio-8080-exec-13] c.s.s.s.f.JWTAuthenticationTokenFilter [JWTAuthenticationTokenFilter.java : 42] - Token无效
2017-07-12 16:57:44.372 INFO  [http-nio-8080-exec-14] c.s.s.s.f.JWTAuthenticationTokenFilter [JWTAuthenticationTokenFilter.java : 36] - 经过JWTAuthenticationTokenFilter
2017-07-12 16:57:44.374 INFO  [http-nio-8080-exec-15] c.s.s.s.f.JWTAuthenticationTokenFilter [JWTAuthenticationTokenFilter.java : 36] - 经过JWTAuthenticationTokenFilter
2017-07-12 16:57:44.375 INFO  [http-nio-8080-exec-15] c.s.s.s.f.JWTAuthenticationTokenFilter [JWTAuthenticationTokenFilter.java : 42] - Token无效
2017-07-12 16:57:44.375 INFO  [http-nio-8080-exec-15] c.s.s.s.f.JWTAuthenticationTokenFilter [JWTAuthenticationTokenFilter.java : 36] - 经过JWTAuthenticationTokenFilter
2017-07-12 16:57:44.376 INFO  [http-nio-8080-exec-15] c.s.s.s.f.JWTAuthenticationTokenFilter [JWTAuthenticationTokenFilter.java : 42] - Token无效
2017-07-12 16:57:44.374 INFO  [http-nio-8080-exec-14] c.s.s.s.f.JWTAuthenticationTokenFilter [JWTAuthenticationTokenFilter.java : 42] - Token无效
2017-07-12 16:57:44.382 INFO  [http-nio-8080-exec-14] c.s.s.s.f.JWTAuthenticationTokenFilter [JWTAuthenticationTokenFilter.java : 36] - 经过JWTAuthenticationTokenFilter
2017-07-12 16:57:44.383 INFO  [http-nio-8080-exec-14] c.s.s.s.f.JWTAuthenticationTokenFilter [JWTAuthenticationTokenFilter.java : 42] - Token无效
2017-07-12 16:57:44.381 INFO  [http-nio-8080-exec-16] c.s.s.s.f.JWTAuthenticationTokenFilter [JWTAuthenticationTokenFilter.java : 36] - 经过JWTAuthenticationTokenFilter
2017-07-12 16:57:44.385 INFO  [http-nio-8080-exec-21] c.s.s.s.f.JWTAuthenticationTokenFilter [JWTAuthenticationTokenFilter.java : 36] - 经过JWTAuthenticationTokenFilter
2017-07-12 16:57:44.381 INFO  [http-nio-8080-exec-15] c.s.s.s.f.JWTAuthenticationTokenFilter [JWTAuthenticationTokenFilter.java : 36] - 经过JWTAuthenticationTokenFilter
2017-07-12 16:57:44.386 INFO  [http-nio-8080-exec-15] c.s.s.s.f.JWTAuthenticationTokenFilter [JWTAuthenticationTokenFilter.java : 42] - Token无效
2017-07-12 16:57:44.382 INFO  [http-nio-8080-exec-17] c.s.s.s.f.JWTAuthenticationTokenFilter [JWTAuthenticationTokenFilter.java : 36] - 经过JWTAuthenticationTokenFilter
2017-07-12 16:57:44.388 INFO  [http-nio-8080-exec-15] c.s.s.s.f.JWTAuthenticationTokenFilter [JWTAuthenticationTokenFilter.java : 36] - 经过JWTAuthenticationTokenFilter
2017-07-12 16:57:44.383 INFO  [http-nio-8080-exec-18] c.s.s.s.f.JWTAuthenticationTokenFilter [JWTAuthenticationTokenFilter.java : 36] - 经过JWTAuthenticationTokenFilter
2017-07-12 16:57:44.386 INFO  [http-nio-8080-exec-16] c.s.s.s.f.JWTAuthenticationTokenFilter [JWTAuthenticationTokenFilter.java : 42] - Token无效
2017-07-12 16:57:44.386 INFO  [http-nio-8080-exec-21] c.s.s.s.f.JWTAuthenticationTokenFilter [JWTAuthenticationTokenFilter.java : 42] - Token无效
2017-07-12 16:57:44.388 INFO  [http-nio-8080-exec-17] c.s.s.s.f.JWTAuthenticationTokenFilter [JWTAuthenticationTokenFilter.java : 42] - Token无效
2017-07-12 16:57:44.390 INFO  [http-nio-8080-exec-21] c.s.s.s.f.JWTAuthenticationTokenFilter [JWTAuthenticationTokenFilter.java : 36] - 经过JWTAuthenticationTokenFilter
2017-07-12 16:57:44.388 INFO  [http-nio-8080-exec-15] c.s.s.s.f.JWTAuthenticationTokenFilter [JWTAuthenticationTokenFilter.java : 42] - Token无效
2017-07-12 16:57:44.389 INFO  [http-nio-8080-exec-18] c.s.s.s.f.JWTAuthenticationTokenFilter [JWTAuthenticationTokenFilter.java : 42] - Token无效
2017-07-12 16:57:44.389 INFO  [http-nio-8080-exec-16] c.s.s.s.f.JWTAuthenticationTokenFilter [JWTAuthenticationTokenFilter.java : 36] - 经过JWTAuthenticationTokenFilter
2017-07-12 16:57:44.391 INFO  [http-nio-8080-exec-18] c.s.s.s.f.JWTAuthenticationTokenFilter [JWTAuthenticationTokenFilter.java : 36] - 经过JWTAuthenticationTokenFilter
2017-07-12 16:57:44.391 INFO  [http-nio-8080-exec-16] c.s.s.s.f.JWTAuthenticationTokenFilter [JWTAuthenticationTokenFilter.java : 42] - Token无效
2017-07-12 16:57:44.390 INFO  [http-nio-8080-exec-17] c.s.s.s.f.JWTAuthenticationTokenFilter [JWTAuthenticationTokenFilter.java : 36] - 经过JWTAuthenticationTokenFilter
2017-07-12 16:57:44.390 INFO  [http-nio-8080-exec-21] c.s.s.s.f.JWTAuthenticationTokenFilter [JWTAuthenticationTokenFilter.java : 42] - Token无效
2017-07-12 16:57:44.392 INFO  [http-nio-8080-exec-18] c.s.s.s.f.JWTAuthenticationTokenFilter [JWTAuthenticationTokenFilter.java : 42] - Token无效
2017-07-12 16:57:44.399 INFO  [http-nio-8080-exec-17] c.s.s.s.f.JWTAuthenticationTokenFilter [JWTAuthenticationTokenFilter.java : 42] - Token无效
2017-07-12 16:57:44.448 INFO  [http-nio-8080-exec-20] c.s.s.s.f.JWTAuthenticationTokenFilter [JWTAuthenticationTokenFilter.java : 36] - 经过JWTAuthenticationTokenFilter
2017-07-12 16:57:44.448 INFO  [http-nio-8080-exec-20] c.s.s.s.f.JWTAuthenticationTokenFilter [JWTAuthenticationTokenFilter.java : 42] - Token无效
2017-07-12 16:57:44.449 INFO  [http-nio-8080-exec-22] c.s.s.s.f.JWTAuthenticationTokenFilter [JWTAuthenticationTokenFilter.java : 36] - 经过JWTAuthenticationTokenFilter
2017-07-12 16:57:44.449 INFO  [http-nio-8080-exec-20] c.s.s.s.f.JWTAuthenticationTokenFilter [JWTAuthenticationTokenFilter.java : 36] - 经过JWTAuthenticationTokenFilter
2017-07-12 16:57:44.450 INFO  [http-nio-8080-exec-22] c.s.s.s.f.JWTAuthenticationTokenFilter [JWTAuthenticationTokenFilter.java : 42] - Token无效
2017-07-12 16:57:44.450 INFO  [http-nio-8080-exec-20] c.s.s.s.f.JWTAuthenticationTokenFilter [JWTAuthenticationTokenFilter.java : 42] - Token无效
2017-07-12 16:57:44.450 INFO  [http-nio-8080-exec-22] c.s.s.s.f.JWTAuthenticationTokenFilter [JWTAuthenticationTokenFilter.java : 36] - 经过JWTAuthenticationTokenFilter
2017-07-12 16:57:44.451 INFO  [http-nio-8080-exec-22] c.s.s.s.f.JWTAuthenticationTokenFilter [JWTAuthenticationTokenFilter.java : 42] - Token无效
2017-07-12 16:57:54.828 INFO  [http-nio-8080-exec-23] c.s.s.s.f.JWTAuthenticationTokenFilter [JWTAuthenticationTokenFilter.java : 36] - 经过JWTAuthenticationTokenFilter
2017-07-12 16:57:54.828 INFO  [http-nio-8080-exec-23] c.s.s.s.f.JWTAuthenticationTokenFilter [JWTAuthenticationTokenFilter.java : 42] - Token无效
2017-07-12 16:57:54.829 INFO  [http-nio-8080-exec-23] c.s.s.s.f.JWTAuthenticationTokenFilter [JWTAuthenticationTokenFilter.java : 36] - 经过JWTAuthenticationTokenFilter
2017-07-12 16:57:54.830 INFO  [http-nio-8080-exec-23] c.s.s.s.f.JWTAuthenticationTokenFilter [JWTAuthenticationTokenFilter.java : 42] - Token无效
2017-07-12 16:57:54.846 INFO  [http-nio-8080-exec-24] c.s.s.s.f.JWTAuthenticationTokenFilter [JWTAuthenticationTokenFilter.java : 36] - 经过JWTAuthenticationTokenFilter
2017-07-12 16:57:54.847 INFO  [http-nio-8080-exec-24] c.s.s.s.f.JWTAuthenticationTokenFilter [JWTAuthenticationTokenFilter.java : 42] - Token无效
2017-07-12 16:57:54.848 INFO  [http-nio-8080-exec-24] c.s.s.s.f.JWTAuthenticationTokenFilter [JWTAuthenticationTokenFilter.java : 36] - 经过JWTAuthenticationTokenFilter
2017-07-12 16:57:54.848 INFO  [http-nio-8080-exec-24] c.s.s.s.f.JWTAuthenticationTokenFilter [JWTAuthenticationTokenFilter.java : 42] - Token无效
2017-07-12 16:57:54.849 INFO  [http-nio-8080-exec-26] c.s.s.s.f.JWTAuthenticationTokenFilter [JWTAuthenticationTokenFilter.java : 36] - 经过JWTAuthenticationTokenFilter
2017-07-12 16:57:54.851 INFO  [http-nio-8080-exec-26] c.s.s.s.f.JWTAuthenticationTokenFilter [JWTAuthenticationTokenFilter.java : 42] - Token无效
2017-07-12 16:57:54.852 INFO  [http-nio-8080-exec-26] c.s.s.s.f.JWTAuthenticationTokenFilter [JWTAuthenticationTokenFilter.java : 36] - 经过JWTAuthenticationTokenFilter
2017-07-12 16:57:54.852 INFO  [http-nio-8080-exec-27] c.s.s.s.f.JWTAuthenticationTokenFilter [JWTAuthenticationTokenFilter.java : 36] - 经过JWTAuthenticationTokenFilter
2017-07-12 16:57:54.852 INFO  [http-nio-8080-exec-27] c.s.s.s.f.JWTAuthenticationTokenFilter [JWTAuthenticationTokenFilter.java : 42] - Token无效
2017-07-12 16:57:54.853 INFO  [http-nio-8080-exec-27] c.s.s.s.f.JWTAuthenticationTokenFilter [JWTAuthenticationTokenFilter.java : 36] - 经过JWTAuthenticationTokenFilter
2017-07-12 16:57:54.854 INFO  [http-nio-8080-exec-29] c.s.s.s.f.JWTAuthenticationTokenFilter [JWTAuthenticationTokenFilter.java : 36] - 经过JWTAuthenticationTokenFilter
2017-07-12 16:57:54.854 INFO  [http-nio-8080-exec-28] c.s.s.s.f.JWTAuthenticationTokenFilter [JWTAuthenticationTokenFilter.java : 36] - 经过JWTAuthenticationTokenFilter
2017-07-12 16:57:54.855 INFO  [http-nio-8080-exec-28] c.s.s.s.f.JWTAuthenticationTokenFilter [JWTAuthenticationTokenFilter.java : 42] - Token无效
2017-07-12 16:57:54.856 INFO  [http-nio-8080-exec-28] c.s.s.s.f.JWTAuthenticationTokenFilter [JWTAuthenticationTokenFilter.java : 36] - 经过JWTAuthenticationTokenFilter
2017-07-12 16:57:54.856 INFO  [http-nio-8080-exec-28] c.s.s.s.f.JWTAuthenticationTokenFilter [JWTAuthenticationTokenFilter.java : 42] - Token无效
2017-07-12 16:57:54.848 INFO  [http-nio-8080-exec-25] c.s.s.s.f.JWTAuthenticationTokenFilter [JWTAuthenticationTokenFilter.java : 36] - 经过JWTAuthenticationTokenFilter
2017-07-12 16:57:54.852 INFO  [http-nio-8080-exec-26] c.s.s.s.f.JWTAuthenticationTokenFilter [JWTAuthenticationTokenFilter.java : 42] - Token无效
2017-07-12 16:57:54.854 INFO  [http-nio-8080-exec-27] c.s.s.s.f.JWTAuthenticationTokenFilter [JWTAuthenticationTokenFilter.java : 42] - Token无效
2017-07-12 16:57:54.854 INFO  [http-nio-8080-exec-29] c.s.s.s.f.JWTAuthenticationTokenFilter [JWTAuthenticationTokenFilter.java : 42] - Token无效
2017-07-12 16:57:54.861 INFO  [http-nio-8080-exec-29] c.s.s.s.f.JWTAuthenticationTokenFilter [JWTAuthenticationTokenFilter.java : 36] - 经过JWTAuthenticationTokenFilter
2017-07-12 16:57:54.862 INFO  [http-nio-8080-exec-29] c.s.s.s.f.JWTAuthenticationTokenFilter [JWTAuthenticationTokenFilter.java : 42] - Token无效
2017-07-12 16:57:54.859 INFO  [http-nio-8080-exec-25] c.s.s.s.f.JWTAuthenticationTokenFilter [JWTAuthenticationTokenFilter.java : 42] - Token无效
2017-07-12 16:57:54.865 INFO  [http-nio-8080-exec-25] c.s.s.s.f.JWTAuthenticationTokenFilter [JWTAuthenticationTokenFilter.java : 36] - 经过JWTAuthenticationTokenFilter
2017-07-12 16:57:54.865 INFO  [http-nio-8080-exec-25] c.s.s.s.f.JWTAuthenticationTokenFilter [JWTAuthenticationTokenFilter.java : 42] - Token无效
2017-07-12 16:57:54.926 INFO  [http-nio-8080-exec-30] c.s.s.s.f.JWTAuthenticationTokenFilter [JWTAuthenticationTokenFilter.java : 36] - 经过JWTAuthenticationTokenFilter
2017-07-12 16:57:54.927 INFO  [http-nio-8080-exec-30] c.s.s.s.f.JWTAuthenticationTokenFilter [JWTAuthenticationTokenFilter.java : 42] - Token无效
2017-07-12 16:57:54.927 INFO  [http-nio-8080-exec-2] c.s.s.s.f.JWTAuthenticationTokenFilter [JWTAuthenticationTokenFilter.java : 36] - 经过JWTAuthenticationTokenFilter
2017-07-12 16:57:54.927 INFO  [http-nio-8080-exec-30] c.s.s.s.f.JWTAuthenticationTokenFilter [JWTAuthenticationTokenFilter.java : 36] - 经过JWTAuthenticationTokenFilter
2017-07-12 16:57:54.928 INFO  [http-nio-8080-exec-2] c.s.s.s.f.JWTAuthenticationTokenFilter [JWTAuthenticationTokenFilter.java : 42] - Token无效
2017-07-12 16:57:54.928 INFO  [http-nio-8080-exec-30] c.s.s.s.f.JWTAuthenticationTokenFilter [JWTAuthenticationTokenFilter.java : 42] - Token无效
2017-07-12 16:57:54.928 INFO  [http-nio-8080-exec-2] c.s.s.s.f.JWTAuthenticationTokenFilter [JWTAuthenticationTokenFilter.java : 36] - 经过JWTAuthenticationTokenFilter
2017-07-12 16:57:54.929 INFO  [http-nio-8080-exec-2] c.s.s.s.f.JWTAuthenticationTokenFilter [JWTAuthenticationTokenFilter.java : 42] - Token无效
2017-07-12 16:57:54.931 INFO  [http-nio-8080-exec-30] c.s.s.s.f.JWTAuthenticationTokenFilter [JWTAuthenticationTokenFilter.java : 36] - 经过JWTAuthenticationTokenFilter
2017-07-12 16:57:54.932 INFO  [http-nio-8080-exec-30] c.s.s.s.f.JWTAuthenticationTokenFilter [JWTAuthenticationTokenFilter.java : 42] - Token无效
2017-07-12 16:57:54.932 INFO  [http-nio-8080-exec-30] c.s.s.s.f.JWTAuthenticationTokenFilter [JWTAuthenticationTokenFilter.java : 36] - 经过JWTAuthenticationTokenFilter
2017-07-12 16:57:54.932 INFO  [http-nio-8080-exec-30] c.s.s.s.f.JWTAuthenticationTokenFilter [JWTAuthenticationTokenFilter.java : 42] - Token无效
2017-07-12 16:57:58.830 INFO  [http-nio-8080-exec-1] c.s.s.s.f.JWTAuthenticationTokenFilter [JWTAuthenticationTokenFilter.java : 36] - 经过JWTAuthenticationTokenFilter
2017-07-12 16:57:58.831 INFO  [http-nio-8080-exec-1] c.s.s.s.f.JWTAuthenticationTokenFilter [JWTAuthenticationTokenFilter.java : 42] - Token无效
2017-07-12 16:57:58.832 INFO  [http-nio-8080-exec-1] c.s.s.s.f.JWTAuthenticationTokenFilter [JWTAuthenticationTokenFilter.java : 36] - 经过JWTAuthenticationTokenFilter
2017-07-12 16:57:58.832 INFO  [http-nio-8080-exec-1] c.s.s.s.f.JWTAuthenticationTokenFilter [JWTAuthenticationTokenFilter.java : 42] - Token无效
2017-07-12 16:57:58.846 INFO  [http-nio-8080-exec-4] c.s.s.s.f.JWTAuthenticationTokenFilter [JWTAuthenticationTokenFilter.java : 36] - 经过JWTAuthenticationTokenFilter
2017-07-12 16:57:58.849 INFO  [http-nio-8080-exec-4] c.s.s.s.f.JWTAuthenticationTokenFilter [JWTAuthenticationTokenFilter.java : 42] - Token无效
2017-07-12 16:57:58.849 INFO  [http-nio-8080-exec-4] c.s.s.s.f.JWTAuthenticationTokenFilter [JWTAuthenticationTokenFilter.java : 36] - 经过JWTAuthenticationTokenFilter
2017-07-12 16:57:58.851 INFO  [http-nio-8080-exec-4] c.s.s.s.f.JWTAuthenticationTokenFilter [JWTAuthenticationTokenFilter.java : 42] - Token无效
2017-07-12 16:57:58.853 INFO  [http-nio-8080-exec-7] c.s.s.s.f.JWTAuthenticationTokenFilter [JWTAuthenticationTokenFilter.java : 36] - 经过JWTAuthenticationTokenFilter
2017-07-12 16:57:58.854 INFO  [http-nio-8080-exec-7] c.s.s.s.f.JWTAuthenticationTokenFilter [JWTAuthenticationTokenFilter.java : 42] - Token无效
2017-07-12 16:57:58.854 INFO  [http-nio-8080-exec-6] c.s.s.s.f.JWTAuthenticationTokenFilter [JWTAuthenticationTokenFilter.java : 36] - 经过JWTAuthenticationTokenFilter
2017-07-12 16:57:58.855 INFO  [http-nio-8080-exec-7] c.s.s.s.f.JWTAuthenticationTokenFilter [JWTAuthenticationTokenFilter.java : 36] - 经过JWTAuthenticationTokenFilter
2017-07-12 16:57:58.849 INFO  [http-nio-8080-exec-5] c.s.s.s.f.JWTAuthenticationTokenFilter [JWTAuthenticationTokenFilter.java : 36] - 经过JWTAuthenticationTokenFilter
2017-07-12 16:57:58.856 INFO  [http-nio-8080-exec-9] c.s.s.s.f.JWTAuthenticationTokenFilter [JWTAuthenticationTokenFilter.java : 36] - 经过JWTAuthenticationTokenFilter
2017-07-12 16:57:58.857 INFO  [http-nio-8080-exec-9] c.s.s.s.f.JWTAuthenticationTokenFilter [JWTAuthenticationTokenFilter.java : 42] - Token无效
2017-07-12 16:57:58.857 INFO  [http-nio-8080-exec-9] c.s.s.s.f.JWTAuthenticationTokenFilter [JWTAuthenticationTokenFilter.java : 36] - 经过JWTAuthenticationTokenFilter
2017-07-12 16:57:58.858 INFO  [http-nio-8080-exec-9] c.s.s.s.f.JWTAuthenticationTokenFilter [JWTAuthenticationTokenFilter.java : 42] - Token无效
2017-07-12 16:57:58.855 INFO  [http-nio-8080-exec-10] c.s.s.s.f.JWTAuthenticationTokenFilter [JWTAuthenticationTokenFilter.java : 36] - 经过JWTAuthenticationTokenFilter
2017-07-12 16:57:58.861 INFO  [http-nio-8080-exec-10] c.s.s.s.f.JWTAuthenticationTokenFilter [JWTAuthenticationTokenFilter.java : 42] - Token无效
2017-07-12 16:57:58.861 INFO  [http-nio-8080-exec-10] c.s.s.s.f.JWTAuthenticationTokenFilter [JWTAuthenticationTokenFilter.java : 36] - 经过JWTAuthenticationTokenFilter
2017-07-12 16:57:58.855 INFO  [http-nio-8080-exec-6] c.s.s.s.f.JWTAuthenticationTokenFilter [JWTAuthenticationTokenFilter.java : 42] - Token无效
2017-07-12 16:57:58.863 INFO  [http-nio-8080-exec-6] c.s.s.s.f.JWTAuthenticationTokenFilter [JWTAuthenticationTokenFilter.java : 36] - 经过JWTAuthenticationTokenFilter
2017-07-12 16:57:58.864 INFO  [http-nio-8080-exec-6] c.s.s.s.f.JWTAuthenticationTokenFilter [JWTAuthenticationTokenFilter.java : 42] - Token无效
2017-07-12 16:57:58.855 INFO  [http-nio-8080-exec-7] c.s.s.s.f.JWTAuthenticationTokenFilter [JWTAuthenticationTokenFilter.java : 42] - Token无效
2017-07-12 16:57:58.856 INFO  [http-nio-8080-exec-5] c.s.s.s.f.JWTAuthenticationTokenFilter [JWTAuthenticationTokenFilter.java : 42] - Token无效
2017-07-12 16:57:58.866 INFO  [http-nio-8080-exec-5] c.s.s.s.f.JWTAuthenticationTokenFilter [JWTAuthenticationTokenFilter.java : 36] - 经过JWTAuthenticationTokenFilter
2017-07-12 16:57:58.866 INFO  [http-nio-8080-exec-5] c.s.s.s.f.JWTAuthenticationTokenFilter [JWTAuthenticationTokenFilter.java : 42] - Token无效
2017-07-12 16:57:58.862 INFO  [http-nio-8080-exec-10] c.s.s.s.f.JWTAuthenticationTokenFilter [JWTAuthenticationTokenFilter.java : 42] - Token无效
2017-07-12 16:57:58.938 INFO  [http-nio-8080-exec-8] c.s.s.s.f.JWTAuthenticationTokenFilter [JWTAuthenticationTokenFilter.java : 36] - 经过JWTAuthenticationTokenFilter
2017-07-12 16:57:58.939 INFO  [http-nio-8080-exec-11] c.s.s.s.f.JWTAuthenticationTokenFilter [JWTAuthenticationTokenFilter.java : 36] - 经过JWTAuthenticationTokenFilter
2017-07-12 16:57:58.939 INFO  [http-nio-8080-exec-8] c.s.s.s.f.JWTAuthenticationTokenFilter [JWTAuthenticationTokenFilter.java : 42] - Token无效
2017-07-12 16:57:58.939 INFO  [http-nio-8080-exec-11] c.s.s.s.f.JWTAuthenticationTokenFilter [JWTAuthenticationTokenFilter.java : 42] - Token无效
2017-07-12 16:57:58.940 INFO  [http-nio-8080-exec-8] c.s.s.s.f.JWTAuthenticationTokenFilter [JWTAuthenticationTokenFilter.java : 36] - 经过JWTAuthenticationTokenFilter
2017-07-12 16:57:58.940 INFO  [http-nio-8080-exec-11] c.s.s.s.f.JWTAuthenticationTokenFilter [JWTAuthenticationTokenFilter.java : 36] - 经过JWTAuthenticationTokenFilter
2017-07-12 16:57:58.940 INFO  [http-nio-8080-exec-8] c.s.s.s.f.JWTAuthenticationTokenFilter [JWTAuthenticationTokenFilter.java : 42] - Token无效
2017-07-12 16:57:58.940 INFO  [http-nio-8080-exec-11] c.s.s.s.f.JWTAuthenticationTokenFilter [JWTAuthenticationTokenFilter.java : 42] - Token无效
2017-07-12 16:58:00.300 INFO  [http-nio-8080-exec-12] c.s.s.s.f.JWTAuthenticationTokenFilter [JWTAuthenticationTokenFilter.java : 36] - 经过JWTAuthenticationTokenFilter
2017-07-12 16:58:00.300 INFO  [http-nio-8080-exec-12] c.s.s.s.f.JWTAuthenticationTokenFilter [JWTAuthenticationTokenFilter.java : 42] - Token无效
2017-07-12 16:58:00.301 INFO  [http-nio-8080-exec-12] c.s.s.s.f.JWTAuthenticationTokenFilter [JWTAuthenticationTokenFilter.java : 36] - 经过JWTAuthenticationTokenFilter
2017-07-12 16:58:00.301 INFO  [http-nio-8080-exec-12] c.s.s.s.f.JWTAuthenticationTokenFilter [JWTAuthenticationTokenFilter.java : 42] - Token无效
2017-07-12 16:58:00.317 INFO  [http-nio-8080-exec-13] c.s.s.s.f.JWTAuthenticationTokenFilter [JWTAuthenticationTokenFilter.java : 36] - 经过JWTAuthenticationTokenFilter
2017-07-12 16:58:00.318 INFO  [http-nio-8080-exec-13] c.s.s.s.f.JWTAuthenticationTokenFilter [JWTAuthenticationTokenFilter.java : 42] - Token无效
2017-07-12 16:58:00.318 INFO  [http-nio-8080-exec-13] c.s.s.s.f.JWTAuthenticationTokenFilter [JWTAuthenticationTokenFilter.java : 36] - 经过JWTAuthenticationTokenFilter
2017-07-12 16:58:00.319 INFO  [http-nio-8080-exec-13] c.s.s.s.f.JWTAuthenticationTokenFilter [JWTAuthenticationTokenFilter.java : 42] - Token无效
2017-07-12 16:58:00.323 INFO  [http-nio-8080-exec-19] c.s.s.s.f.JWTAuthenticationTokenFilter [JWTAuthenticationTokenFilter.java : 36] - 经过JWTAuthenticationTokenFilter
2017-07-12 16:58:00.324 INFO  [http-nio-8080-exec-19] c.s.s.s.f.JWTAuthenticationTokenFilter [JWTAuthenticationTokenFilter.java : 42] - Token无效
2017-07-12 16:58:00.324 INFO  [http-nio-8080-exec-19] c.s.s.s.f.JWTAuthenticationTokenFilter [JWTAuthenticationTokenFilter.java : 36] - 经过JWTAuthenticationTokenFilter
2017-07-12 16:58:00.326 INFO  [http-nio-8080-exec-19] c.s.s.s.f.JWTAuthenticationTokenFilter [JWTAuthenticationTokenFilter.java : 42] - Token无效
2017-07-12 16:58:00.328 INFO  [http-nio-8080-exec-14] c.s.s.s.f.JWTAuthenticationTokenFilter [JWTAuthenticationTokenFilter.java : 36] - 经过JWTAuthenticationTokenFilter
2017-07-12 16:58:00.329 INFO  [http-nio-8080-exec-14] c.s.s.s.f.JWTAuthenticationTokenFilter [JWTAuthenticationTokenFilter.java : 42] - Token无效
2017-07-12 16:58:00.329 INFO  [http-nio-8080-exec-14] c.s.s.s.f.JWTAuthenticationTokenFilter [JWTAuthenticationTokenFilter.java : 36] - 经过JWTAuthenticationTokenFilter
2017-07-12 16:58:00.330 INFO  [http-nio-8080-exec-15] c.s.s.s.f.JWTAuthenticationTokenFilter [JWTAuthenticationTokenFilter.java : 36] - 经过JWTAuthenticationTokenFilter
2017-07-12 16:58:00.330 INFO  [http-nio-8080-exec-15] c.s.s.s.f.JWTAuthenticationTokenFilter [JWTAuthenticationTokenFilter.java : 42] - Token无效
2017-07-12 16:58:00.330 INFO  [http-nio-8080-exec-15] c.s.s.s.f.JWTAuthenticationTokenFilter [JWTAuthenticationTokenFilter.java : 36] - 经过JWTAuthenticationTokenFilter
2017-07-12 16:58:00.331 INFO  [http-nio-8080-exec-15] c.s.s.s.f.JWTAuthenticationTokenFilter [JWTAuthenticationTokenFilter.java : 42] - Token无效
2017-07-12 16:58:00.331 INFO  [http-nio-8080-exec-16] c.s.s.s.f.JWTAuthenticationTokenFilter [JWTAuthenticationTokenFilter.java : 36] - 经过JWTAuthenticationTokenFilter
2017-07-12 16:58:00.332 INFO  [http-nio-8080-exec-16] c.s.s.s.f.JWTAuthenticationTokenFilter [JWTAuthenticationTokenFilter.java : 42] - Token无效
2017-07-12 16:58:00.332 INFO  [http-nio-8080-exec-16] c.s.s.s.f.JWTAuthenticationTokenFilter [JWTAuthenticationTokenFilter.java : 36] - 经过JWTAuthenticationTokenFilter
2017-07-12 16:58:00.329 INFO  [http-nio-8080-exec-13] c.s.s.s.f.JWTAuthenticationTokenFilter [JWTAuthenticationTokenFilter.java : 36] - 经过JWTAuthenticationTokenFilter
2017-07-12 16:58:00.329 INFO  [http-nio-8080-exec-19] c.s.s.s.f.JWTAuthenticationTokenFilter [JWTAuthenticationTokenFilter.java : 36] - 经过JWTAuthenticationTokenFilter
2017-07-12 16:58:00.330 INFO  [http-nio-8080-exec-14] c.s.s.s.f.JWTAuthenticationTokenFilter [JWTAuthenticationTokenFilter.java : 42] - Token无效
2017-07-12 16:58:00.333 INFO  [http-nio-8080-exec-16] c.s.s.s.f.JWTAuthenticationTokenFilter [JWTAuthenticationTokenFilter.java : 42] - Token无效
2017-07-12 16:58:00.334 INFO  [http-nio-8080-exec-13] c.s.s.s.f.JWTAuthenticationTokenFilter [JWTAuthenticationTokenFilter.java : 42] - Token无效
2017-07-12 16:58:00.334 INFO  [http-nio-8080-exec-19] c.s.s.s.f.JWTAuthenticationTokenFilter [JWTAuthenticationTokenFilter.java : 42] - Token无效
2017-07-12 16:58:00.337 INFO  [http-nio-8080-exec-13] c.s.s.s.f.JWTAuthenticationTokenFilter [JWTAuthenticationTokenFilter.java : 36] - 经过JWTAuthenticationTokenFilter
2017-07-12 16:58:00.338 INFO  [http-nio-8080-exec-19] c.s.s.s.f.JWTAuthenticationTokenFilter [JWTAuthenticationTokenFilter.java : 36] - 经过JWTAuthenticationTokenFilter
2017-07-12 16:58:00.339 INFO  [http-nio-8080-exec-13] c.s.s.s.f.JWTAuthenticationTokenFilter [JWTAuthenticationTokenFilter.java : 42] - Token无效
2017-07-12 16:58:00.339 INFO  [http-nio-8080-exec-19] c.s.s.s.f.JWTAuthenticationTokenFilter [JWTAuthenticationTokenFilter.java : 42] - Token无效
2017-07-12 16:58:00.381 INFO  [http-nio-8080-exec-17] c.s.s.s.f.JWTAuthenticationTokenFilter [JWTAuthenticationTokenFilter.java : 36] - 经过JWTAuthenticationTokenFilter
2017-07-12 16:58:00.381 INFO  [http-nio-8080-exec-20] c.s.s.s.f.JWTAuthenticationTokenFilter [JWTAuthenticationTokenFilter.java : 36] - 经过JWTAuthenticationTokenFilter
2017-07-12 16:58:00.381 INFO  [http-nio-8080-exec-17] c.s.s.s.f.JWTAuthenticationTokenFilter [JWTAuthenticationTokenFilter.java : 42] - Token无效
2017-07-12 16:58:00.381 INFO  [http-nio-8080-exec-20] c.s.s.s.f.JWTAuthenticationTokenFilter [JWTAuthenticationTokenFilter.java : 42] - Token无效
2017-07-12 16:58:00.382 INFO  [http-nio-8080-exec-17] c.s.s.s.f.JWTAuthenticationTokenFilter [JWTAuthenticationTokenFilter.java : 36] - 经过JWTAuthenticationTokenFilter
2017-07-12 16:58:00.382 INFO  [http-nio-8080-exec-20] c.s.s.s.f.JWTAuthenticationTokenFilter [JWTAuthenticationTokenFilter.java : 36] - 经过JWTAuthenticationTokenFilter
2017-07-12 16:58:00.383 INFO  [http-nio-8080-exec-17] c.s.s.s.f.JWTAuthenticationTokenFilter [JWTAuthenticationTokenFilter.java : 42] - Token无效
2017-07-12 16:58:00.383 INFO  [http-nio-8080-exec-20] c.s.s.s.f.JWTAuthenticationTokenFilter [JWTAuthenticationTokenFilter.java : 42] - Token无效
2017-07-12 16:58:01.307 INFO  [http-nio-8080-exec-22] c.s.s.s.f.JWTAuthenticationTokenFilter [JWTAuthenticationTokenFilter.java : 36] - 经过JWTAuthenticationTokenFilter
2017-07-12 16:58:01.307 INFO  [http-nio-8080-exec-22] c.s.s.s.f.JWTAuthenticationTokenFilter [JWTAuthenticationTokenFilter.java : 42] - Token无效
2017-07-12 16:58:01.308 INFO  [http-nio-8080-exec-22] c.s.s.s.f.JWTAuthenticationTokenFilter [JWTAuthenticationTokenFilter.java : 36] - 经过JWTAuthenticationTokenFilter
2017-07-12 16:58:01.308 INFO  [http-nio-8080-exec-22] c.s.s.s.f.JWTAuthenticationTokenFilter [JWTAuthenticationTokenFilter.java : 42] - Token无效
2017-07-12 16:58:01.322 INFO  [http-nio-8080-exec-23] c.s.s.s.f.JWTAuthenticationTokenFilter [JWTAuthenticationTokenFilter.java : 36] - 经过JWTAuthenticationTokenFilter
2017-07-12 16:58:01.322 INFO  [http-nio-8080-exec-23] c.s.s.s.f.JWTAuthenticationTokenFilter [JWTAuthenticationTokenFilter.java : 42] - Token无效
2017-07-12 16:58:01.324 INFO  [http-nio-8080-exec-23] c.s.s.s.f.JWTAuthenticationTokenFilter [JWTAuthenticationTokenFilter.java : 36] - 经过JWTAuthenticationTokenFilter
2017-07-12 16:58:01.324 INFO  [http-nio-8080-exec-23] c.s.s.s.f.JWTAuthenticationTokenFilter [JWTAuthenticationTokenFilter.java : 42] - Token无效
2017-07-12 16:58:01.325 INFO  [http-nio-8080-exec-24] c.s.s.s.f.JWTAuthenticationTokenFilter [JWTAuthenticationTokenFilter.java : 36] - 经过JWTAuthenticationTokenFilter
2017-07-12 16:58:01.325 INFO  [http-nio-8080-exec-24] c.s.s.s.f.JWTAuthenticationTokenFilter [JWTAuthenticationTokenFilter.java : 42] - Token无效
2017-07-12 16:58:01.326 INFO  [http-nio-8080-exec-24] c.s.s.s.f.JWTAuthenticationTokenFilter [JWTAuthenticationTokenFilter.java : 36] - 经过JWTAuthenticationTokenFilter
2017-07-12 16:58:01.327 INFO  [http-nio-8080-exec-24] c.s.s.s.f.JWTAuthenticationTokenFilter [JWTAuthenticationTokenFilter.java : 42] - Token无效
2017-07-12 16:58:01.328 INFO  [http-nio-8080-exec-27] c.s.s.s.f.JWTAuthenticationTokenFilter [JWTAuthenticationTokenFilter.java : 36] - 经过JWTAuthenticationTokenFilter
2017-07-12 16:58:01.328 INFO  [http-nio-8080-exec-27] c.s.s.s.f.JWTAuthenticationTokenFilter [JWTAuthenticationTokenFilter.java : 42] - Token无效
2017-07-12 16:58:01.329 INFO  [http-nio-8080-exec-24] c.s.s.s.f.JWTAuthenticationTokenFilter [JWTAuthenticationTokenFilter.java : 36] - 经过JWTAuthenticationTokenFilter
2017-07-12 16:58:01.326 INFO  [http-nio-8080-exec-28] c.s.s.s.f.JWTAuthenticationTokenFilter [JWTAuthenticationTokenFilter.java : 36] - 经过JWTAuthenticationTokenFilter
2017-07-12 16:58:01.330 INFO  [http-nio-8080-exec-24] c.s.s.s.f.JWTAuthenticationTokenFilter [JWTAuthenticationTokenFilter.java : 42] - Token无效
2017-07-12 16:58:01.331 INFO  [http-nio-8080-exec-24] c.s.s.s.f.JWTAuthenticationTokenFilter [JWTAuthenticationTokenFilter.java : 36] - 经过JWTAuthenticationTokenFilter
2017-07-12 16:58:01.332 INFO  [http-nio-8080-exec-24] c.s.s.s.f.JWTAuthenticationTokenFilter [JWTAuthenticationTokenFilter.java : 42] - Token无效
2017-07-12 16:58:01.329 INFO  [http-nio-8080-exec-27] c.s.s.s.f.JWTAuthenticationTokenFilter [JWTAuthenticationTokenFilter.java : 36] - 经过JWTAuthenticationTokenFilter
2017-07-12 16:58:01.335 INFO  [http-nio-8080-exec-27] c.s.s.s.f.JWTAuthenticationTokenFilter [JWTAuthenticationTokenFilter.java : 42] - Token无效
2017-07-12 16:58:01.330 INFO  [http-nio-8080-exec-28] c.s.s.s.f.JWTAuthenticationTokenFilter [JWTAuthenticationTokenFilter.java : 42] - Token无效
2017-07-12 16:58:01.337 INFO  [http-nio-8080-exec-28] c.s.s.s.f.JWTAuthenticationTokenFilter [JWTAuthenticationTokenFilter.java : 36] - 经过JWTAuthenticationTokenFilter
2017-07-12 16:58:01.337 INFO  [http-nio-8080-exec-28] c.s.s.s.f.JWTAuthenticationTokenFilter [JWTAuthenticationTokenFilter.java : 42] - Token无效
2017-07-12 16:58:01.393 INFO  [http-nio-8080-exec-25] c.s.s.s.f.JWTAuthenticationTokenFilter [JWTAuthenticationTokenFilter.java : 36] - 经过JWTAuthenticationTokenFilter
2017-07-12 16:58:01.394 INFO  [http-nio-8080-exec-25] c.s.s.s.f.JWTAuthenticationTokenFilter [JWTAuthenticationTokenFilter.java : 42] - Token无效
2017-07-12 16:58:01.394 INFO  [http-nio-8080-exec-25] c.s.s.s.f.JWTAuthenticationTokenFilter [JWTAuthenticationTokenFilter.java : 36] - 经过JWTAuthenticationTokenFilter
2017-07-12 16:58:01.395 INFO  [http-nio-8080-exec-25] c.s.s.s.f.JWTAuthenticationTokenFilter [JWTAuthenticationTokenFilter.java : 42] - Token无效
2017-07-12 16:58:01.398 INFO  [http-nio-8080-exec-26] c.s.s.s.f.JWTAuthenticationTokenFilter [JWTAuthenticationTokenFilter.java : 36] - 经过JWTAuthenticationTokenFilter
2017-07-12 16:58:01.398 INFO  [http-nio-8080-exec-26] c.s.s.s.f.JWTAuthenticationTokenFilter [JWTAuthenticationTokenFilter.java : 42] - Token无效
2017-07-12 16:58:01.399 INFO  [http-nio-8080-exec-26] c.s.s.s.f.JWTAuthenticationTokenFilter [JWTAuthenticationTokenFilter.java : 36] - 经过JWTAuthenticationTokenFilter
2017-07-12 16:58:01.399 INFO  [http-nio-8080-exec-25] c.s.s.s.f.JWTAuthenticationTokenFilter [JWTAuthenticationTokenFilter.java : 36] - 经过JWTAuthenticationTokenFilter
2017-07-12 16:58:01.399 INFO  [http-nio-8080-exec-26] c.s.s.s.f.JWTAuthenticationTokenFilter [JWTAuthenticationTokenFilter.java : 42] - Token无效
2017-07-12 16:58:01.400 INFO  [http-nio-8080-exec-25] c.s.s.s.f.JWTAuthenticationTokenFilter [JWTAuthenticationTokenFilter.java : 42] - Token无效
2017-07-12 16:58:01.402 INFO  [http-nio-8080-exec-25] c.s.s.s.f.JWTAuthenticationTokenFilter [JWTAuthenticationTokenFilter.java : 36] - 经过JWTAuthenticationTokenFilter
2017-07-12 16:58:01.403 INFO  [http-nio-8080-exec-25] c.s.s.s.f.JWTAuthenticationTokenFilter [JWTAuthenticationTokenFilter.java : 42] - Token无效
2017-07-12 16:58:02.855 INFO  [http-nio-8080-exec-3] c.s.s.s.f.JWTAuthenticationTokenFilter [JWTAuthenticationTokenFilter.java : 36] - 经过JWTAuthenticationTokenFilter
2017-07-12 16:58:02.856 INFO  [http-nio-8080-exec-3] c.s.s.s.f.JWTAuthenticationTokenFilter [JWTAuthenticationTokenFilter.java : 42] - Token无效
2017-07-12 16:58:02.857 INFO  [http-nio-8080-exec-3] c.s.s.s.f.JWTAuthenticationTokenFilter [JWTAuthenticationTokenFilter.java : 36] - 经过JWTAuthenticationTokenFilter
2017-07-12 16:58:02.858 INFO  [http-nio-8080-exec-3] c.s.s.s.f.JWTAuthenticationTokenFilter [JWTAuthenticationTokenFilter.java : 42] - Token无效
2017-07-12 16:58:02.871 INFO  [http-nio-8080-exec-30] c.s.s.s.f.JWTAuthenticationTokenFilter [JWTAuthenticationTokenFilter.java : 36] - 经过JWTAuthenticationTokenFilter
2017-07-12 16:58:02.873 INFO  [http-nio-8080-exec-30] c.s.s.s.f.JWTAuthenticationTokenFilter [JWTAuthenticationTokenFilter.java : 42] - Token无效
2017-07-12 16:58:02.874 INFO  [http-nio-8080-exec-30] c.s.s.s.f.JWTAuthenticationTokenFilter [JWTAuthenticationTokenFilter.java : 36] - 经过JWTAuthenticationTokenFilter
2017-07-12 16:58:02.875 INFO  [http-nio-8080-exec-30] c.s.s.s.f.JWTAuthenticationTokenFilter [JWTAuthenticationTokenFilter.java : 42] - Token无效
2017-07-12 16:58:02.873 INFO  [http-nio-8080-exec-1] c.s.s.s.f.JWTAuthenticationTokenFilter [JWTAuthenticationTokenFilter.java : 36] - 经过JWTAuthenticationTokenFilter
2017-07-12 16:58:02.876 INFO  [http-nio-8080-exec-1] c.s.s.s.f.JWTAuthenticationTokenFilter [JWTAuthenticationTokenFilter.java : 42] - Token无效
2017-07-12 16:58:02.876 INFO  [http-nio-8080-exec-9] c.s.s.s.f.JWTAuthenticationTokenFilter [JWTAuthenticationTokenFilter.java : 36] - 经过JWTAuthenticationTokenFilter
2017-07-12 16:58:02.876 INFO  [http-nio-8080-exec-9] c.s.s.s.f.JWTAuthenticationTokenFilter [JWTAuthenticationTokenFilter.java : 42] - Token无效
2017-07-12 16:58:02.877 INFO  [http-nio-8080-exec-9] c.s.s.s.f.JWTAuthenticationTokenFilter [JWTAuthenticationTokenFilter.java : 36] - 经过JWTAuthenticationTokenFilter
2017-07-12 16:58:02.877 INFO  [http-nio-8080-exec-9] c.s.s.s.f.JWTAuthenticationTokenFilter [JWTAuthenticationTokenFilter.java : 42] - Token无效
2017-07-12 16:58:02.878 INFO  [http-nio-8080-exec-6] c.s.s.s.f.JWTAuthenticationTokenFilter [JWTAuthenticationTokenFilter.java : 36] - 经过JWTAuthenticationTokenFilter
2017-07-12 16:58:02.879 INFO  [http-nio-8080-exec-6] c.s.s.s.f.JWTAuthenticationTokenFilter [JWTAuthenticationTokenFilter.java : 42] - Token无效
2017-07-12 16:58:02.876 INFO  [http-nio-8080-exec-1] c.s.s.s.f.JWTAuthenticationTokenFilter [JWTAuthenticationTokenFilter.java : 36] - 经过JWTAuthenticationTokenFilter
2017-07-12 16:58:02.881 INFO  [http-nio-8080-exec-1] c.s.s.s.f.JWTAuthenticationTokenFilter [JWTAuthenticationTokenFilter.java : 42] - Token无效
2017-07-12 16:58:02.877 INFO  [http-nio-8080-exec-4] c.s.s.s.f.JWTAuthenticationTokenFilter [JWTAuthenticationTokenFilter.java : 36] - 经过JWTAuthenticationTokenFilter
2017-07-12 16:58:02.885 INFO  [http-nio-8080-exec-4] c.s.s.s.f.JWTAuthenticationTokenFilter [JWTAuthenticationTokenFilter.java : 42] - Token无效
2017-07-12 16:58:02.885 INFO  [http-nio-8080-exec-4] c.s.s.s.f.JWTAuthenticationTokenFilter [JWTAuthenticationTokenFilter.java : 36] - 经过JWTAuthenticationTokenFilter
2017-07-12 16:58:02.886 INFO  [http-nio-8080-exec-4] c.s.s.s.f.JWTAuthenticationTokenFilter [JWTAuthenticationTokenFilter.java : 42] - Token无效
2017-07-12 16:58:02.880 INFO  [http-nio-8080-exec-6] c.s.s.s.f.JWTAuthenticationTokenFilter [JWTAuthenticationTokenFilter.java : 36] - 经过JWTAuthenticationTokenFilter
2017-07-12 16:58:02.887 INFO  [http-nio-8080-exec-6] c.s.s.s.f.JWTAuthenticationTokenFilter [JWTAuthenticationTokenFilter.java : 42] - Token无效
2017-07-12 16:58:02.934 INFO  [http-nio-8080-exec-5] c.s.s.s.f.JWTAuthenticationTokenFilter [JWTAuthenticationTokenFilter.java : 36] - 经过JWTAuthenticationTokenFilter
2017-07-12 16:58:02.935 INFO  [http-nio-8080-exec-5] c.s.s.s.f.JWTAuthenticationTokenFilter [JWTAuthenticationTokenFilter.java : 42] - Token无效
2017-07-12 16:58:02.935 INFO  [http-nio-8080-exec-5] c.s.s.s.f.JWTAuthenticationTokenFilter [JWTAuthenticationTokenFilter.java : 36] - 经过JWTAuthenticationTokenFilter
2017-07-12 16:58:02.936 INFO  [http-nio-8080-exec-5] c.s.s.s.f.JWTAuthenticationTokenFilter [JWTAuthenticationTokenFilter.java : 42] - Token无效
2017-07-12 16:58:02.938 INFO  [http-nio-8080-exec-10] c.s.s.s.f.JWTAuthenticationTokenFilter [JWTAuthenticationTokenFilter.java : 36] - 经过JWTAuthenticationTokenFilter
2017-07-12 16:58:02.939 INFO  [http-nio-8080-exec-10] c.s.s.s.f.JWTAuthenticationTokenFilter [JWTAuthenticationTokenFilter.java : 42] - Token无效
2017-07-12 16:58:02.939 INFO  [http-nio-8080-exec-10] c.s.s.s.f.JWTAuthenticationTokenFilter [JWTAuthenticationTokenFilter.java : 36] - 经过JWTAuthenticationTokenFilter
2017-07-12 16:58:02.939 INFO  [http-nio-8080-exec-10] c.s.s.s.f.JWTAuthenticationTokenFilter [JWTAuthenticationTokenFilter.java : 42] - Token无效
2017-07-12 16:58:03.771 INFO  [http-nio-8080-exec-7] c.s.s.s.f.JWTAuthenticationTokenFilter [JWTAuthenticationTokenFilter.java : 36] - 经过JWTAuthenticationTokenFilter
2017-07-12 16:58:03.771 INFO  [http-nio-8080-exec-7] c.s.s.s.f.JWTAuthenticationTokenFilter [JWTAuthenticationTokenFilter.java : 42] - Token无效
2017-07-12 16:58:03.771 INFO  [http-nio-8080-exec-7] c.s.s.s.f.JWTAuthenticationTokenFilter [JWTAuthenticationTokenFilter.java : 36] - 经过JWTAuthenticationTokenFilter
2017-07-12 16:58:03.772 INFO  [http-nio-8080-exec-7] c.s.s.s.f.JWTAuthenticationTokenFilter [JWTAuthenticationTokenFilter.java : 42] - Token无效
2017-07-12 16:58:03.784 INFO  [http-nio-8080-exec-8] c.s.s.s.f.JWTAuthenticationTokenFilter [JWTAuthenticationTokenFilter.java : 36] - 经过JWTAuthenticationTokenFilter
2017-07-12 16:58:03.785 INFO  [http-nio-8080-exec-8] c.s.s.s.f.JWTAuthenticationTokenFilter [JWTAuthenticationTokenFilter.java : 42] - Token无效
2017-07-12 16:58:03.785 INFO  [http-nio-8080-exec-8] c.s.s.s.f.JWTAuthenticationTokenFilter [JWTAuthenticationTokenFilter.java : 36] - 经过JWTAuthenticationTokenFilter
2017-07-12 16:58:03.786 INFO  [http-nio-8080-exec-8] c.s.s.s.f.JWTAuthenticationTokenFilter [JWTAuthenticationTokenFilter.java : 42] - Token无效
2017-07-12 16:58:03.787 INFO  [http-nio-8080-exec-11] c.s.s.s.f.JWTAuthenticationTokenFilter [JWTAuthenticationTokenFilter.java : 36] - 经过JWTAuthenticationTokenFilter
2017-07-12 16:58:03.787 INFO  [http-nio-8080-exec-11] c.s.s.s.f.JWTAuthenticationTokenFilter [JWTAuthenticationTokenFilter.java : 42] - Token无效
2017-07-12 16:58:03.788 INFO  [http-nio-8080-exec-11] c.s.s.s.f.JWTAuthenticationTokenFilter [JWTAuthenticationTokenFilter.java : 36] - 经过JWTAuthenticationTokenFilter
2017-07-12 16:58:03.788 INFO  [http-nio-8080-exec-11] c.s.s.s.f.JWTAuthenticationTokenFilter [JWTAuthenticationTokenFilter.java : 42] - Token无效
2017-07-12 16:58:03.790 INFO  [http-nio-8080-exec-12] c.s.s.s.f.JWTAuthenticationTokenFilter [JWTAuthenticationTokenFilter.java : 36] - 经过JWTAuthenticationTokenFilter
2017-07-12 16:58:03.791 INFO  [http-nio-8080-exec-12] c.s.s.s.f.JWTAuthenticationTokenFilter [JWTAuthenticationTokenFilter.java : 42] - Token无效
2017-07-12 16:58:03.792 INFO  [http-nio-8080-exec-12] c.s.s.s.f.JWTAuthenticationTokenFilter [JWTAuthenticationTokenFilter.java : 36] - 经过JWTAuthenticationTokenFilter
2017-07-12 16:58:03.792 INFO  [http-nio-8080-exec-12] c.s.s.s.f.JWTAuthenticationTokenFilter [JWTAuthenticationTokenFilter.java : 42] - Token无效
2017-07-12 16:58:03.792 INFO  [http-nio-8080-exec-18] c.s.s.s.f.JWTAuthenticationTokenFilter [JWTAuthenticationTokenFilter.java : 36] - 经过JWTAuthenticationTokenFilter
2017-07-12 16:58:03.793 INFO  [http-nio-8080-exec-18] c.s.s.s.f.JWTAuthenticationTokenFilter [JWTAuthenticationTokenFilter.java : 42] - Token无效
2017-07-12 16:58:03.793 INFO  [http-nio-8080-exec-18] c.s.s.s.f.JWTAuthenticationTokenFilter [JWTAuthenticationTokenFilter.java : 36] - 经过JWTAuthenticationTokenFilter
2017-07-12 16:58:03.792 INFO  [http-nio-8080-exec-11] c.s.s.s.f.JWTAuthenticationTokenFilter [JWTAuthenticationTokenFilter.java : 36] - 经过JWTAuthenticationTokenFilter
2017-07-12 16:58:03.795 INFO  [http-nio-8080-exec-11] c.s.s.s.f.JWTAuthenticationTokenFilter [JWTAuthenticationTokenFilter.java : 42] - Token无效
2017-07-12 16:58:03.794 INFO  [http-nio-8080-exec-18] c.s.s.s.f.JWTAuthenticationTokenFilter [JWTAuthenticationTokenFilter.java : 42] - Token无效
2017-07-12 16:58:03.795 INFO  [http-nio-8080-exec-11] c.s.s.s.f.JWTAuthenticationTokenFilter [JWTAuthenticationTokenFilter.java : 36] - 经过JWTAuthenticationTokenFilter
2017-07-12 16:58:03.796 INFO  [http-nio-8080-exec-11] c.s.s.s.f.JWTAuthenticationTokenFilter [JWTAuthenticationTokenFilter.java : 42] - Token无效
2017-07-12 16:58:03.846 INFO  [http-nio-8080-exec-21] c.s.s.s.f.JWTAuthenticationTokenFilter [JWTAuthenticationTokenFilter.java : 36] - 经过JWTAuthenticationTokenFilter
2017-07-12 16:58:03.847 INFO  [http-nio-8080-exec-21] c.s.s.s.f.JWTAuthenticationTokenFilter [JWTAuthenticationTokenFilter.java : 42] - Token无效
2017-07-12 16:58:03.848 INFO  [http-nio-8080-exec-14] c.s.s.s.f.JWTAuthenticationTokenFilter [JWTAuthenticationTokenFilter.java : 36] - 经过JWTAuthenticationTokenFilter
2017-07-12 16:58:03.848 INFO  [http-nio-8080-exec-21] c.s.s.s.f.JWTAuthenticationTokenFilter [JWTAuthenticationTokenFilter.java : 36] - 经过JWTAuthenticationTokenFilter
2017-07-12 16:58:03.849 INFO  [http-nio-8080-exec-14] c.s.s.s.f.JWTAuthenticationTokenFilter [JWTAuthenticationTokenFilter.java : 42] - Token无效
2017-07-12 16:58:03.849 INFO  [http-nio-8080-exec-21] c.s.s.s.f.JWTAuthenticationTokenFilter [JWTAuthenticationTokenFilter.java : 42] - Token无效
2017-07-12 16:58:03.850 INFO  [http-nio-8080-exec-14] c.s.s.s.f.JWTAuthenticationTokenFilter [JWTAuthenticationTokenFilter.java : 36] - 经过JWTAuthenticationTokenFilter
2017-07-12 16:58:03.850 INFO  [http-nio-8080-exec-14] c.s.s.s.f.JWTAuthenticationTokenFilter [JWTAuthenticationTokenFilter.java : 42] - Token无效
2017-07-12 16:58:04.790 INFO  [http-nio-8080-exec-16] c.s.s.s.f.JWTAuthenticationTokenFilter [JWTAuthenticationTokenFilter.java : 36] - 经过JWTAuthenticationTokenFilter
2017-07-12 16:58:04.790 INFO  [http-nio-8080-exec-16] c.s.s.s.f.JWTAuthenticationTokenFilter [JWTAuthenticationTokenFilter.java : 42] - Token无效
2017-07-12 16:58:04.791 INFO  [http-nio-8080-exec-16] c.s.s.s.f.JWTAuthenticationTokenFilter [JWTAuthenticationTokenFilter.java : 36] - 经过JWTAuthenticationTokenFilter
2017-07-12 16:58:04.792 INFO  [http-nio-8080-exec-16] c.s.s.s.f.JWTAuthenticationTokenFilter [JWTAuthenticationTokenFilter.java : 42] - Token无效
2017-07-12 16:58:04.804 INFO  [http-nio-8080-exec-19] c.s.s.s.f.JWTAuthenticationTokenFilter [JWTAuthenticationTokenFilter.java : 36] - 经过JWTAuthenticationTokenFilter
2017-07-12 16:58:04.806 INFO  [http-nio-8080-exec-19] c.s.s.s.f.JWTAuthenticationTokenFilter [JWTAuthenticationTokenFilter.java : 42] - Token无效
2017-07-12 16:58:04.806 INFO  [http-nio-8080-exec-13] c.s.s.s.f.JWTAuthenticationTokenFilter [JWTAuthenticationTokenFilter.java : 36] - 经过JWTAuthenticationTokenFilter
2017-07-12 16:58:04.806 INFO  [http-nio-8080-exec-13] c.s.s.s.f.JWTAuthenticationTokenFilter [JWTAuthenticationTokenFilter.java : 42] - Token无效
2017-07-12 16:58:04.807 INFO  [http-nio-8080-exec-19] c.s.s.s.f.JWTAuthenticationTokenFilter [JWTAuthenticationTokenFilter.java : 36] - 经过JWTAuthenticationTokenFilter
2017-07-12 16:58:04.808 INFO  [http-nio-8080-exec-19] c.s.s.s.f.JWTAuthenticationTokenFilter [JWTAuthenticationTokenFilter.java : 42] - Token无效
2017-07-12 16:58:04.807 INFO  [http-nio-8080-exec-13] c.s.s.s.f.JWTAuthenticationTokenFilter [JWTAuthenticationTokenFilter.java : 36] - 经过JWTAuthenticationTokenFilter
2017-07-12 16:58:04.810 INFO  [http-nio-8080-exec-13] c.s.s.s.f.JWTAuthenticationTokenFilter [JWTAuthenticationTokenFilter.java : 42] - Token无效
2017-07-12 16:58:04.808 INFO  [http-nio-8080-exec-20] c.s.s.s.f.JWTAuthenticationTokenFilter [JWTAuthenticationTokenFilter.java : 36] - 经过JWTAuthenticationTokenFilter
2017-07-12 16:58:04.810 INFO  [http-nio-8080-exec-17] c.s.s.s.f.JWTAuthenticationTokenFilter [JWTAuthenticationTokenFilter.java : 36] - 经过JWTAuthenticationTokenFilter
2017-07-12 16:58:04.812 INFO  [http-nio-8080-exec-17] c.s.s.s.f.JWTAuthenticationTokenFilter [JWTAuthenticationTokenFilter.java : 42] - Token无效
2017-07-12 16:58:04.810 INFO  [http-nio-8080-exec-22] c.s.s.s.f.JWTAuthenticationTokenFilter [JWTAuthenticationTokenFilter.java : 36] - 经过JWTAuthenticationTokenFilter
2017-07-12 16:58:04.813 INFO  [http-nio-8080-exec-22] c.s.s.s.f.JWTAuthenticationTokenFilter [JWTAuthenticationTokenFilter.java : 42] - Token无效
2017-07-12 16:58:04.811 INFO  [http-nio-8080-exec-20] c.s.s.s.f.JWTAuthenticationTokenFilter [JWTAuthenticationTokenFilter.java : 42] - Token无效
2017-07-12 16:58:04.812 INFO  [http-nio-8080-exec-17] c.s.s.s.f.JWTAuthenticationTokenFilter [JWTAuthenticationTokenFilter.java : 36] - 经过JWTAuthenticationTokenFilter
2017-07-12 16:58:04.813 INFO  [http-nio-8080-exec-22] c.s.s.s.f.JWTAuthenticationTokenFilter [JWTAuthenticationTokenFilter.java : 36] - 经过JWTAuthenticationTokenFilter
2017-07-12 16:58:04.815 INFO  [http-nio-8080-exec-17] c.s.s.s.f.JWTAuthenticationTokenFilter [JWTAuthenticationTokenFilter.java : 42] - Token无效
2017-07-12 16:58:04.814 INFO  [http-nio-8080-exec-20] c.s.s.s.f.JWTAuthenticationTokenFilter [JWTAuthenticationTokenFilter.java : 36] - 经过JWTAuthenticationTokenFilter
2017-07-12 16:58:04.816 INFO  [http-nio-8080-exec-20] c.s.s.s.f.JWTAuthenticationTokenFilter [JWTAuthenticationTokenFilter.java : 42] - Token无效
2017-07-12 16:58:04.815 INFO  [http-nio-8080-exec-22] c.s.s.s.f.JWTAuthenticationTokenFilter [JWTAuthenticationTokenFilter.java : 42] - Token无效
2017-07-12 16:58:04.860 INFO  [http-nio-8080-exec-29] c.s.s.s.f.JWTAuthenticationTokenFilter [JWTAuthenticationTokenFilter.java : 36] - 经过JWTAuthenticationTokenFilter
2017-07-12 16:58:04.860 INFO  [http-nio-8080-exec-29] c.s.s.s.f.JWTAuthenticationTokenFilter [JWTAuthenticationTokenFilter.java : 42] - Token无效
2017-07-12 16:58:04.861 INFO  [http-nio-8080-exec-29] c.s.s.s.f.JWTAuthenticationTokenFilter [JWTAuthenticationTokenFilter.java : 36] - 经过JWTAuthenticationTokenFilter
2017-07-12 16:58:04.861 INFO  [http-nio-8080-exec-29] c.s.s.s.f.JWTAuthenticationTokenFilter [JWTAuthenticationTokenFilter.java : 42] - Token无效
2017-07-12 16:58:26.639 INFO  [http-nio-8080-exec-23] c.s.s.s.f.JWTAuthenticationTokenFilter [JWTAuthenticationTokenFilter.java : 36] - 经过JWTAuthenticationTokenFilter
2017-07-12 16:58:26.639 INFO  [http-nio-8080-exec-23] c.s.s.s.f.JWTAuthenticationTokenFilter [JWTAuthenticationTokenFilter.java : 42] - Token无效
2017-07-12 16:58:26.643 INFO  [http-nio-8080-exec-23] c.s.s.s.f.JWTAuthenticationTokenFilter [JWTAuthenticationTokenFilter.java : 36] - 经过JWTAuthenticationTokenFilter
2017-07-12 16:58:26.643 INFO  [http-nio-8080-exec-23] c.s.s.s.f.JWTAuthenticationTokenFilter [JWTAuthenticationTokenFilter.java : 42] - Token无效
2017-07-12 16:58:26.649 INFO  [http-nio-8080-exec-24] c.s.s.s.f.JWTAuthenticationTokenFilter [JWTAuthenticationTokenFilter.java : 36] - 经过JWTAuthenticationTokenFilter
2017-07-12 16:58:26.650 INFO  [http-nio-8080-exec-24] c.s.s.s.f.JWTAuthenticationTokenFilter [JWTAuthenticationTokenFilter.java : 42] - Token无效
2017-07-12 16:58:26.650 INFO  [http-nio-8080-exec-24] c.s.s.s.f.JWTAuthenticationTokenFilter [JWTAuthenticationTokenFilter.java : 36] - 经过JWTAuthenticationTokenFilter
2017-07-12 16:58:26.650 INFO  [http-nio-8080-exec-24] c.s.s.s.f.JWTAuthenticationTokenFilter [JWTAuthenticationTokenFilter.java : 42] - Token无效
2017-07-12 16:58:26.664 INFO  [http-nio-8080-exec-28] c.s.s.s.f.JWTAuthenticationTokenFilter [JWTAuthenticationTokenFilter.java : 36] - 经过JWTAuthenticationTokenFilter
2017-07-12 16:58:26.664 INFO  [http-nio-8080-exec-28] c.s.s.s.f.JWTAuthenticationTokenFilter [JWTAuthenticationTokenFilter.java : 42] - Token无效
2017-07-12 16:58:26.665 INFO  [http-nio-8080-exec-28] c.s.s.s.f.JWTAuthenticationTokenFilter [JWTAuthenticationTokenFilter.java : 36] - 经过JWTAuthenticationTokenFilter
2017-07-12 16:58:26.666 INFO  [http-nio-8080-exec-28] c.s.s.s.f.JWTAuthenticationTokenFilter [JWTAuthenticationTokenFilter.java : 42] - Token无效
2017-07-12 16:58:26.666 INFO  [http-nio-8080-exec-26] c.s.s.s.f.JWTAuthenticationTokenFilter [JWTAuthenticationTokenFilter.java : 36] - 经过JWTAuthenticationTokenFilter
2017-07-12 16:58:26.666 INFO  [http-nio-8080-exec-25] c.s.s.s.f.JWTAuthenticationTokenFilter [JWTAuthenticationTokenFilter.java : 36] - 经过JWTAuthenticationTokenFilter
2017-07-12 16:58:26.665 INFO  [http-nio-8080-exec-27] c.s.s.s.f.JWTAuthenticationTokenFilter [JWTAuthenticationTokenFilter.java : 36] - 经过JWTAuthenticationTokenFilter
2017-07-12 16:58:26.667 INFO  [http-nio-8080-exec-27] c.s.s.s.f.JWTAuthenticationTokenFilter [JWTAuthenticationTokenFilter.java : 42] - Token无效
2017-07-12 16:58:26.666 INFO  [http-nio-8080-exec-2] c.s.s.s.f.JWTAuthenticationTokenFilter [JWTAuthenticationTokenFilter.java : 36] - 经过JWTAuthenticationTokenFilter
2017-07-12 16:58:26.668 INFO  [http-nio-8080-exec-27] c.s.s.s.f.JWTAuthenticationTokenFilter [JWTAuthenticationTokenFilter.java : 36] - 经过JWTAuthenticationTokenFilter
2017-07-12 16:58:26.666 INFO  [http-nio-8080-exec-26] c.s.s.s.f.JWTAuthenticationTokenFilter [JWTAuthenticationTokenFilter.java : 42] - Token无效
2017-07-12 16:58:26.667 INFO  [http-nio-8080-exec-25] c.s.s.s.f.JWTAuthenticationTokenFilter [JWTAuthenticationTokenFilter.java : 42] - Token无效
2017-07-12 16:58:26.668 INFO  [http-nio-8080-exec-2] c.s.s.s.f.JWTAuthenticationTokenFilter [JWTAuthenticationTokenFilter.java : 42] - Token无效
2017-07-12 16:58:26.669 INFO  [http-nio-8080-exec-27] c.s.s.s.f.JWTAuthenticationTokenFilter [JWTAuthenticationTokenFilter.java : 42] - Token无效
2017-07-12 16:58:26.669 INFO  [http-nio-8080-exec-26] c.s.s.s.f.JWTAuthenticationTokenFilter [JWTAuthenticationTokenFilter.java : 36] - 经过JWTAuthenticationTokenFilter
2017-07-12 16:58:26.670 INFO  [http-nio-8080-exec-26] c.s.s.s.f.JWTAuthenticationTokenFilter [JWTAuthenticationTokenFilter.java : 42] - Token无效
2017-07-12 16:58:26.669 INFO  [http-nio-8080-exec-25] c.s.s.s.f.JWTAuthenticationTokenFilter [JWTAuthenticationTokenFilter.java : 36] - 经过JWTAuthenticationTokenFilter
2017-07-12 16:58:26.673 INFO  [http-nio-8080-exec-25] c.s.s.s.f.JWTAuthenticationTokenFilter [JWTAuthenticationTokenFilter.java : 42] - Token无效
2017-07-12 16:58:26.669 INFO  [http-nio-8080-exec-2] c.s.s.s.f.JWTAuthenticationTokenFilter [JWTAuthenticationTokenFilter.java : 36] - 经过JWTAuthenticationTokenFilter
2017-07-12 16:58:26.675 INFO  [http-nio-8080-exec-2] c.s.s.s.f.JWTAuthenticationTokenFilter [JWTAuthenticationTokenFilter.java : 42] - Token无效
2017-07-12 16:58:26.764 INFO  [http-nio-8080-exec-3] c.s.s.s.f.JWTAuthenticationTokenFilter [JWTAuthenticationTokenFilter.java : 36] - 经过JWTAuthenticationTokenFilter
2017-07-12 16:58:26.765 INFO  [http-nio-8080-exec-9] c.s.s.s.f.JWTAuthenticationTokenFilter [JWTAuthenticationTokenFilter.java : 36] - 经过JWTAuthenticationTokenFilter
2017-07-12 16:58:26.765 INFO  [http-nio-8080-exec-3] c.s.s.s.f.JWTAuthenticationTokenFilter [JWTAuthenticationTokenFilter.java : 42] - Token无效
2017-07-12 16:58:26.765 INFO  [http-nio-8080-exec-9] c.s.s.s.f.JWTAuthenticationTokenFilter [JWTAuthenticationTokenFilter.java : 42] - Token无效
2017-07-12 16:58:26.766 INFO  [http-nio-8080-exec-9] c.s.s.s.f.JWTAuthenticationTokenFilter [JWTAuthenticationTokenFilter.java : 36] - 经过JWTAuthenticationTokenFilter
2017-07-12 16:58:26.766 INFO  [http-nio-8080-exec-3] c.s.s.s.f.JWTAuthenticationTokenFilter [JWTAuthenticationTokenFilter.java : 36] - 经过JWTAuthenticationTokenFilter
2017-07-12 16:58:26.766 INFO  [http-nio-8080-exec-9] c.s.s.s.f.JWTAuthenticationTokenFilter [JWTAuthenticationTokenFilter.java : 42] - Token无效
2017-07-12 16:58:26.766 INFO  [http-nio-8080-exec-3] c.s.s.s.f.JWTAuthenticationTokenFilter [JWTAuthenticationTokenFilter.java : 42] - Token无效
2017-07-12 17:05:59.180 INFO  [restartedMain] c.s.s.SpringBootSkeletonApplication [StartupInfoLogger.java : 48] - Starting SpringBootSkeletonApplication on LAPTOP-0E5JL9PN with PID 9508 (D:\idea\SpringBootSkeleton\skeleton\target\classes started by songx in D:\idea\SpringBootSkeleton)
2017-07-12 17:05:59.181 INFO  [restartedMain] c.s.s.SpringBootSkeletonApplication [SpringApplication.java : 597] - The following profiles are active: dev
2017-07-12 17:06:23.135 INFO  [restartedMain] c.s.s.SpringBootSkeletonApplication [StartupInfoLogger.java : 57] - Started SpringBootSkeletonApplication in 25.066 seconds (JVM running for 25.935)
2017-07-12 17:06:38.938 INFO  [http-nio-8080-exec-1] c.s.s.s.f.JWTAuthenticationTokenFilter [JWTAuthenticationTokenFilter.java : 36] - 经过JWTAuthenticationTokenFilter
2017-07-12 17:06:38.945 INFO  [http-nio-8080-exec-1] c.s.s.s.f.JWTAuthenticationTokenFilter [JWTAuthenticationTokenFilter.java : 42] - Token无效
2017-07-12 17:06:38.955 INFO  [http-nio-8080-exec-1] c.s.s.s.f.JWTAuthenticationTokenFilter [JWTAuthenticationTokenFilter.java : 36] - 经过JWTAuthenticationTokenFilter
2017-07-12 17:06:38.955 INFO  [http-nio-8080-exec-1] c.s.s.s.f.JWTAuthenticationTokenFilter [JWTAuthenticationTokenFilter.java : 42] - Token无效
2017-07-12 17:07:15.573 INFO  [http-nio-8080-exec-7] c.s.s.s.f.JWTAuthenticationTokenFilter [JWTAuthenticationTokenFilter.java : 36] - 经过JWTAuthenticationTokenFilter
2017-07-12 17:07:15.574 INFO  [http-nio-8080-exec-7] c.s.s.s.f.JWTAuthenticationTokenFilter [JWTAuthenticationTokenFilter.java : 42] - Token无效
2017-07-12 17:07:15.575 INFO  [http-nio-8080-exec-7] c.s.s.s.f.JWTAuthenticationTokenFilter [JWTAuthenticationTokenFilter.java : 36] - 经过JWTAuthenticationTokenFilter
2017-07-12 17:07:15.575 INFO  [http-nio-8080-exec-7] c.s.s.s.f.JWTAuthenticationTokenFilter [JWTAuthenticationTokenFilter.java : 42] - Token无效
2017-07-12 17:07:15.598 INFO  [http-nio-8080-exec-8] c.s.s.s.f.JWTAuthenticationTokenFilter [JWTAuthenticationTokenFilter.java : 36] - 经过JWTAuthenticationTokenFilter
2017-07-12 17:07:15.598 INFO  [http-nio-8080-exec-8] c.s.s.s.f.JWTAuthenticationTokenFilter [JWTAuthenticationTokenFilter.java : 42] - Token无效
2017-07-12 17:07:15.599 INFO  [http-nio-8080-exec-8] c.s.s.s.f.JWTAuthenticationTokenFilter [JWTAuthenticationTokenFilter.java : 36] - 经过JWTAuthenticationTokenFilter
2017-07-12 17:07:15.599 INFO  [http-nio-8080-exec-8] c.s.s.s.f.JWTAuthenticationTokenFilter [JWTAuthenticationTokenFilter.java : 42] - Token无效
2017-07-12 17:07:16.579 INFO  [http-nio-8080-exec-9] c.s.s.s.f.JWTAuthenticationTokenFilter [JWTAuthenticationTokenFilter.java : 36] - 经过JWTAuthenticationTokenFilter
2017-07-12 17:07:16.580 INFO  [http-nio-8080-exec-9] c.s.s.s.f.JWTAuthenticationTokenFilter [JWTAuthenticationTokenFilter.java : 42] - Token无效
2017-07-12 17:07:16.580 INFO  [http-nio-8080-exec-9] c.s.s.s.f.JWTAuthenticationTokenFilter [JWTAuthenticationTokenFilter.java : 36] - 经过JWTAuthenticationTokenFilter
2017-07-12 17:07:16.581 INFO  [http-nio-8080-exec-9] c.s.s.s.f.JWTAuthenticationTokenFilter [JWTAuthenticationTokenFilter.java : 42] - Token无效
2017-07-12 17:07:16.598 INFO  [http-nio-8080-exec-10] c.s.s.s.f.JWTAuthenticationTokenFilter [JWTAuthenticationTokenFilter.java : 36] - 经过JWTAuthenticationTokenFilter
2017-07-12 17:07:16.599 INFO  [http-nio-8080-exec-10] c.s.s.s.f.JWTAuthenticationTokenFilter [JWTAuthenticationTokenFilter.java : 42] - Token无效
2017-07-12 17:07:16.600 INFO  [http-nio-8080-exec-10] c.s.s.s.f.JWTAuthenticationTokenFilter [JWTAuthenticationTokenFilter.java : 36] - 经过JWTAuthenticationTokenFilter
2017-07-12 17:07:16.601 INFO  [http-nio-8080-exec-10] c.s.s.s.f.JWTAuthenticationTokenFilter [JWTAuthenticationTokenFilter.java : 42] - Token无效
2017-07-12 17:07:22.123 INFO  [http-nio-8080-exec-11] c.s.s.s.f.JWTAuthenticationTokenFilter [JWTAuthenticationTokenFilter.java : 36] - 经过JWTAuthenticationTokenFilter
2017-07-12 17:07:22.124 INFO  [http-nio-8080-exec-11] c.s.s.s.f.JWTAuthenticationTokenFilter [JWTAuthenticationTokenFilter.java : 42] - Token无效
2017-07-12 17:07:22.124 INFO  [http-nio-8080-exec-11] c.s.s.s.f.JWTAuthenticationTokenFilter [JWTAuthenticationTokenFilter.java : 36] - 经过JWTAuthenticationTokenFilter
2017-07-12 17:07:22.125 INFO  [http-nio-8080-exec-11] c.s.s.s.f.JWTAuthenticationTokenFilter [JWTAuthenticationTokenFilter.java : 42] - Token无效
2017-07-12 17:08:41.920 INFO  [restartedMain] c.s.s.SpringBootSkeletonApplication [StartupInfoLogger.java : 48] - Starting SpringBootSkeletonApplication on LAPTOP-0E5JL9PN with PID 9508 (D:\idea\SpringBootSkeleton\skeleton\target\classes started by songx in D:\idea\SpringBootSkeleton)
2017-07-12 17:08:41.921 INFO  [restartedMain] c.s.s.SpringBootSkeletonApplication [SpringApplication.java : 597] - The following profiles are active: dev
2017-07-12 17:09:00.838 INFO  [restartedMain] c.s.s.SpringBootSkeletonApplication [StartupInfoLogger.java : 57] - Started SpringBootSkeletonApplication in 19.387 seconds (JVM running for 183.638)
2017-07-12 17:09:35.794 INFO  [http-nio-8080-exec-2] c.s.s.s.f.JWTAuthenticationTokenFilter [JWTAuthenticationTokenFilter.java : 36] - 经过JWTAuthenticationTokenFilter
2017-07-12 17:09:35.803 INFO  [http-nio-8080-exec-2] c.s.s.s.f.JWTAuthenticationTokenFilter [JWTAuthenticationTokenFilter.java : 42] - Token无效
2017-07-12 17:09:35.803 INFO  [http-nio-8080-exec-2] c.s.s.s.f.JWTAuthenticationTokenFilter [JWTAuthenticationTokenFilter.java : 36] - 经过JWTAuthenticationTokenFilter
2017-07-12 17:09:35.804 INFO  [http-nio-8080-exec-2] c.s.s.s.f.JWTAuthenticationTokenFilter [JWTAuthenticationTokenFilter.java : 42] - Token无效
2017-07-12 17:09:35.858 INFO  [http-nio-8080-exec-1] c.s.s.s.f.JWTAuthenticationTokenFilter [JWTAuthenticationTokenFilter.java : 36] - 经过JWTAuthenticationTokenFilter
2017-07-12 17:09:35.858 INFO  [http-nio-8080-exec-1] c.s.s.s.f.JWTAuthenticationTokenFilter [JWTAuthenticationTokenFilter.java : 42] - Token无效
2017-07-12 17:09:35.859 INFO  [http-nio-8080-exec-1] c.s.s.s.f.JWTAuthenticationTokenFilter [JWTAuthenticationTokenFilter.java : 36] - 经过JWTAuthenticationTokenFilter
2017-07-12 17:09:35.860 INFO  [http-nio-8080-exec-1] c.s.s.s.f.JWTAuthenticationTokenFilter [JWTAuthenticationTokenFilter.java : 42] - Token无效
2017-07-12 17:09:54.793 INFO  [restartedMain] c.s.s.SpringBootSkeletonApplication [StartupInfoLogger.java : 48] - Starting SpringBootSkeletonApplication on LAPTOP-0E5JL9PN with PID 9508 (D:\idea\SpringBootSkeleton\skeleton\target\classes started by songx in D:\idea\SpringBootSkeleton)
2017-07-12 17:09:54.793 INFO  [restartedMain] c.s.s.SpringBootSkeletonApplication [SpringApplication.java : 597] - The following profiles are active: dev
2017-07-12 17:10:15.209 INFO  [restartedMain] c.s.s.SpringBootSkeletonApplication [StartupInfoLogger.java : 57] - Started SpringBootSkeletonApplication in 20.729 seconds (JVM running for 258.009)
