2017-07-11 17:33:10.989 INFO  [main] c.s.s.service.user.UserServiceTest [StartupInfoLogger.java : 48] - Starting UserServiceTest on LAPTOP-0E5JL9PN with PID 9336 (started by songx in D:\idea\SpringBootSkeleton\skeleton)
2017-07-11 17:33:11.030 INFO  [main] c.s.s.service.user.UserServiceTest [SpringApplication.java : 597] - The following profiles are active: dev
2017-07-11 17:33:28.524 INFO  [main] c.s.s.service.user.UserServiceTest [StartupInfoLogger.java : 57] - Started UserServiceTest in 19.08 seconds (JVM running for 20.55)
2017-07-11 17:33:28.659 INFO  [main] c.s.s.service.user.UserServiceTest [UserServiceTest.java : 31] - null
2017-07-11 17:35:18.573 INFO  [main] c.s.s.service.user.UserServiceTest [StartupInfoLogger.java : 48] - Starting UserServiceTest on LAPTOP-0E5JL9PN with PID 4972 (started by songx in D:\idea\SpringBootSkeleton\skeleton)
2017-07-11 17:35:18.576 INFO  [main] c.s.s.service.user.UserServiceTest [SpringApplication.java : 597] - The following profiles are active: dev
2017-07-11 17:35:35.021 INFO  [main] c.s.s.service.user.UserServiceTest [StartupInfoLogger.java : 57] - Started UserServiceTest in 18.025 seconds (JVM running for 19.306)
2017-07-11 17:35:35.145 INFO  [main] c.s.s.service.user.UserServiceTest [UserServiceTest.java : 31] - authenticationProperties:
2017-07-11 17:35:35.145 INFO  [main] c.s.s.service.user.UserServiceTest [UserServiceTest.java : 32] - captchaExpireTime:null
2017-07-11 17:37:28.695 INFO  [main] c.s.s.service.user.UserServiceTest [StartupInfoLogger.java : 48] - Starting UserServiceTest on LAPTOP-0E5JL9PN with PID 1652 (started by songx in D:\idea\SpringBootSkeleton\skeleton)
2017-07-11 17:37:28.699 INFO  [main] c.s.s.service.user.UserServiceTest [SpringApplication.java : 597] - The following profiles are active: dev
2017-07-11 17:37:46.933 INFO  [main] c.s.s.service.user.UserServiceTest [StartupInfoLogger.java : 57] - Started UserServiceTest in 20.304 seconds (JVM running for 21.775)
2017-07-11 17:37:47.062 INFO  [main] c.s.s.service.user.UserServiceTest [UserServiceTest.java : 31] - authenticationProperties:
2017-07-11 17:37:47.063 INFO  [main] c.s.s.service.user.UserServiceTest [UserServiceTest.java : 32] - captchaExpireTime:null
2017-07-11 17:38:04.981 INFO  [main] c.s.s.service.user.UserServiceTest [StartupInfoLogger.java : 48] - Starting UserServiceTest on LAPTOP-0E5JL9PN with PID 7432 (started by songx in D:\idea\SpringBootSkeleton\skeleton)
2017-07-11 17:38:04.983 INFO  [main] c.s.s.service.user.UserServiceTest [SpringApplication.java : 597] - The following profiles are active: dev
2017-07-11 17:38:22.720 INFO  [main] c.s.s.service.user.UserServiceTest [StartupInfoLogger.java : 57] - Started UserServiceTest in 19.465 seconds (JVM running for 20.815)
2017-07-11 17:38:22.841 INFO  [main] c.s.s.service.user.UserServiceTest [UserServiceTest.java : 31] - authenticationProperties:cn.sinjinsong.skeleton.properties.AuthenticationProperties@7ab17cf
2017-07-11 17:38:22.841 INFO  [main] c.s.s.service.user.UserServiceTest [UserServiceTest.java : 32] - captchaExpireTime:null
2017-07-11 17:39:10.689 INFO  [main] c.s.s.service.user.UserServiceTest [StartupInfoLogger.java : 48] - Starting UserServiceTest on LAPTOP-0E5JL9PN with PID 6196 (started by songx in D:\idea\SpringBootSkeleton\skeleton)
2017-07-11 17:39:10.691 INFO  [main] c.s.s.service.user.UserServiceTest [SpringApplication.java : 597] - The following profiles are active: dev
2017-07-11 17:39:47.267 INFO  [main] c.s.s.service.user.UserServiceTest [StartupInfoLogger.java : 48] - Starting UserServiceTest on LAPTOP-0E5JL9PN with PID 7580 (started by songx in D:\idea\SpringBootSkeleton\skeleton)
2017-07-11 17:39:47.269 INFO  [main] c.s.s.service.user.UserServiceTest [SpringApplication.java : 597] - The following profiles are active: dev
2017-07-11 17:40:04.753 INFO  [main] c.s.s.service.user.UserServiceTest [StartupInfoLogger.java : 57] - Started UserServiceTest in 19.355 seconds (JVM running for 20.678)
2017-07-11 17:40:04.870 INFO  [main] c.s.s.service.user.UserServiceTest [UserServiceTest.java : 31] - authenticationProperties:cn.sinjinsong.skeleton.properties.AuthenticationProperties$$EnhancerBySpringCGLIB$$3699368d@7306836f
2017-07-11 17:40:04.871 INFO  [main] c.s.s.service.user.UserServiceTest [UserServiceTest.java : 32] - captchaExpireTime:null
2017-07-11 17:47:53.514 INFO  [main] c.s.s.service.user.UserServiceTest [StartupInfoLogger.java : 48] - Starting UserServiceTest on LAPTOP-0E5JL9PN with PID 7432 (started by songx in D:\idea\SpringBootSkeleton\skeleton)
2017-07-11 17:47:53.519 INFO  [main] c.s.s.service.user.UserServiceTest [SpringApplication.java : 597] - The following profiles are active: dev
2017-07-11 17:48:11.371 INFO  [main] c.s.s.service.user.UserServiceTest [StartupInfoLogger.java : 57] - Started UserServiceTest in 19.774 seconds (JVM running for 21.194)
2017-07-11 17:48:11.491 INFO  [main] c.s.s.service.user.UserServiceTest [UserServiceTest.java : 31] - authenticationProperties:cn.sinjinsong.skeleton.properties.AuthenticationProperties@7ab17cf
2017-07-11 17:48:11.492 INFO  [main] c.s.s.service.user.UserServiceTest [UserServiceTest.java : 32] - captchaExpireTime:null
2017-07-11 17:53:08.065 INFO  [main] c.s.s.service.user.UserServiceTest [StartupInfoLogger.java : 48] - Starting UserServiceTest on LAPTOP-0E5JL9PN with PID 7944 (started by songx in D:\idea\SpringBootSkeleton\skeleton)
2017-07-11 17:53:08.067 INFO  [main] c.s.s.service.user.UserServiceTest [SpringApplication.java : 597] - The following profiles are active: dev
2017-07-11 17:53:25.139 INFO  [main] c.s.s.service.user.UserServiceTest [StartupInfoLogger.java : 57] - Started UserServiceTest in 18.541 seconds (JVM running for 20.13)
2017-07-11 17:53:25.262 INFO  [main] c.s.s.service.user.UserServiceTest [UserServiceTest.java : 31] - authenticationProperties:cn.sinjinsong.skeleton.properties.AuthenticationProperties@34a06981
2017-07-11 17:53:25.263 INFO  [main] c.s.s.service.user.UserServiceTest [UserServiceTest.java : 32] - captchaExpireTime:null
2017-07-11 17:56:55.132 INFO  [main] c.s.s.service.user.UserServiceTest [StartupInfoLogger.java : 48] - Starting UserServiceTest on LAPTOP-0E5JL9PN with PID 9956 (started by songx in D:\idea\SpringBootSkeleton\skeleton)
2017-07-11 17:56:55.134 INFO  [main] c.s.s.service.user.UserServiceTest [SpringApplication.java : 597] - The following profiles are active: dev
2017-07-11 17:57:12.985 INFO  [main] c.s.s.service.user.UserServiceTest [StartupInfoLogger.java : 57] - Started UserServiceTest in 19.738 seconds (JVM running for 21.075)
2017-07-11 17:57:13.111 INFO  [main] c.s.s.service.user.UserServiceTest [UserServiceTest.java : 31] - authenticationProperties:cn.sinjinsong.skeleton.properties.AuthenticationProperties@4b0df349
2017-07-11 17:57:13.111 INFO  [main] c.s.s.service.user.UserServiceTest [UserServiceTest.java : 32] - captchaExpireTime:null
2017-07-11 17:58:06.819 INFO  [main] c.s.s.service.user.UserServiceTest [StartupInfoLogger.java : 48] - Starting UserServiceTest on LAPTOP-0E5JL9PN with PID 6232 (started by songx in D:\idea\SpringBootSkeleton\skeleton)
2017-07-11 17:58:06.821 INFO  [main] c.s.s.service.user.UserServiceTest [SpringApplication.java : 597] - The following profiles are active: dev
2017-07-11 17:58:23.826 INFO  [main] c.s.s.service.user.UserServiceTest [StartupInfoLogger.java : 57] - Started UserServiceTest in 18.552 seconds (JVM running for 19.914)
2017-07-11 17:58:23.941 INFO  [main] c.s.s.service.user.UserServiceTest [UserServiceTest.java : 31] - authenticationProperties:cn.sinjinsong.skeleton.properties.AuthenticationProperties@64ef9b9a
2017-07-11 17:58:23.941 INFO  [main] c.s.s.service.user.UserServiceTest [UserServiceTest.java : 32] - captchaExpireTime:null
2017-07-11 17:58:23.941 INFO  [main] c.s.s.service.user.UserServiceTest [UserServiceTest.java : 33] - getExpireTime:86400
2017-07-11 18:04:35.994 INFO  [main] c.s.s.service.user.UserServiceTest [StartupInfoLogger.java : 48] - Starting UserServiceTest on LAPTOP-0E5JL9PN with PID 5956 (started by songx in D:\idea\SpringBootSkeleton\skeleton)
2017-07-11 18:04:36.027 INFO  [main] c.s.s.service.user.UserServiceTest [SpringApplication.java : 597] - The following profiles are active: dev
2017-07-11 18:04:54.147 INFO  [main] c.s.s.service.user.UserServiceTest [StartupInfoLogger.java : 57] - Started UserServiceTest in 19.738 seconds (JVM running for 21.218)
2017-07-11 18:04:54.300 INFO  [main] c.s.s.service.user.UserServiceTest [UserServiceTest.java : 31] - authenticationProperties:cn.sinjinsong.skeleton.properties.AuthenticationProperties@23c0fcf0
2017-07-11 18:04:54.300 INFO  [main] c.s.s.service.user.UserServiceTest [UserServiceTest.java : 32] - captchaExpireTime:null
2017-07-11 18:04:54.301 INFO  [main] c.s.s.service.user.UserServiceTest [UserServiceTest.java : 33] - getExpireTime:null
2017-07-11 18:04:54.302 INFO  [main] c.s.s.service.user.UserServiceTest [UserServiceTest.java : 34] - null
2017-07-11 18:04:54.302 INFO  [main] c.s.s.service.user.UserServiceTest [UserServiceTest.java : 35] - null
2017-07-11 18:04:54.302 INFO  [main] c.s.s.service.user.UserServiceTest [UserServiceTest.java : 36] - null
2017-07-11 18:05:52.351 INFO  [main] c.s.s.service.user.UserServiceTest [StartupInfoLogger.java : 48] - Starting UserServiceTest on LAPTOP-0E5JL9PN with PID 4864 (started by songx in D:\idea\SpringBootSkeleton\skeleton)
2017-07-11 18:05:52.353 INFO  [main] c.s.s.service.user.UserServiceTest [SpringApplication.java : 597] - The following profiles are active: dev
2017-07-11 18:06:09.116 INFO  [main] c.s.s.service.user.UserServiceTest [StartupInfoLogger.java : 57] - Started UserServiceTest in 18.603 seconds (JVM running for 19.941)
2017-07-11 18:06:09.244 INFO  [main] c.s.s.service.user.UserServiceTest [UserServiceTest.java : 31] - authenticationProperties:cn.sinjinsong.skeleton.properties.AuthenticationProperties@54af9cce
2017-07-11 18:06:09.245 INFO  [main] c.s.s.service.user.UserServiceTest [UserServiceTest.java : 32] - captchaExpireTime:300
2017-07-11 18:06:09.245 INFO  [main] c.s.s.service.user.UserServiceTest [UserServiceTest.java : 33] - getExpireTime:86400
2017-07-11 18:06:09.246 INFO  [main] c.s.s.service.user.UserServiceTest [UserServiceTest.java : 34] - 86400
2017-07-11 18:06:09.247 INFO  [main] c.s.s.service.user.UserServiceTest [UserServiceTest.java : 35] - 86400
2017-07-11 18:06:09.247 INFO  [main] c.s.s.service.user.UserServiceTest [UserServiceTest.java : 36] - 3d990d2276917dfac04467df11fff26d
2017-07-11 18:07:52.072 INFO  [main] c.s.s.service.user.UserServiceTest [StartupInfoLogger.java : 48] - Starting UserServiceTest on LAPTOP-0E5JL9PN with PID 10872 (started by songx in D:\idea\SpringBootSkeleton\skeleton)
2017-07-11 18:07:52.074 INFO  [main] c.s.s.service.user.UserServiceTest [SpringApplication.java : 597] - The following profiles are active: dev
2017-07-11 18:08:09.547 INFO  [main] c.s.s.service.user.UserServiceTest [StartupInfoLogger.java : 57] - Started UserServiceTest in 18.953 seconds (JVM running for 20.283)
2017-07-11 18:08:09.672 INFO  [main] c.s.s.service.user.UserServiceTest [UserServiceTest.java : 31] - captchaExpireTime:300
2017-07-11 18:21:35.478 INFO  [main] c.s.s.service.user.UserServiceTest [StartupInfoLogger.java : 48] - Starting UserServiceTest on LAPTOP-0E5JL9PN with PID 8244 (started by songx in D:\idea\SpringBootSkeleton\skeleton)
2017-07-11 18:21:35.481 INFO  [main] c.s.s.service.user.UserServiceTest [SpringApplication.java : 597] - The following profiles are active: dev
2017-07-11 18:21:53.867 INFO  [main] c.s.s.service.user.UserServiceTest [StartupInfoLogger.java : 57] - Started UserServiceTest in 20.416 seconds (JVM running for 21.859)
2017-07-11 18:21:53.991 INFO  [main] c.s.s.service.user.UserServiceTest [UserServiceTest.java : 31] - captchaExpireTime:300
2017-07-11 18:23:12.607 INFO  [main] c.s.s.service.user.UserServiceTest [StartupInfoLogger.java : 48] - Starting UserServiceTest on LAPTOP-0E5JL9PN with PID 5192 (started by songx in D:\idea\SpringBootSkeleton\skeleton)
2017-07-11 18:23:12.612 INFO  [main] c.s.s.service.user.UserServiceTest [SpringApplication.java : 597] - The following profiles are active: dev
2017-07-11 18:23:29.851 INFO  [main] c.s.s.service.user.UserServiceTest [StartupInfoLogger.java : 57] - Started UserServiceTest in 19.217 seconds (JVM running for 20.544)
2017-07-11 18:23:29.981 INFO  [main] c.s.s.service.user.UserServiceTest [UserServiceTest.java : 31] - captchaExpireTime:300
2017-07-11 23:00:42.277 INFO  [main] c.s.s.service.user.UserServiceTest [StartupInfoLogger.java : 48] - Starting UserServiceTest on LAPTOP-0E5JL9PN with PID 10580 (started by songx in D:\idea\SpringBootSkeleton\skeleton)
2017-07-11 23:00:42.280 INFO  [main] c.s.s.service.user.UserServiceTest [SpringApplication.java : 597] - The following profiles are active: dev
2017-07-11 23:04:14.515 INFO  [main] c.s.s.service.user.UserServiceTest [StartupInfoLogger.java : 48] - Starting UserServiceTest on LAPTOP-0E5JL9PN with PID 9932 (started by songx in D:\idea\SpringBootSkeleton\skeleton)
2017-07-11 23:04:14.518 INFO  [main] c.s.s.service.user.UserServiceTest [SpringApplication.java : 597] - The following profiles are active: dev
2017-07-11 23:04:32.783 INFO  [main] c.s.s.service.user.UserServiceTest [StartupInfoLogger.java : 57] - Started UserServiceTest in 20.027 seconds (JVM running for 21.528)
2017-07-11 23:04:53.521 INFO  [main] c.s.s.service.user.UserServiceTest [StartupInfoLogger.java : 48] - Starting UserServiceTest on LAPTOP-0E5JL9PN with PID 6664 (started by songx in D:\idea\SpringBootSkeleton\skeleton)
2017-07-11 23:04:53.523 INFO  [main] c.s.s.service.user.UserServiceTest [SpringApplication.java : 597] - The following profiles are active: dev
2017-07-11 23:05:10.403 INFO  [main] c.s.s.service.user.UserServiceTest [StartupInfoLogger.java : 57] - Started UserServiceTest in 18.726 seconds (JVM running for 19.983)
2017-07-11 23:06:06.718 INFO  [main] c.s.s.service.user.UserServiceTest [StartupInfoLogger.java : 48] - Starting UserServiceTest on LAPTOP-0E5JL9PN with PID 5344 (started by songx in D:\idea\SpringBootSkeleton\skeleton)
2017-07-11 23:06:06.721 INFO  [main] c.s.s.service.user.UserServiceTest [SpringApplication.java : 597] - The following profiles are active: dev
2017-07-11 23:06:23.537 INFO  [main] c.s.s.service.user.UserServiceTest [StartupInfoLogger.java : 57] - Started UserServiceTest in 18.393 seconds (JVM running for 19.703)
2017-07-11 23:06:44.348 INFO  [main] c.s.s.service.user.UserServiceTest [StartupInfoLogger.java : 48] - Starting UserServiceTest on LAPTOP-0E5JL9PN with PID 8544 (started by songx in D:\idea\SpringBootSkeleton\skeleton)
2017-07-11 23:06:44.350 INFO  [main] c.s.s.service.user.UserServiceTest [SpringApplication.java : 597] - The following profiles are active: dev
2017-07-11 23:07:02.840 INFO  [main] c.s.s.service.user.UserServiceTest [StartupInfoLogger.java : 57] - Started UserServiceTest in 20.004 seconds (JVM running for 21.251)
2017-07-11 23:33:33.862 INFO  [main] c.s.s.service.user.UserServiceTest [StartupInfoLogger.java : 48] - Starting UserServiceTest on LAPTOP-0E5JL9PN with PID 1336 (started by songx in D:\idea\SpringBootSkeleton\skeleton)
2017-07-11 23:33:33.865 INFO  [main] c.s.s.service.user.UserServiceTest [SpringApplication.java : 597] - The following profiles are active: dev
2017-07-11 23:33:50.456 INFO  [main] c.s.s.service.user.UserServiceTest [StartupInfoLogger.java : 57] - Started UserServiceTest in 18.022 seconds (JVM running for 19.333)
2017-07-11 23:33:50.576 INFO  [main] c.s.s.service.user.UserServiceTest [UserServiceTest.java : 43] - null
2017-07-11 23:35:37.454 INFO  [main] c.s.s.service.user.UserServiceTest [StartupInfoLogger.java : 48] - Starting UserServiceTest on LAPTOP-0E5JL9PN with PID 1000 (started by songx in D:\idea\SpringBootSkeleton\skeleton)
2017-07-11 23:35:37.456 INFO  [main] c.s.s.service.user.UserServiceTest [SpringApplication.java : 597] - The following profiles are active: dev
2017-07-11 23:35:54.976 INFO  [main] c.s.s.service.user.UserServiceTest [StartupInfoLogger.java : 57] - Started UserServiceTest in 19.072 seconds (JVM running for 20.5)
2017-07-11 23:35:55.098 INFO  [main] c.s.s.service.user.UserServiceTest [UserServiceTest.java : 43] - sd
2017-07-11 23:45:35.462 INFO  [main] c.s.s.service.user.UserServiceTest [StartupInfoLogger.java : 48] - Starting UserServiceTest on LAPTOP-0E5JL9PN with PID 6184 (started by songx in D:\idea\SpringBootSkeleton\skeleton)
2017-07-11 23:45:35.464 INFO  [main] c.s.s.service.user.UserServiceTest [SpringApplication.java : 597] - The following profiles are active: dev
2017-07-11 23:45:57.973 INFO  [main] c.s.s.service.user.UserServiceTest [StartupInfoLogger.java : 57] - Started UserServiceTest in 24.739 seconds (JVM running for 26.487)
2017-07-11 23:47:24.978 INFO  [main] c.s.s.service.user.UserServiceTest [StartupInfoLogger.java : 48] - Starting UserServiceTest on LAPTOP-0E5JL9PN with PID 10212 (started by songx in D:\idea\SpringBootSkeleton\skeleton)
2017-07-11 23:47:24.981 INFO  [main] c.s.s.service.user.UserServiceTest [SpringApplication.java : 597] - The following profiles are active: dev
2017-07-11 23:47:48.628 INFO  [main] c.s.s.service.user.UserServiceTest [StartupInfoLogger.java : 57] - Started UserServiceTest in 25.615 seconds (JVM running for 27.452)
2017-07-11 23:48:32.188 INFO  [main] c.s.s.service.user.UserServiceTest [StartupInfoLogger.java : 48] - Starting UserServiceTest on LAPTOP-0E5JL9PN with PID 11192 (started by songx in D:\idea\SpringBootSkeleton\skeleton)
2017-07-11 23:48:32.198 INFO  [main] c.s.s.service.user.UserServiceTest [SpringApplication.java : 597] - The following profiles are active: dev
2017-07-11 23:48:54.568 INFO  [main] c.s.s.service.user.UserServiceTest [StartupInfoLogger.java : 57] - Started UserServiceTest in 24.342 seconds (JVM running for 26.28)
2017-07-11 23:48:54.765 INFO  [main] c.s.s.p.EmailSubjectProperties [EmailSubjectProperties.java : 22] - subjects:null
2017-07-11 23:49:53.136 INFO  [main] c.s.s.service.user.UserServiceTest [StartupInfoLogger.java : 48] - Starting UserServiceTest on LAPTOP-0E5JL9PN with PID 5708 (started by songx in D:\idea\SpringBootSkeleton\skeleton)
2017-07-11 23:49:53.140 INFO  [main] c.s.s.service.user.UserServiceTest [SpringApplication.java : 597] - The following profiles are active: dev
2017-07-11 23:50:16.098 INFO  [main] c.s.s.service.user.UserServiceTest [StartupInfoLogger.java : 57] - Started UserServiceTest in 24.831 seconds (JVM running for 26.596)
2017-07-11 23:50:16.294 INFO  [main] c.s.s.p.EmailSubjectProperties [EmailSubjectProperties.java : 22] - subjects:null
2017-07-11 23:51:37.697 INFO  [main] c.s.s.service.user.UserServiceTest [StartupInfoLogger.java : 48] - Starting UserServiceTest on LAPTOP-0E5JL9PN with PID 7080 (started by songx in D:\idea\SpringBootSkeleton\skeleton)
2017-07-11 23:51:37.714 INFO  [main] c.s.s.service.user.UserServiceTest [SpringApplication.java : 597] - The following profiles are active: dev
2017-07-11 23:53:35.502 INFO  [main] c.s.s.service.user.UserServiceTest [StartupInfoLogger.java : 48] - Starting UserServiceTest on LAPTOP-0E5JL9PN with PID 8324 (started by songx in D:\idea\SpringBootSkeleton\skeleton)
2017-07-11 23:53:35.505 INFO  [main] c.s.s.service.user.UserServiceTest [SpringApplication.java : 597] - The following profiles are active: dev
2017-07-11 23:56:05.189 INFO  [main] c.s.s.service.user.UserServiceTest [StartupInfoLogger.java : 48] - Starting UserServiceTest on LAPTOP-0E5JL9PN with PID 4648 (started by songx in D:\idea\SpringBootSkeleton\skeleton)
2017-07-11 23:56:05.192 INFO  [main] c.s.s.service.user.UserServiceTest [SpringApplication.java : 597] - The following profiles are active: dev
2017-07-11 23:56:29.184 INFO  [main] c.s.s.service.user.UserServiceTest [StartupInfoLogger.java : 57] - Started UserServiceTest in 25.682 seconds (JVM running for 27.466)
2017-07-11 23:57:37.619 INFO  [main] c.s.s.service.user.UserServiceTest [StartupInfoLogger.java : 48] - Starting UserServiceTest on LAPTOP-0E5JL9PN with PID 7416 (started by songx in D:\idea\SpringBootSkeleton\skeleton)
2017-07-11 23:57:37.623 INFO  [main] c.s.s.service.user.UserServiceTest [SpringApplication.java : 597] - The following profiles are active: dev
