2017-07-12 00:02:14.496 INFO  [main] c.s.s.service.user.UserServiceTest [StartupInfoLogger.java : 48] - Starting UserServiceTest on LAPTOP-0E5JL9PN with PID 1228 (started by songx in D:\idea\SpringBootSkeleton\skeleton)
2017-07-12 00:02:14.499 INFO  [main] c.s.s.service.user.UserServiceTest [SpringApplication.java : 597] - The following profiles are active: dev
2017-07-12 00:10:44.475 INFO  [main] c.s.s.service.user.UserServiceTest [StartupInfoLogger.java : 48] - Starting UserServiceTest on LAPTOP-0E5JL9PN with PID 8152 (started by songx in D:\idea\SpringBootSkeleton\skeleton)
2017-07-12 00:10:44.477 INFO  [main] c.s.s.service.user.UserServiceTest [SpringApplication.java : 597] - The following profiles are active: dev
2017-07-12 00:11:01.428 INFO  [main] c.s.s.service.user.UserServiceTest [StartupInfoLogger.java : 57] - Started UserServiceTest in 18.439 seconds (JVM running for 19.73)
2017-07-12 00:11:01.555 INFO  [main] c.s.s.service.user.UserServiceTest [UserServiceTest.java : 38] - null
2017-07-12 00:12:10.086 INFO  [main] c.s.s.service.user.UserServiceTest [StartupInfoLogger.java : 48] - Starting UserServiceTest on LAPTOP-0E5JL9PN with PID 10312 (started by songx in D:\idea\SpringBootSkeleton\skeleton)
2017-07-12 00:12:10.088 INFO  [main] c.s.s.service.user.UserServiceTest [SpringApplication.java : 597] - The following profiles are active: dev
2017-07-12 00:12:27.288 INFO  [main] c.s.s.service.user.UserServiceTest [StartupInfoLogger.java : 57] - Started UserServiceTest in 18.885 seconds (JVM running for 20.2)
2017-07-12 00:12:27.407 INFO  [main] c.s.s.service.user.UserServiceTest [UserServiceTest.java : 38] - null
2017-07-12 00:12:53.190 INFO  [main] c.s.s.service.user.UserServiceTest [StartupInfoLogger.java : 48] - Starting UserServiceTest on LAPTOP-0E5JL9PN with PID 8148 (started by songx in D:\idea\SpringBootSkeleton\skeleton)
2017-07-12 00:12:53.193 INFO  [main] c.s.s.service.user.UserServiceTest [SpringApplication.java : 597] - The following profiles are active: dev
2017-07-12 00:13:01.807 INFO  [main] c.s.s.p.EmailSubjectProperties [EmailSubjectProperties.java : 20] - 开始读取配置文件
2017-07-12 00:13:09.831 INFO  [main] c.s.s.service.user.UserServiceTest [StartupInfoLogger.java : 57] - Started UserServiceTest in 18.185 seconds (JVM running for 19.427)
2017-07-12 00:13:09.937 INFO  [main] c.s.s.service.user.UserServiceTest [UserServiceTest.java : 38] - null
2017-07-12 00:15:10.859 INFO  [main] c.s.s.service.user.UserServiceTest [StartupInfoLogger.java : 48] - Starting UserServiceTest on LAPTOP-0E5JL9PN with PID 212 (started by songx in D:\idea\SpringBootSkeleton\skeleton)
2017-07-12 00:15:10.863 INFO  [main] c.s.s.service.user.UserServiceTest [SpringApplication.java : 597] - The following profiles are active: dev
2017-07-12 00:15:20.459 INFO  [main] c.s.s.p.EmailSubjectProperties [EmailSubjectProperties.java : 23] - 开始读取配置文件
2017-07-12 00:15:28.417 INFO  [main] c.s.s.service.user.UserServiceTest [StartupInfoLogger.java : 57] - Started UserServiceTest in 19.523 seconds (JVM running for 20.912)
2017-07-12 00:15:28.526 INFO  [main] c.s.s.service.user.UserServiceTest [UserServiceTest.java : 38] - null
2017-07-12 00:16:03.534 INFO  [main] c.s.s.service.user.UserServiceTest [StartupInfoLogger.java : 48] - Starting UserServiceTest on LAPTOP-0E5JL9PN with PID 2312 (started by songx in D:\idea\SpringBootSkeleton\skeleton)
2017-07-12 00:16:03.537 INFO  [main] c.s.s.service.user.UserServiceTest [SpringApplication.java : 597] - The following profiles are active: dev
2017-07-12 00:16:12.110 INFO  [main] c.s.s.p.EmailSubjectProperties [EmailSubjectProperties.java : 23] - 开始读取配置文件
2017-07-12 00:16:12.112 INFO  [main] c.s.s.p.EmailSubjectProperties [EmailSubjectProperties.java : 27] - activation:null
2017-07-12 00:16:20.645 INFO  [main] c.s.s.service.user.UserServiceTest [StartupInfoLogger.java : 57] - Started UserServiceTest in 18.736 seconds (JVM running for 20.128)
2017-07-12 00:16:20.762 INFO  [main] c.s.s.service.user.UserServiceTest [UserServiceTest.java : 38] - null
2017-07-12 00:17:14.721 INFO  [main] c.s.s.service.user.UserServiceTest [StartupInfoLogger.java : 48] - Starting UserServiceTest on LAPTOP-0E5JL9PN with PID 5808 (started by songx in D:\idea\SpringBootSkeleton\skeleton)
2017-07-12 00:17:14.723 INFO  [main] c.s.s.service.user.UserServiceTest [SpringApplication.java : 597] - The following profiles are active: dev
2017-07-12 00:17:22.817 INFO  [main] c.s.s.p.EmailSubjectProperties [EmailSubjectProperties.java : 23] - 开始读取配置文件
2017-07-12 00:17:22.818 INFO  [main] c.s.s.p.EmailSubjectProperties [EmailSubjectProperties.java : 27] - activation:来自某网站的激活邮件
2017-07-12 00:17:31.206 INFO  [main] c.s.s.service.user.UserServiceTest [StartupInfoLogger.java : 57] - Started UserServiceTest in 18.104 seconds (JVM running for 19.517)
2017-07-12 00:17:31.334 INFO  [main] c.s.s.service.user.UserServiceTest [UserServiceTest.java : 38] - 来自某网站的激活邮件
2017-07-12 00:19:30.872 INFO  [main] c.s.s.service.user.UserServiceTest [StartupInfoLogger.java : 48] - Starting UserServiceTest on LAPTOP-0E5JL9PN with PID 6540 (started by songx in D:\idea\SpringBootSkeleton\skeleton)
2017-07-12 00:19:30.874 INFO  [main] c.s.s.service.user.UserServiceTest [SpringApplication.java : 597] - The following profiles are active: dev
2017-07-12 00:19:47.328 INFO  [main] c.s.s.service.user.UserServiceTest [StartupInfoLogger.java : 57] - Started UserServiceTest in 18.129 seconds (JVM running for 19.429)
2017-07-12 00:19:47.443 INFO  [main] c.s.s.service.user.UserServiceTest [UserServiceTest.java : 38] - 来自某网站的激活邮件
