2017-07-13 10:25:37.133 INFO  [main] c.s.s.service.user.UserServiceTest [StartupInfoLogger.java : 48] - Starting UserServiceTest on LAPTOP-0E5JL9PN with PID 9224 (started by songx in D:\idea\SpringBootSkeleton\skeleton)
2017-07-13 10:25:37.136 INFO  [main] c.s.s.service.user.UserServiceTest [SpringApplication.java : 597] - The following profiles are active: dev
2017-07-13 10:26:04.197 INFO  [main] c.s.s.service.user.UserServiceTest [StartupInfoLogger.java : 57] - Started UserServiceTest in 28.61 seconds (JVM running for 30.061)
2017-07-13 10:26:04.455 INFO  [main] c.s.skeleton.aop.LoggingAspect [LoggingAspect.java : 22] - The method [ UserDO cn.sinjinsong.skeleton.service.user.impl.UserServiceImpl.findByUsername(String) ] begins with Parameters: [admin]
2017-07-13 10:26:04.510 DEBUG [main] d.c.s.s.d.u.U.findByUsername [BaseJdbcLogger.java : 159] - ==>  Preparing: select id, username, password, nickname, real_name, sex, birthday, reg_time, email, phone, user_status,avatar from user where username = ? 
2017-07-13 10:26:04.756 DEBUG [main] d.c.s.s.d.u.U.findByUsername [BaseJdbcLogger.java : 159] - ==> Parameters: admin(String)
2017-07-13 10:26:04.789 DEBUG [main] d.c.s.s.d.u.R.findByUserId [BaseJdbcLogger.java : 159] - ====>  Preparing: select id, role_name from role where id in (select role from user_role where user = ?) 
2017-07-13 10:26:04.793 DEBUG [main] d.c.s.s.d.u.R.findByUserId [BaseJdbcLogger.java : 159] - ====> Parameters: 1(Long)
2017-07-13 10:26:04.800 DEBUG [main] d.c.s.s.d.u.R.findByUserId [BaseJdbcLogger.java : 159] - <====      Total: 2
2017-07-13 10:26:04.801 DEBUG [main] d.c.s.s.d.u.U.findByUsername [BaseJdbcLogger.java : 159] - <==      Total: 1
2017-07-13 10:26:04.802 INFO  [main] c.s.skeleton.aop.LoggingAspect [LoggingAspect.java : 27] - The method [ UserDO cn.sinjinsong.skeleton.service.user.impl.UserServiceImpl.findByUsername(String) ] ends with Result: UserDO(id=1, username=admin, password=$2a$10$TK1o7JAlSdGU.IYnXHx4yOFoLfAxKEAl9BSxKcbjD/wni.YvRZHnm, nickname=orange's cat, realName=sinjinsong, sex=M, birthday=1996-12-26, regTime=2017-04-27T19:35:29, email=songxinjianzx@163.com, phone=15062278865, roles=[RoleDO(id=1, roleName=role_admin), RoleDO(id=2, roleName=role_user)], userStatus=ACTIVATED, avatar=\WEB-INF\uploads\user\image\2017\5\4\1493868411078_cat.jpeg)
2017-07-13 10:26:04.831 INFO  [main] c.s.skeleton.aop.LoggingAspect [LoggingAspect.java : 22] - The method [ void cn.sinjinsong.skeleton.service.user.impl.UserServiceImpl.update(UserDO) ] begins with Parameters: [UserDO(id=1, username=admin, password=$2a$10$TK1o7JAlSdGU.IYnXHx4yOFoLfAxKEAl9BSxKcbjD/wni.YvRZHnm, nickname=哒哒哒, realName=sinjinsong, sex=M, birthday=1996-12-26, regTime=2017-04-27T19:35:29, email=songxinjianzx@163.com, phone=15062278865, roles=[RoleDO(id=1, roleName=role_admin), RoleDO(id=2, roleName=role_user)], userStatus=ACTIVATED, avatar=\WEB-INF\uploads\user\image\2017\5\4\1493868411078_cat.jpeg)]
2017-07-13 10:26:04.871 DEBUG [main] d.c.s.s.d.u.U.updateByPrimaryKeySelective [BaseJdbcLogger.java : 159] - ==>  Preparing: update user SET username = ?, password = ?, nickname = ?, real_name = ?, sex = ?, birthday = ?, reg_time = ?, email = ?, phone = ?, user_status = ?, avatar = ? where id = ? 
2017-07-13 10:26:04.878 DEBUG [main] d.c.s.s.d.u.U.updateByPrimaryKeySelective [BaseJdbcLogger.java : 159] - ==> Parameters: admin(String), $2a$10$TK1o7JAlSdGU.IYnXHx4yOFoLfAxKEAl9BSxKcbjD/wni.YvRZHnm(String), 哒哒哒(String), sinjinsong(String), M(String), 1996-12-26(Date), 2017-04-27 19:35:29.0(Timestamp), songxinjianzx@163.com(String), 15062278865(String), 1(Integer), \WEB-INF\uploads\user\image\2017\5\4\1493868411078_cat.jpeg(String), 1(Long)
2017-07-13 10:26:04.882 DEBUG [main] d.c.s.s.d.u.U.updateByPrimaryKeySelective [BaseJdbcLogger.java : 159] - <==    Updates: 1
2017-07-13 10:26:04.883 ERROR [main] c.s.skeleton.aop.LoggingAspect [LoggingAspect.java : 32] - Error happened in method: [ void cn.sinjinsong.skeleton.service.user.impl.UserServiceImpl.update(UserDO) ]
2017-07-13 10:26:04.884 ERROR [main] c.s.skeleton.aop.LoggingAspect [LoggingAspect.java : 33] - Parameters: [UserDO(id=1, username=admin, password=$2a$10$TK1o7JAlSdGU.IYnXHx4yOFoLfAxKEAl9BSxKcbjD/wni.YvRZHnm, nickname=哒哒哒, realName=sinjinsong, sex=M, birthday=1996-12-26, regTime=2017-04-27T19:35:29, email=songxinjianzx@163.com, phone=15062278865, roles=[RoleDO(id=1, roleName=role_admin), RoleDO(id=2, roleName=role_user)], userStatus=ACTIVATED, avatar=\WEB-INF\uploads\user\image\2017\5\4\1493868411078_cat.jpeg)]
2017-07-13 10:26:04.884 ERROR [main] c.s.skeleton.aop.LoggingAspect [LoggingAspect.java : 34] - Exception StackTrace: {}
java.lang.RuntimeException: 测试
	at cn.sinjinsong.skeleton.service.user.impl.UserServiceImpl.update(UserServiceImpl.java:70)
	at cn.sinjinsong.skeleton.service.user.impl.UserServiceImpl$$FastClassBySpringCGLIB$$28ae2dc4.invoke(<generated>)
	at org.springframework.cglib.proxy.MethodProxy.invoke(MethodProxy.java:204)
	at org.springframework.aop.framework.CglibAopProxy$CglibMethodInvocation.invokeJoinpoint(CglibAopProxy.java:738)
	at org.springframework.aop.framework.ReflectiveMethodInvocation.proceed(ReflectiveMethodInvocation.java:157)
	at org.springframework.aop.framework.adapter.MethodBeforeAdviceInterceptor.invoke(MethodBeforeAdviceInterceptor.java:52)
	at org.springframework.aop.framework.ReflectiveMethodInvocation.proceed(ReflectiveMethodInvocation.java:168)
	at org.springframework.aop.framework.adapter.AfterReturningAdviceInterceptor.invoke(AfterReturningAdviceInterceptor.java:52)
	at org.springframework.aop.framework.ReflectiveMethodInvocation.proceed(ReflectiveMethodInvocation.java:168)
	at org.springframework.aop.aspectj.AspectJAfterThrowingAdvice.invoke(AspectJAfterThrowingAdvice.java:62)
	at org.springframework.aop.framework.ReflectiveMethodInvocation.proceed(ReflectiveMethodInvocation.java:168)
	at org.springframework.cache.interceptor.CacheInterceptor$1.invoke(CacheInterceptor.java:52)
	at org.springframework.cache.interceptor.CacheAspectSupport.invokeOperation(CacheAspectSupport.java:345)
	at org.springframework.cache.interceptor.CacheAspectSupport.execute(CacheAspectSupport.java:408)
	at org.springframework.cache.interceptor.CacheAspectSupport.execute(CacheAspectSupport.java:327)
	at org.springframework.cache.interceptor.CacheInterceptor.invoke(CacheInterceptor.java:61)
	at org.springframework.aop.framework.ReflectiveMethodInvocation.proceed(ReflectiveMethodInvocation.java:179)
	at org.springframework.transaction.interceptor.TransactionInterceptor$1.proceedWithInvocation(TransactionInterceptor.java:99)
	at org.springframework.transaction.interceptor.TransactionAspectSupport.invokeWithinTransaction(TransactionAspectSupport.java:282)
	at org.springframework.transaction.interceptor.TransactionInterceptor.invoke(TransactionInterceptor.java:96)
	at org.springframework.aop.framework.ReflectiveMethodInvocation.proceed(ReflectiveMethodInvocation.java:179)
	at org.springframework.aop.interceptor.ExposeInvocationInterceptor.invoke(ExposeInvocationInterceptor.java:92)
	at org.springframework.aop.framework.ReflectiveMethodInvocation.proceed(ReflectiveMethodInvocation.java:179)
	at org.springframework.aop.framework.CglibAopProxy$DynamicAdvisedInterceptor.intercept(CglibAopProxy.java:673)
	at cn.sinjinsong.skeleton.service.user.impl.UserServiceImpl$$EnhancerBySpringCGLIB$$7408cb30.update(<generated>)
	at cn.sinjinsong.skeleton.service.user.UserServiceTest.findByUsername(UserServiceTest.java:37)
	at sun.reflect.NativeMethodAccessorImpl.invoke0(Native Method)
	at sun.reflect.NativeMethodAccessorImpl.invoke(NativeMethodAccessorImpl.java:62)
	at sun.reflect.DelegatingMethodAccessorImpl.invoke(DelegatingMethodAccessorImpl.java:43)
	at java.lang.reflect.Method.invoke(Method.java:498)
	at org.junit.runners.model.FrameworkMethod$1.runReflectiveCall(FrameworkMethod.java:50)
	at org.junit.internal.runners.model.ReflectiveCallable.run(ReflectiveCallable.java:12)
	at org.junit.runners.model.FrameworkMethod.invokeExplosively(FrameworkMethod.java:47)
	at org.junit.internal.runners.statements.InvokeMethod.evaluate(InvokeMethod.java:17)
	at org.springframework.test.context.junit4.statements.RunBeforeTestMethodCallbacks.evaluate(RunBeforeTestMethodCallbacks.java:75)
	at org.springframework.test.context.junit4.statements.RunAfterTestMethodCallbacks.evaluate(RunAfterTestMethodCallbacks.java:86)
	at org.springframework.test.context.junit4.statements.SpringRepeat.evaluate(SpringRepeat.java:84)
	at org.junit.runners.ParentRunner.runLeaf(ParentRunner.java:325)
	at org.springframework.test.context.junit4.SpringJUnit4ClassRunner.runChild(SpringJUnit4ClassRunner.java:252)
	at org.springframework.test.context.junit4.SpringJUnit4ClassRunner.runChild(SpringJUnit4ClassRunner.java:94)
	at org.junit.runners.ParentRunner$3.run(ParentRunner.java:290)
	at org.junit.runners.ParentRunner$1.schedule(ParentRunner.java:71)
	at org.junit.runners.ParentRunner.runChildren(ParentRunner.java:288)
	at org.junit.runners.ParentRunner.access$000(ParentRunner.java:58)
	at org.junit.runners.ParentRunner$2.evaluate(ParentRunner.java:268)
	at org.springframework.test.context.junit4.statements.RunBeforeTestClassCallbacks.evaluate(RunBeforeTestClassCallbacks.java:61)
	at org.springframework.test.context.junit4.statements.RunAfterTestClassCallbacks.evaluate(RunAfterTestClassCallbacks.java:70)
	at org.junit.runners.ParentRunner.run(ParentRunner.java:363)
	at org.springframework.test.context.junit4.SpringJUnit4ClassRunner.run(SpringJUnit4ClassRunner.java:191)
	at org.junit.runner.JUnitCore.run(JUnitCore.java:137)
	at com.intellij.junit4.JUnit4IdeaTestRunner.startRunnerWithArgs(JUnit4IdeaTestRunner.java:68)
	at com.intellij.rt.execution.junit.IdeaTestRunner$Repeater.startRunnerWithArgs(IdeaTestRunner.java:51)
	at com.intellij.rt.execution.junit.JUnitStarter.prepareStreamsAndStart(JUnitStarter.java:242)
	at com.intellij.rt.execution.junit.JUnitStarter.main(JUnitStarter.java:70)
2017-07-13 11:25:58.728 INFO  [main] c.s.s.service.user.UserServiceTest [StartupInfoLogger.java : 48] - Starting UserServiceTest on LAPTOP-0E5JL9PN with PID 8244 (started by songx in D:\idea\SpringBootSkeleton\skeleton)
2017-07-13 11:25:58.744 INFO  [main] c.s.s.service.user.UserServiceTest [SpringApplication.java : 597] - The following profiles are active: dev
2017-07-13 11:26:24.100 INFO  [main] c.s.s.service.user.UserServiceTest [StartupInfoLogger.java : 57] - Started UserServiceTest in 26.834 seconds (JVM running for 28.026)
2017-07-13 11:26:24.335 INFO  [main] c.s.skeleton.aop.LoggingAspect [LoggingAspect.java : 22] - The method [ UserDO cn.sinjinsong.skeleton.service.user.impl.UserServiceImpl.findByUsername(String) ] begins with Parameters: [admin]
2017-07-13 11:26:24.382 DEBUG [main] d.c.s.s.d.u.U.findByUsername [BaseJdbcLogger.java : 159] - ==>  Preparing: select id, username, password, nickname, real_name, sex, birthday, reg_time, email, phone, user_status,avatar from user where username = ? 
2017-07-13 11:26:24.596 DEBUG [main] d.c.s.s.d.u.U.findByUsername [BaseJdbcLogger.java : 159] - ==> Parameters: admin(String)
2017-07-13 11:26:24.634 DEBUG [main] d.c.s.s.d.u.R.findByUserId [BaseJdbcLogger.java : 159] - ====>  Preparing: select id, role_name from role where id in (select role from user_role where user = ?) 
2017-07-13 11:26:24.638 DEBUG [main] d.c.s.s.d.u.R.findByUserId [BaseJdbcLogger.java : 159] - ====> Parameters: 1(Long)
2017-07-13 11:26:24.641 DEBUG [main] d.c.s.s.d.u.R.findByUserId [BaseJdbcLogger.java : 159] - <====      Total: 2
2017-07-13 11:26:24.642 DEBUG [main] d.c.s.s.d.u.U.findByUsername [BaseJdbcLogger.java : 159] - <==      Total: 1
2017-07-13 11:26:24.643 INFO  [main] c.s.skeleton.aop.LoggingAspect [LoggingAspect.java : 27] - The method [ UserDO cn.sinjinsong.skeleton.service.user.impl.UserServiceImpl.findByUsername(String) ] ends with Result: UserDO(id=1, username=admin, password=$2a$10$TK1o7JAlSdGU.IYnXHx4yOFoLfAxKEAl9BSxKcbjD/wni.YvRZHnm, nickname=orange's cat, realName=sinjinsong, sex=M, birthday=1996-12-26, regTime=2017-04-27T19:35:29, email=songxinjianzx@163.com, phone=15062278865, roles=[RoleDO(id=1, roleName=role_admin), RoleDO(id=2, roleName=role_user)], userStatus=ACTIVATED, avatar=\WEB-INF\uploads\user\image\2017\5\4\1493868411078_cat.jpeg)
2017-07-13 11:26:24.666 INFO  [main] c.s.skeleton.aop.LoggingAspect [LoggingAspect.java : 22] - The method [ void cn.sinjinsong.skeleton.service.user.impl.UserServiceImpl.update(UserDO) ] begins with Parameters: [UserDO(id=1, username=admin, password=$2a$10$TK1o7JAlSdGU.IYnXHx4yOFoLfAxKEAl9BSxKcbjD/wni.YvRZHnm, nickname=哒哒哒, realName=sinjinsong, sex=M, birthday=1996-12-26, regTime=2017-04-27T19:35:29, email=songxinjianzx@163.com, phone=15062278865, roles=[RoleDO(id=1, roleName=role_admin), RoleDO(id=2, roleName=role_user)], userStatus=ACTIVATED, avatar=\WEB-INF\uploads\user\image\2017\5\4\1493868411078_cat.jpeg)]
2017-07-13 11:26:24.712 DEBUG [main] d.c.s.s.d.u.U.updateByPrimaryKeySelective [BaseJdbcLogger.java : 159] - ==>  Preparing: update user SET username = ?, password = ?, nickname = ?, real_name = ?, sex = ?, birthday = ?, reg_time = ?, email = ?, phone = ?, user_status = ?, avatar = ? where id = ? 
2017-07-13 11:26:24.723 DEBUG [main] d.c.s.s.d.u.U.updateByPrimaryKeySelective [BaseJdbcLogger.java : 159] - ==> Parameters: admin(String), $2a$10$TK1o7JAlSdGU.IYnXHx4yOFoLfAxKEAl9BSxKcbjD/wni.YvRZHnm(String), 哒哒哒(String), sinjinsong(String), M(String), 1996-12-26(Date), 2017-04-27 19:35:29.0(Timestamp), songxinjianzx@163.com(String), 15062278865(String), 1(Integer), \WEB-INF\uploads\user\image\2017\5\4\1493868411078_cat.jpeg(String), 1(Long)
2017-07-13 11:26:24.742 DEBUG [main] d.c.s.s.d.u.U.updateByPrimaryKeySelective [BaseJdbcLogger.java : 159] - <==    Updates: 1
2017-07-13 11:26:24.743 ERROR [main] c.s.skeleton.aop.LoggingAspect [LoggingAspect.java : 32] - Error happened in method: [ void cn.sinjinsong.skeleton.service.user.impl.UserServiceImpl.update(UserDO) ]
2017-07-13 11:26:24.744 ERROR [main] c.s.skeleton.aop.LoggingAspect [LoggingAspect.java : 33] - Parameters: [UserDO(id=1, username=admin, password=$2a$10$TK1o7JAlSdGU.IYnXHx4yOFoLfAxKEAl9BSxKcbjD/wni.YvRZHnm, nickname=哒哒哒, realName=sinjinsong, sex=M, birthday=1996-12-26, regTime=2017-04-27T19:35:29, email=songxinjianzx@163.com, phone=15062278865, roles=[RoleDO(id=1, roleName=role_admin), RoleDO(id=2, roleName=role_user)], userStatus=ACTIVATED, avatar=\WEB-INF\uploads\user\image\2017\5\4\1493868411078_cat.jpeg)]
2017-07-13 11:26:24.744 ERROR [main] c.s.skeleton.aop.LoggingAspect [LoggingAspect.java : 34] - Exception StackTrace: {}
java.lang.RuntimeException: 测试
	at cn.sinjinsong.skeleton.service.user.impl.UserServiceImpl.update(UserServiceImpl.java:70)
	at cn.sinjinsong.skeleton.service.user.impl.UserServiceImpl$$FastClassBySpringCGLIB$$28ae2dc4.invoke(<generated>)
	at org.springframework.cglib.proxy.MethodProxy.invoke(MethodProxy.java:204)
	at org.springframework.aop.framework.CglibAopProxy$CglibMethodInvocation.invokeJoinpoint(CglibAopProxy.java:738)
	at org.springframework.aop.framework.ReflectiveMethodInvocation.proceed(ReflectiveMethodInvocation.java:157)
	at org.springframework.aop.framework.adapter.MethodBeforeAdviceInterceptor.invoke(MethodBeforeAdviceInterceptor.java:52)
	at org.springframework.aop.framework.ReflectiveMethodInvocation.proceed(ReflectiveMethodInvocation.java:168)
	at org.springframework.aop.framework.adapter.AfterReturningAdviceInterceptor.invoke(AfterReturningAdviceInterceptor.java:52)
	at org.springframework.aop.framework.ReflectiveMethodInvocation.proceed(ReflectiveMethodInvocation.java:168)
	at org.springframework.aop.aspectj.AspectJAfterThrowingAdvice.invoke(AspectJAfterThrowingAdvice.java:62)
	at org.springframework.aop.framework.ReflectiveMethodInvocation.proceed(ReflectiveMethodInvocation.java:168)
	at org.springframework.transaction.interceptor.TransactionInterceptor$1.proceedWithInvocation(TransactionInterceptor.java:99)
	at org.springframework.transaction.interceptor.TransactionAspectSupport.invokeWithinTransaction(TransactionAspectSupport.java:282)
	at org.springframework.transaction.interceptor.TransactionInterceptor.invoke(TransactionInterceptor.java:96)
	at org.springframework.aop.framework.ReflectiveMethodInvocation.proceed(ReflectiveMethodInvocation.java:179)
	at org.springframework.cache.interceptor.CacheInterceptor$1.invoke(CacheInterceptor.java:52)
	at org.springframework.cache.interceptor.CacheAspectSupport.invokeOperation(CacheAspectSupport.java:345)
	at org.springframework.cache.interceptor.CacheAspectSupport.execute(CacheAspectSupport.java:408)
	at org.springframework.cache.interceptor.CacheAspectSupport.execute(CacheAspectSupport.java:327)
	at org.springframework.cache.interceptor.CacheInterceptor.invoke(CacheInterceptor.java:61)
	at org.springframework.aop.framework.ReflectiveMethodInvocation.proceed(ReflectiveMethodInvocation.java:179)
	at org.springframework.aop.interceptor.ExposeInvocationInterceptor.invoke(ExposeInvocationInterceptor.java:92)
	at org.springframework.aop.framework.ReflectiveMethodInvocation.proceed(ReflectiveMethodInvocation.java:179)
	at org.springframework.aop.framework.CglibAopProxy$DynamicAdvisedInterceptor.intercept(CglibAopProxy.java:673)
	at cn.sinjinsong.skeleton.service.user.impl.UserServiceImpl$$EnhancerBySpringCGLIB$$996c22ea.update(<generated>)
	at cn.sinjinsong.skeleton.service.user.UserServiceTest.findByUsername(UserServiceTest.java:37)
	at sun.reflect.NativeMethodAccessorImpl.invoke0(Native Method)
	at sun.reflect.NativeMethodAccessorImpl.invoke(NativeMethodAccessorImpl.java:62)
	at sun.reflect.DelegatingMethodAccessorImpl.invoke(DelegatingMethodAccessorImpl.java:43)
	at java.lang.reflect.Method.invoke(Method.java:498)
	at org.junit.runners.model.FrameworkMethod$1.runReflectiveCall(FrameworkMethod.java:50)
	at org.junit.internal.runners.model.ReflectiveCallable.run(ReflectiveCallable.java:12)
	at org.junit.runners.model.FrameworkMethod.invokeExplosively(FrameworkMethod.java:47)
	at org.junit.internal.runners.statements.InvokeMethod.evaluate(InvokeMethod.java:17)
	at org.springframework.test.context.junit4.statements.RunBeforeTestMethodCallbacks.evaluate(RunBeforeTestMethodCallbacks.java:75)
	at org.springframework.test.context.junit4.statements.RunAfterTestMethodCallbacks.evaluate(RunAfterTestMethodCallbacks.java:86)
	at org.springframework.test.context.junit4.statements.SpringRepeat.evaluate(SpringRepeat.java:84)
	at org.junit.runners.ParentRunner.runLeaf(ParentRunner.java:325)
	at org.springframework.test.context.junit4.SpringJUnit4ClassRunner.runChild(SpringJUnit4ClassRunner.java:252)
	at org.springframework.test.context.junit4.SpringJUnit4ClassRunner.runChild(SpringJUnit4ClassRunner.java:94)
	at org.junit.runners.ParentRunner$3.run(ParentRunner.java:290)
	at org.junit.runners.ParentRunner$1.schedule(ParentRunner.java:71)
	at org.junit.runners.ParentRunner.runChildren(ParentRunner.java:288)
	at org.junit.runners.ParentRunner.access$000(ParentRunner.java:58)
	at org.junit.runners.ParentRunner$2.evaluate(ParentRunner.java:268)
	at org.springframework.test.context.junit4.statements.RunBeforeTestClassCallbacks.evaluate(RunBeforeTestClassCallbacks.java:61)
	at org.springframework.test.context.junit4.statements.RunAfterTestClassCallbacks.evaluate(RunAfterTestClassCallbacks.java:70)
	at org.junit.runners.ParentRunner.run(ParentRunner.java:363)
	at org.springframework.test.context.junit4.SpringJUnit4ClassRunner.run(SpringJUnit4ClassRunner.java:191)
	at org.junit.runner.JUnitCore.run(JUnitCore.java:137)
	at com.intellij.junit4.JUnit4IdeaTestRunner.startRunnerWithArgs(JUnit4IdeaTestRunner.java:68)
	at com.intellij.rt.execution.junit.IdeaTestRunner$Repeater.startRunnerWithArgs(IdeaTestRunner.java:51)
	at com.intellij.rt.execution.junit.JUnitStarter.prepareStreamsAndStart(JUnitStarter.java:242)
	at com.intellij.rt.execution.junit.JUnitStarter.main(JUnitStarter.java:70)
